# Start logging at 2024-01-01 11:36:43 Central Europe Standard Time
[11:36:43] disconnected
[11:36:43] Monday, January 1, 2024
[11:36:45] joined channel
[11:38:33] danielos_01: GoodMorning
[11:39:49] potooncz: @danielos_01 SoCute
[11:40:09] danielos_01: @Potooncz  yo
[11:44:14] senkys57: @danielos_01 @1fallout1 SoCute
[11:44:50] 1fallout1: @Senkys57 SoCute
[11:44:51] danielos_01: @Senkys57  yo
[12:05:38] petko_z_sutru: Šťastný nový rok chat, bude dnes stream?
[12:06:28] senkys57: bude
[12:06:36] senkys57: pokud se neotrávil alkoholem peepoGiggles
[12:09:33] petko_z_sutru: to je ta jedna sklenička za rok peepoGiggles
[12:16:17] puppyboi_980: peepoGiggles
[12:18:45] jmenujisedenis: 12:18 DinkDonk
[12:18:50] jmenujisedenis: stream pls
[12:23:11] drumster: Dneska bude promítání Vejšky, říkal.
[12:23:24] lumen5120: aha
[12:23:58] lumen5120: Sadding
[12:24:02] lumen5120: :/
[12:29:00] jmenujisedenis: @drumster Černý humor?
[12:35:05] lathilius: Waiting
[12:37:59] petko_z_sutru: Waiting
[12:52:10] jmenujisedenis: Waiting
[12:52:23] lumen5120: catWait
[12:54:54] senkys57: podle mě bude nejdýl ve 4 xdd
[12:54:55] jouda01 subscribed at Tier 1.
[12:55:34] hanzilka: PoPivu
[12:55:55] lumen5120: PoPivu
[12:56:40] pepaonyx: PoPivu
[13:04:36] drumster: @drumster Včera promítal Gympl, dneska pokračování.
[13:05:26] senkys57: PoPivu
[13:08:41] strycek_klicek: PoPivu
[13:10:06] potooncz: PoPivu
[13:10:16] potooncz: @pepaonyx yo
[13:10:21] pepaonyx: @Potooncz, yo
[13:10:22] potooncz: @Strycek_Klicek yo
[13:10:33] pepaonyx: @Strycek_Klicek, agrLove
[13:11:23] strycek_klicek: Potooncz, yo
[13:11:27] strycek_klicek: pepaonyx, agrLove
[13:13:10] senkys57: @Strycek_Klicek SoCute
[13:13:18] strycek_klicek: Senkys57, SoCute
[13:13:59] lumen5120: @Strycek_Klicek, @pepaonyx buh
[13:14:07] strycek_klicek: Lumen5120, buh
[13:16:23] pepaonyx: @Lumen5120, buh
[13:22:22] lazkaaa: !title
[13:22:22] streamelements: PROMÍTÁNÍ GYMPL !prava ~ ŠTASTNÝ NOVÝ ROK 2024 ~ DON'T BE SORRY, BE BETTER
[13:34:02] senkys57: už tu nebude kotikDance widepeepoSad
[13:34:12] lumen5120: Sadding
[13:45:50] strycek_klicek: classic
[13:46:13] lathilius: F Kotik Sadge
[13:46:27] lathilius: @Strycek_Klicek peepoHey
[13:46:31] alberto37040 subscribed at Tier 1.
[13:46:43] strycek_klicek: Lathilius, peepoHey
[13:52:06] senor_stolcino: !title
[13:52:07] streamelements: PROMÍTÁNÍ GYMPL !prava ~ ŠTASTNÝ NOVÝ ROK 2024 ~ DON'T BE SORRY, BE BETTER
[14:03:34] therealdaily27 subscribed at Tier 1.
[14:05:42] knedla: chaaaaat peepoAwesome
[14:11:08] senkys57: @Knedla knedlaaaaaa peepoAwesome
[14:16:47] lumen5120: @Knedla, peepoAwesome
[14:19:26] knedla: @Senkys57 @Lumen5120 peepoAwesome SoCute
[14:22:43] filiposs14 subscribed at Tier 1.
[14:28:00] コティクスクスアス kotixxus: @senkys57 kotixxDance
[14:28:14] lumen5120: kotikDance
[14:28:17] lumen5120: PoroSad
[14:28:23] tentomodsjefajn: pepeLaugh
[14:30:29] knedla: Binocuhungumungus
[14:36:05] senkys57: PoroSad
[14:39:41] veverakcz: peepoSit
[14:39:59] lumen5120: peepoSit
[14:40:17] knedla: peepoSit
[14:42:07] pepaonyx: peepoSit
[14:43:54] knedla: @pepaonyx pepoo HYPERYump
[14:44:04] pepaonyx: HYPERYump Knedla
[14:44:36] veverakcz: @pepaonyx MLEM
[14:44:46] pepaonyx: MLEM veverakCZ
[14:48:47] knedla: @veverakCZ LICKA
[14:49:21] veverakcz: @Knedla LICKA
[14:50:40] senkys57: peepoSitGamer
[14:51:57] knedla: v kolik rikal ze to zapne?
[14:52:05] lumen5120: Shruge
[14:52:19] lumen5120: asi ve 4
[14:57:34] knajtor: wosap čede sem tu asi brzo xd
[14:57:56] senkys57: Chatting wosap čede
[14:58:26] lumen5120: Chatting xd
[15:15:28] prod_cyrex subscribed at Tier 1.
[15:29:37] lathilius: Vosa chate Chatting
[15:37:57] desivils: !title
[15:37:57] streamelements: PROMÍTÁNÍ GYMPL !prava ~ ŠTASTNÝ NOVÝ ROK 2024 ~ DON'T BE SORRY, BE BETTER
[15:42:19] m5scomek: GoodMorning
[15:43:46] pepaonyx: HYPERYump M5Scomek
[15:44:25] veverakcz: @M5Scomek PoPivu jak bylo? xdd
[15:45:08] m5scomek: @pepaonyx HYPERYump
[15:45:41] senkys57: @M5Scomek SoCute
[15:45:54] m5scomek: @veverakCZ ve 3 ráno mě borci uložili do nějakyho random pokoje a dali mi kybl k posteli, tak asi cajk xdd PoPivu
[15:46:12] m5scomek: pak jsem se vzbudil v 8 a někteři ještě kalili
[15:46:21] veverakcz: lol
[15:50:34] m5scomek: @veverakCZ co ty
[15:52:47] lumen5120: @M5Scomek, SoCute
[15:53:34] veverakcz: @M5Scomek já byl s ostatními na DC a odpočíval pepeLaugh
[15:53:49] pepaonyx: pepeLaugh
[15:54:17] veverakcz: všichni hráli lego, já ho skládal irl xdd
[15:54:25] m5scomek: aha xdd
[15:54:44] usernamenotavailablee: Zdarec
[15:54:49] usernamenotavailablee: tak co parmeni jak jste prezili rok xdd
[15:55:20] m5scomek: ani nemám kocovinu, tak asi cajk xdd
[15:55:40] usernamenotavailablee: ja taky ne nikdy moc nechlastam, ale krk me boli mam ho vyrvanej kurva
[15:58:20] hanyia_: ahoj, bude zaznam ze vcerejska free? protoze čeky rikal ze bude a není
[15:58:35] veverakcz: musí to manuálně zapínat
[15:59:41] hanyia_: aha takže to jeste zmeni? protoze jsem na polovine filmu nebyla a mrzi me, ze si to nemuzu pustit
[16:00:07] veverakcz: Latege
[16:00:14] lumen5120: catWait
[16:01:02] veverakcz: Latege  󠀀
[16:01:48] omegalullolxdd: Gde stream? MONKEE
[16:01:52] lumen5120: MONKEE
[16:02:06] veverakcz: MONKEE
[16:02:06] omegalullolxdd: @Lumen5120 MONKEE /
[16:02:12] veverakcz: @OMEGALULLOLXDD MONKEE P
[16:02:12] senkys57: MONKEE
[16:02:12] lumen5120: @OMEGALULLOLXDD, MONKEE /
[16:02:18] omegalullolxdd: @veverakCZ MONKEE  /
[16:02:24] omegalullolxdd: @Senkys57 MONKEE /
[16:02:33] YernowTheGrey subscribed at Tier 1.
[16:02:39] veverakcz: Pog
[16:02:40] streamelements: 9x MONKEE combo
[16:02:45] veverakcz: Cinkacka
[16:03:11] senkys57: @OMEGALULLOLXDD MONKEE /
[16:03:25] omegalullolxdd: NOTOK proč se to zase jmenuje "NOTOK" Když to modici už opravovali na "neok" NotLikeThis
[16:03:47] veverakcz: se znovu přidávaly emouty
[16:03:58] Sherin5: Sherin5 renamed 7TV emote NOTOK to neok.
[16:04:05] omegalullolxdd: PETTHESHERIN
[16:04:05] biggboss12345: Čus,kde je čeky?
[16:04:11] veverakcz: @sherin5 SoCute
[16:04:17] omegalullolxdd: @biggboss12345 na zachode mam insideinfo peepoPooPoo
[16:04:23] sherin5: @veverakCZ SoCute
[16:04:29] omegalullolxdd: @Sherin5 yo
[16:04:33] lumen5120: @Sherin5, přidáš Sadding jahodak to včera omylem smazal Plead
[16:04:42] sherin5: @OMEGALULLOLXDD SoCute
[16:04:49] veverakcz: Plead @Lumen5120
[16:04:51] lumen5120: @Sherin5, a jinak ahoj peepoCute
[16:05:04] senkys57: Binoculous @Sherin5 SoCute
[16:05:09] usernamenotavailablee: Lumen5120 veverakCZ Plead Plead
[16:05:18] veverakcz: @usernamenotavailablee Plead
[16:05:32] trichee68: nnysMLADY
[16:05:32] biggboss12345: Nech už vyleze, čas na Vejšku
[16:05:49] omegalullolxdd: @biggboss12345 ta bude až večer po reakcích
[16:05:49] veverakcz: @Biggboss12345 bude v 8
[16:05:59] sherin5: @Lumen5120 SoCute kouknu na to
[16:06:04] sherin5: @Senkys57 SoCute
[16:06:04] lumen5120: peepoAwesome
[16:06:26] biggboss12345: @veverakcz to jak že až v 8? To prečo?
[16:07:00] omegalullolxdd: @Sherin5 a mám další otázku proč zase Wokege emote má ten blbej vzhled však to se taky opravovalo
[16:07:16] omegalullolxdd: Má mít vzhled jako Bedge
[16:07:22] patrik_2003 subscribed at Tier 1.
[16:07:25] lumen5120: zaludBedge
[16:08:20] omegalullolxdd: @CzechCloud DOYOUFEELTHEWEIGHTOFYOURSINSDOESITHURTDOESGODSJUDGEMENTFILLYOUWITHGUILTTORMENTTHEYRECOMINGTHEYRECOMI MadgeLate
[16:08:29] sherin5: @OMEGALULLOLXDD koukám že dost emotů je chybných LULW to bude na dlouho
[16:08:38] omegalullolxdd: @Sherin5 jn
[16:09:16] trichee68: skoda ze byl jeden jisty moderator vyhozen
[16:09:17] omegalullolxdd: @Sherin5 ale možná je zkus úplně odstranit a přidat znova ty správné než je jakoby jen změnit jestli mě chápeš ok
[16:09:19] trichee68: zaludTF
[16:09:26] lumen5120: zaludTF
[16:09:28] petko_z_sutru: catWait
[16:09:30] trichee68: cau lumene
[16:09:33] trichee68: :p
[16:09:34] omegalullolxdd: @trichee68 yo cau neee peepoHey
[16:09:37] lumen5120: @trichee68, ahoj :p
[16:09:48] trichee68: OMEGALULLOLXDD cua
[16:11:04] veverakcz: @trichee68 Plead
[16:11:13] trichee68: veverakCZ Plead ahoj
[16:12:05] omegalullolxdd: @trichee68 ty máš na profilovce cute kocičku peepoCute
[16:12:07] omegalullolxdd: ChipiChapa
[16:12:22] lumen5120: peepoCute
[16:12:49] trichee68: OMEGALULLOLXDD https://7tv.app/emotes/64e0e05990a3f0b4a8b8acff
[16:13:08] usernamenotavailablee: hiii
[16:13:32] omegalullolxdd: @trichee68 MODS to musíte přidat peepoCute
[16:17:23] j4kub88: !title
[16:17:24] streamelements: NENÍ MI ŠPATNĚ ~ CCA 20:00 PROMÍTÁNÍ VEJŠKY !prava ~ ŠTASTNÝ NOVÝ ROK 2024 ~ DON'T BE SORRY, BE BETTER
[16:31:27] omegalullolxdd: Klóde kde je stream MadgeLate Waiting
[16:32:38] bigbrain_99: !prava
[16:32:38] streamelements: Souhlas s promítáním filmu mám od producenta a držitele práv.
[16:33:16] rimley: MyHonestReaction
[16:33:42] lathilius: Můžou být prosím nemocní všichni které sleduje ? Už chybí jenom .... Hmm unlucky for me
[16:33:55] lathilius: sleduju>
[16:33:57] lathilius: *
[16:34:55] trichee68: 🧇
[16:35:36] veverakcz: PagBounce
[16:35:41] CzechCloud is live!
[16:35:42] streamelements: CzechCloud is now live! Streaming Just Chatting: NENÍ MI ŠPATNĚ ~ CCA 20:00 PROMÍTÁNÍ VEJŠKY !prava ~ ŠTASTNÝ NOVÝ ROK 2024 ~ DON'T BE SORRY, BE BETTER
[16:35:52] raadc: zaludHey
[16:36:09] czechknight001: zaludL
[16:36:11] merweek: zaludHey zaludHey zaludHey
[16:36:15] moonly65: huh
[16:36:20] sherin5: @raadc pepeL
[16:36:38] peceny_rohlicek: No sláva HeyGuys
[16:37:03] minecresk: !prava
[16:37:03] streamelements: Souhlas s promítáním filmu mám od producenta a držitele práv.
[16:37:18] banan30113: trichee68 peepoHappier
[16:37:25] trichee68: banan30113 cau i tady xdd
[16:37:34] biggboss12345: Kedy už dojde ten plešinger?
[16:37:41] senkys57: Dance
[16:37:42] senkys57: Dance 󠀀
[16:37:51] banan30113: trichee68 vidim ze 20:00 vejska tak tu hned nabehnu xdd
[16:38:05] djhonzaczech580: zdravím
[16:38:05] trichee68: banan30113 xd
[16:38:10] biggboss12345: !title
[16:38:10] streamelements: NENÍ MI ŠPATNĚ ~ CCA 20:00 PROMÍTÁNÍ VEJŠKY !prava ~ ŠTASTNÝ NOVÝ ROK 2024 ~ DON'T BE SORRY, BE BETTER
[16:38:13] banan30113: trichee68 no nic zatim se mej já tu sem přijdu až na 20:00
[16:38:19] trichee68: banan30113 c
[16:38:22] banan30113: trichee68 cc
[16:38:29] fantousek: !prava
[16:38:29] streamelements: Souhlas s promítáním filmu mám od producenta a držitele práv.
[16:38:34] 1fallout1: zaludDisco
[16:38:45] djhonzaczech580: pohodovy vecer
[16:38:49] filippta18: Ahoj Čeky, Chat!
[16:38:57] hraje_lucky: CAU
[16:39:18] poneetgfd: Co on furt promita tpc kinař
[16:39:21] teklon: hi @chat zaludHey
[16:39:34] poneetgfd: Z čekyho je kinař
[16:39:36] antro3_: zaludHey
[16:39:38] paralizzard: !prava
[16:39:39] streamelements: Souhlas s promítáním filmu mám od producenta a držitele práv.
[16:39:51] poneetgfd: Žalud jeden plesnivej
[16:39:59] whitebepix: AlienPls AlienPls AlienPls AlienPls AlienPls AlienPls AlienPls AlienPls
[16:40:02] Teklon is gifting 10 Tier 1 Subs to CzechCloud's community! They've gifted a total of 45 in the channel!
[16:40:02] Teklon gifted a Tier 1 sub to petrobi!
[16:40:02] Teklon gifted a Tier 1 sub to traloun!
[16:40:02] Teklon gifted a Tier 1 sub to michalangelo76!
[16:40:02] Teklon gifted a Tier 1 sub to ArRonNisSK!
[16:40:03] Teklon gifted a Tier 1 sub to veve1133!
[16:40:03] Teklon gifted a Tier 1 sub to tessi24!
[16:40:03] Teklon gifted a Tier 1 sub to jakfoxs!
[16:40:03] Teklon gifted a Tier 1 sub to lubinator666!
[16:40:03] Teklon gifted a Tier 1 sub to kalomenn!
[16:40:03] Teklon gifted a Tier 1 sub to Tommy_no!
[16:40:03] whitebepix: AlienPls  AlienPls AlienPls AlienPls AlienPls AlienPls AlienPls AlienPls
[16:40:04] sherin5: @Teklon yo
[16:40:10] sherin5: Pog
[16:40:13] senkys57: Pog
[16:40:14] teklon: tady mate .....
[16:40:20] 1fallout1: PAGGING
[16:40:24] poneetgfd: Ma furt čeky dluhy ?
[16:40:25] kasper771: zdravíčko všem
[16:40:31] mety7606: Pog
[16:40:34] djhonzaczech580: Dámy Díky za fajn pokec
[16:40:38] sherin5: @kasper771 yo
[16:40:39] kasper771: @poneetgfd ne
[16:40:40] woody_zero: chat, můžete mi říct, proč cloud teď přepnul do modu cinemacity, potom co řekl, že si dává od reakcí pauzu? Co takhle tvořit vlastní obsah a nerestreamovat všechno možný.
[16:40:42] jakop_shiit: hi
[16:40:53] teklon: @poneetgfd nema, ma milionovou bankovku .... LUL
[16:40:57] justvalda: !prava
[16:40:57] streamelements: Souhlas s promítáním filmu mám od producenta a držitele práv.
[16:41:00] kasper771: @sherin5  yo
[16:41:24] poneetgfd: A ma furt octávku?😂
[16:41:27] 1fallout1: @poneetgfd kikik pokryl xdd
[16:41:39] kurtovic: MLADY
[16:41:43] andulka28: @chat @czechcloud ahojte zlatíčka do nového roku 2024  přeji hodně zdraví a štěstí Ani já zaludBee zaludBee zaludBee
[16:41:46] luciemilfortova: čuus yo
[16:41:50] sherin5: @kurtovic pepeL
[16:41:50] teklon: @poneetgfd  zaludW
[16:41:54] sherin5: @andulka28 yo
[16:41:55] sir_kikik: @1fallout1 já mu nic krýt nebudu
[16:41:57] kocour90: !prava
[16:41:58] streamelements: Souhlas s promítáním filmu mám od producenta a držitele práv.
[16:41:59] sherin5: @LucieMilfortova yo
[16:41:59] ligronx: Čau všichni
[16:42:04] sherin5: @Sir_Kikik pepeL
[16:42:08] sherin5: @LigronX yo
[16:42:09] veverakcz: @Sir_Kikik yo
[16:42:11] kasper771: @woody_zero měl na to naladu napsal producetoví ten mu to povolil
[16:42:12] poneetgfd: @teklon NotLikeThis NotLikeThis
[16:42:12] kurtovic: @Sherin5 MLADY elbowLove pepeL
[16:42:13] luciemilfortova: @sherin5 pepeL
[16:42:17] 1fallout1: @sir_kikik yo no tim milionem s to už pokryl xdd
[16:42:34] 1fallout1: @woody_zero aby ses mohl ptát
[16:42:41] sir_kikik: @sherin5 @veverakcz @1fallout1 @kurtovic zaludLove
[16:42:42] tomyxond: @woody_zero Samotný chat ho poslední rok ba i dýl nabádal, aby se podíval na Gympl, on sehnal povolení práv a kouká na to s chatem, je to záživnější pro obě strany, nehledej v tom sračky.
[16:43:08] poneetgfd: Gympl je sracka film omg😂
[16:43:19] andulka28: @veverakcz ,@shsrin5,@lucidmilfortova,@sir_kikik,@senkys57, ahojte vše nejlepší do nového roku zaludBee zaludBee zaludBee zaludHey zaludHey zaludHey
[16:43:37] luciemilfortova: @andulka28 i tobě zaludHey
[16:43:39] 1fallout1: VIBE
[16:43:40] franta_vanoce: hello there vši
[16:43:44] lazkaaa: @Tomyxond WW
[16:43:47] doloplaz: Krasny novy rok smradi peepoHey
[16:43:50] poneetgfd: Kunda plesniva široká
[16:43:50] 1fallout1: VIBE 󠀀
[16:43:55] sebbbiv: @chat zaludHey
[16:43:56] doloplaz: VIBE
[16:43:59] potooncz: @Sherin5 @Sir_Kikik @andulka28 zaludHey zaludBee
[16:44:03] barduty: !prava
[16:44:03] streamelements: Souhlas s promítáním filmu mám od producenta a držitele práv.
[16:44:04] doloplaz: @sebbbiv yo
[16:44:05] andulka28: @sebbbiv ahojky
[16:44:06] sherin5: @sebbbiv yo
[16:44:07] senkys57: @andulka28 tobě též pepeL yo
[16:44:08] teklon: DinoDance DinoDance DinoDance
[16:44:14] andulka28: @potooncz ahojky
[16:44:16] sir_kikik: @andulka28 @sebbbiv zaludHey
[16:44:18] doloplaz: @Senkys57 yo yo yo
[16:44:21] raadc: @Sherin5 Binoculous
[16:44:21] sebbbiv: @doloplaz @andulka28 @Sherin5 @Sir_Kikik yo
[16:44:21] poneetgfd: TwitchConHYPE TwitchConHYPE TwitchConHYPE TwitchConHYPE TwitchConHYPE TwitchConHYPE TwitchConHYPE TwitchConHYPE TwitchConHYPE TwitchConHYPE
[16:44:22] pitris90: peepoHey
[16:44:25] prenty: aveHI
[16:44:28] poneetgfd: TwitchConHYPE TwitchConHYPE TwitchConHYPE TwitchConHYPE TwitchConHYPE TwitchConHYPE TwitchConHYPE TwitchConHYPE TwitchConHYPE TwitchConHYPE TwitchConHYPE TwitchConHYPE
[16:44:28] honzalos: zaludHey zaludHey
[16:44:29] djhonzaczech580: @andulka28  zdravím
[16:44:31] senkys57: Binoculous @doloplaz SoCute
[16:44:34] poneetgfd: TwitchConHYPE TwitchConHYPE TwitchConHYPE TwitchConHYPE TwitchConHYPE TwitchConHYPE TwitchConHYPE TwitchConHYPE
[16:44:34] andulka28: @chat snad bude lepší tenhle rok 2024 ♥️♥️
[16:44:36] sherin5: @Potooncz yo
[16:44:36] veverakcz: @andulka28 zaludBee
[16:44:37] doloplaz: PoPivu
[16:44:39] doloplaz: PoPivu 󠀀
[16:44:42] poneetgfd: TwitchConHYPE TwitchConHYPE TwitchConHYPE TwitchConHYPE TwitchConHYPE TwitchConHYPE TwitchConHYPE TwitchConHYPE TwitchConHYPE TwitchConHYPE TwitchConHYPE TwitchConHYPE
[16:44:42] sherin5: @raadc SoCute
[16:44:42] veverakcz: @doloplaz mlem
[16:44:44] sir_kikik: Piston raadc
[16:44:45] andulka28: @djhonzaczech580 i tobě zdravím
[16:44:49] poneetgfd: TwitchConHYPE TwitchConHYPE TwitchConHYPE TwitchConHYPE TwitchConHYPE TwitchConHYPE TwitchConHYPE TwitchConHYPE TwitchConHYPE TwitchConHYPE TwitchConHYPE TwitchConHYPE TwitchConHYPE TwitchConHYPE TwitchConHYPE TwitchConHYPE
[16:44:50] doloplaz: @veverakCZ yo yo
[16:44:52] moloshino: !title
[16:44:52] streamelements: NENÍ MI ŠPATNĚ ~ CCA 20:00 PROMÍTÁNÍ VEJŠKY !prava ~ ŠTASTNÝ NOVÝ ROK 2024 ~ DON'T BE SORRY, BE BETTER
[16:44:53] raadc: @Sir_Kikik Okayeg
[16:44:53] andulka28: @raadc ahojky
[16:44:56] poneetgfd: TwitchConHYPE TwitchConHYPE TwitchConHYPE TwitchConHYPE TwitchConHYPE TwitchConHYPE TwitchConHYPE TwitchConHYPE TwitchConHYPE TwitchConHYPE TwitchConHYPE TwitchConHYPE TwitchConHYPE TwitchConHYPE TwitchConHYPE TwitchConHYPE TwitchConHYPE TwitchConHYPE TwitchConHYPE
[16:44:58] markoss114: Hezky novy rok bando zaludParty blueberryHypeee
[16:44:59] 1fallout1: @raadc yo
[16:45:00] buchta789: Ahoj @chat peepoHappy BeerTime
[16:45:01] nerdy_property: TwitchConHYPE TwitchConHYPE TwitchConHYPE TwitchConHYPE TwitchConHYPE
[16:45:01] raadc: @andulka28 ahoj zaludBee
[16:45:02] poneetgfd: TwitchConHYPE TwitchConHYPE TwitchConHYPE TwitchConHYPE TwitchConHYPE TwitchConHYPE TwitchConHYPE TwitchConHYPE TwitchConHYPE TwitchConHYPE TwitchConHYPE TwitchConHYPE TwitchConHYPE TwitchConHYPE TwitchConHYPE
[16:45:07] poneetgfd: TwitchConHYPE TwitchConHYPE TwitchConHYPE TwitchConHYPE TwitchConHYPE TwitchConHYPE TwitchConHYPE TwitchConHYPE TwitchConHYPE TwitchConHYPE TwitchConHYPE TwitchConHYPE TwitchConHYPE
[16:45:07] teklon: AlienPls AlienPls
[16:45:09] andulka28: DinoDance DinoDance DinoDance DinoDance DinoDance
[16:45:09] raadc: @1fallout1 peepoHey
[16:45:10] sherin5: @buchta789 yo
[16:45:11] eliptick21: @Sir_Kikik, @veverakCZ @Sherin5 @raadc @andulka28 zaludHey
[16:45:14] michael11111010011: Dance
[16:45:14] poneetgfd: TwitchConHYPE TwitchConHYPE TwitchConHYPE TwitchConHYPE TwitchConHYPE TwitchConHYPE TwitchConHYPE TwitchConHYPE TwitchConHYPE TwitchConHYPE TwitchConHYPE TwitchConHYPE TwitchConHYPE TwitchConHYPE TwitchConHYPE TwitchConHYPE TwitchConHYPE TwitchConHYPE TwitchConHYPE TwitchConHYPE TwitchConHYPE TwitchConHYPE
[16:45:16] buchta789: @sherin5 yo
[16:45:16] eliptick21: @1fallout1, yo
[16:45:17] senkys57: @buchta789 SoCute Tasty
[16:45:17] veverakcz: @EliptiCk21 yo
[16:45:17] sherin5: @EliptiCk21 yo
[16:45:18] raadc: @EliptiCk21 peepoHey
[16:45:20] andulka28: @eliptick21 zaludBee HeyGuys
[16:45:22] poneetgfd: TwitchConHYPE TwitchConHYPE TwitchConHYPE TwitchConHYPE TwitchConHYPE TwitchConHYPE TwitchConHYPE TwitchConHYPE TwitchConHYPE TwitchConHYPE TwitchConHYPE TwitchConHYPE TwitchConHYPE TwitchConHYPE TwitchConHYPE TwitchConHYPE TwitchConHYPE TwitchConHYPE TwitchConHYPE
[16:45:28] cerny_krkavec: zaludParty
[16:45:28] poneetgfd: TwitchConHYPE TwitchConHYPE TwitchConHYPE TwitchConHYPE TwitchConHYPE TwitchConHYPE TwitchConHYPE TwitchConHYPE TwitchConHYPE TwitchConHYPE TwitchConHYPE TwitchConHYPE TwitchConHYPE TwitchConHYPE TwitchConHYPE
[16:45:31] 1fallout1: @EliptiCk21 yo
[16:45:35] andulka28: TwitchConHYPE TwitchConHYPE TwitchConHYPE TwitchConHYPE TwitchConHYPE
[16:45:38] sir_kikik: @eliptick21 zaludLove
[16:45:38] poneetgfd: TwitchConHYPE TwitchConHYPE TwitchConHYPE TwitchConHYPE TwitchConHYPE TwitchConHYPE TwitchConHYPE TwitchConHYPE TwitchConHYPE TwitchConHYPE TwitchConHYPE
[16:45:44] veverakcz: VIBE
[16:45:44] 1fallout1: Chatting
[16:45:45] poneetgfd: TwitchConHYPE TwitchConHYPE TwitchConHYPE TwitchConHYPE TwitchConHYPE TwitchConHYPE TwitchConHYPE TwitchConHYPE TwitchConHYPE TwitchConHYPE TwitchConHYPE TwitchConHYPE TwitchConHYPE
[16:45:51] poneetgfd: TwitchConHYPE TwitchConHYPE TwitchConHYPE TwitchConHYPE TwitchConHYPE TwitchConHYPE TwitchConHYPE TwitchConHYPE TwitchConHYPE TwitchConHYPE TwitchConHYPE
[16:45:51] adyrcz: xpp
[16:45:51] AdyrCz subscribed at Tier 1. They've subscribed for 22 months!
[16:45:52] veverakcz: VIBE  󠀀
[16:45:53] veverakcz: VIBE
[16:45:54] veverakcz: VIBE  󠀀
[16:45:55] skiduxxx: zaludCo zaludZe
[16:45:55] mety7606: VIBE
[16:45:56] veverakcz: VIBE
[16:45:57] veverakcz: VIBE  󠀀
[16:45:59] veverakcz: VIBE
[16:46:00] ondra710: !prava
[16:46:01] streamelements: Souhlas s promítáním filmu mám od producenta a držitele práv.
[16:46:01] veverakcz: VIBE  󠀀
[16:46:03] poneetgfd: DinoDance DinoDance DinoDance DinoDance DinoDance DinoDance DinoDance DinoDance DinoDance
[16:46:04] veverakcz: VIBE
[16:46:08] veverakcz: VIBE  󠀀
[16:46:08] andulka28: DinoDance DinoDance DinoDance
[16:46:10] poneetgfd: TwitchConHYPE DinoDance TwitchConHYPE DinoDance TwitchConHYPE DinoDance TwitchConHYPE DinoDance DinoDance TwitchConHYPE DinoDance TwitchConHYPE DinoDance TwitchConHYPE DinoDance TwitchConHYPE DinoDance TwitchConHYPE DinoDance TwitchConHYPE DinoDance TwitchConHYPE DinoDance TwitchConHYPE DinoDance TwitchConHYPE
[16:46:11] buchta789: VIBE VIBE VIBE VIBE VIBE VIBE VIBE VIBE VIBE VIBE VIBE VIBE VIBE VIBE VIBE VIBE VIBE VIBE VIBE VIBE VIBE VIBE VIBE VIBE VIBE VIBE VIBE VIBE VIBE VIBE VIBE VIBE
[16:46:11] veverakcz: VIBE
[16:46:12] 1fallout1: peepoTalk
[16:46:12] mety7606: VIBE 󠀀
[16:46:13] mety7606: VIBE
[16:46:13] veverakcz: VIBE  󠀀
[16:46:14] markoss114: VIBE
[16:46:14] mety7606: VIBE 󠀀
[16:46:16] veverakcz: VIBE
[16:46:16] mety7606: VIBE
[16:46:17] mety7606: VIBE 󠀀
[16:46:19] poneetgfd: TwitchConHYPE DinoDance TwitchConHYPE DinoDance TwitchConHYPE DinoDance TwitchConHYPE DinoDance TwitchConHYPE DinoDance TwitchConHYPE DinoDance TwitchConHYPE DinoDance TwitchConHYPE DinoDance TwitchConHYPE DinoDance TwitchConHYPE DinoDance TwitchConHYPE DinoDance
[16:46:19] streamelements: 8x VIBE combo
[16:46:20] veverakcz: VIBE  󠀀
[16:46:21] mety7606: VIBE
[16:46:24] veverakcz: VIBE
[16:46:26] veverakcz: VIBE  󠀀
[16:46:28] buchta789: VIBE VIBE VIBE VIBE VIBE VIBE VIBE VIBE VIBE VIBE VIBE VIBE VIBE VIBE VIBE VIBE VIBE VIBE VIBE VIBE VIBE VIBE VIBE VIBE VIBE VIBE VIBE VIBE VIBE VIBE VIBE VIBE VIBE VIBE VIBE VIBE VIBE VIBE VIBE VIBE VIBE
[16:46:30] poneetgfd: Vibe
[16:46:30] streamelements: 5x VIBE combo
[16:46:32] jendik420: Dance
[16:46:36] poneetgfd: TwitchConHYPE TwitchConHYPE DinoDance TwitchConHYPE DinoDance DinoDance TwitchConHYPE DinoDance DinoDance TwitchConHYPE DinoDance TwitchConHYPE DinoDance TwitchConHYPE DinoDance TwitchConHYPE DinoDance TwitchConHYPE TwitchConHYPE DinoDance TwitchConHYPE TwitchConHYPE
[16:46:40] jendik420: VIBE
[16:46:48] poneetgfd: TwitchConHYPE TwitchConHYPE TwitchConHYPE TwitchConHYPE
[16:46:52] buchta789: VIBE VIBE VIBE VIBE VIBE VIBE VIBE VIBE VIBEE VIBE VIBE VIBE VIBE VIBE VIBE VIBE VIBE VIBE VIBE VIBE VIBE VIBE VIBE VIBE VIBE VIBE VIBE VIBE
[16:46:54] mlokyns: !prava
[16:46:54] streamelements: Souhlas s promítáním filmu mám od producenta a držitele práv.
[16:47:04] jendik420: pičo včera jsem toho vyfrkal fuuuuuu
[16:47:24] 1fallout1: @jendik420 aha
[16:47:27] poneetgfd: !JAKÝ ŠAMPON POUŽÍVA ČEKY
[16:47:34] jendik420: VIBE
[16:47:58] peceny_rohlicek: BBoomer
[16:48:01] cerny_krkavec: VIBE
[16:48:05] teklon: VIBE
[16:48:06] jendik420: @poneetgfd přece lesk na bowlingové koule
[16:48:14] senkys57: VIBE
[16:48:14] pavel_mali: VIBE
[16:48:17] senkys57: VIBE 󠀀
[16:48:17] rozasudety: VIBE
[16:48:17] poneetgfd: @jendik420 hahabaabahahahah
[16:48:19] whitebepix: TriKool RapThis TriKool RapThis TriKool RapThis TriKool RapThis TriKool RapThis TriKool RapThis
[16:48:22] 1fallout1: TriKool
[16:48:26] lazkaaa: catJam
[16:48:27] doloplaz: TriKool RapThis TriKool RapThis TriKool RapThis
[16:48:30] 1fallout1: TriKool RapThis
[16:48:30] doloplaz: TriKool RapThis TriKool RapThis TriKool RapThis 󠀀
[16:48:41] lazkaaa: TriKool RapThis TriKool RapThis TriKool RapThis 󠀀
[16:48:43] chrabryj_bogatyr: myslel som že "!prava" mi vypíše nickname tej ktorá bude moja pravá Sadge SmokeTime #foreveralone
[16:48:44] poneetgfd: Kunda plesniva široka
[16:48:49] senkys57: TriKool RapThis TriKool RapThis TriKool RapThis
[16:48:54] pukysekkcz: !prava
[16:48:54] streamelements: Souhlas s promítáním filmu mám od producenta a držitele práv.
[16:48:57] poneetgfd: !Prava
[16:48:58] veverakcz: @WhiteBepix yo
[16:48:59] peceny_rohlicek: BBoomer RapThis
[16:49:00] jendik420: hej je nějakej addon na emoty v mobilu chat
[16:49:00] veverakcz: xdd
[16:49:01] mety7606: !leva
[16:49:02] whitebepix: TriKool  RapThis TriKool RapThis TriKool RapThis TriKool RapThis TriKool RapThis TriKool RapThis
[16:49:04] poneetgfd: !prava
[16:49:05] streamelements: Souhlas s promítáním filmu mám od producenta a držitele práv.
[16:49:05] whitebepix: veverakCZ, yo
[16:49:05] senkys57: xdd
[16:49:06] ewelinecz: ahoj chat... štastný nový rok všem <3
[16:49:07] noobko17: catJAM
[16:49:08] senkys57: BBoomer RapThis
[16:49:11] mvli23: Kokot
[16:49:12] 1fallout1: xdd
[16:49:14] jakop_shiit: Pog
[16:49:14] sherin5: @ewelinecz yo
[16:49:18] senkys57: @NooBko17 @ewelinecz čauky yo pepeL
[16:49:26] mvli23 has been timed out for 10m. 
[16:49:27] poneetgfd: 1+1=?
[16:49:28] noobko17: @Senkys57 yo
[16:49:32] senkys57: Chatting Kokot
[16:49:34] honzalos: TriKool RapThis
[16:49:34] strouhanka_0: !prava
[16:49:34] streamelements: Souhlas s promítáním filmu mám od producenta a držitele práv.
[16:49:36] ewelinecz: @Senkys57 @Sherin5 yo HAPPY NEW YEAR <3
[16:49:43] 1fallout1: @Sherin5 FeelsBirthdayMan pepeL
[16:49:46] chrabryj_bogatyr: @jendik420 existuje appka na githube, volá sa "bttv" a je to vlastne twitch appka s emotes.
[16:49:46] teklon: a vubec, kdo se vcera/dneska opil? xdd
[16:49:50] jendik420: 1+1=1
[16:49:51] sherin5: @1fallout1 pepeL
[16:50:04] mickymb: teď jsem zkusil jestli čeky není online a 30s do začátku :D
[16:50:15] jendik420: sjel jak sjezdovku
[16:50:22] xarlmont: zaludE čau chat
[16:50:24] omegalullolxdd: MadgeLate MadgeLate MadgeLate
[16:50:30] r3dj0hnny: !prava
[16:50:30] lumen5120: DOYOUFEELTHEWEIGHTOFYOURSINSDOESITHURTDOESGODSJUDGEMENTFILLYOUWITHGUILTTORMENTTHEYRECOMINGTHEYRECOMI
[16:50:30] streamelements: Souhlas s promítáním filmu mám od producenta a držitele práv.
[16:50:30] senkys57: @XarlMont čauky SoCute
[16:50:31] omegalullolxdd: MadgeLate
[16:50:33] lumen5120: DOYOUFEELTHEWEIGHTOFYOURSINSDOESITHURTDOESGODSJUDGEMENTFILLYOUWITHGUILTTORMENTTHEYRECOMINGTHEYRECOMI 󠀀
[16:50:33] omegalullolxdd: MadgeLate 󠀀
[16:50:34] senkys57: DOYOUFEELTHEWEIGHTOFYOURSINSDOESITHURTDOESGODSJUDGEMENTFILLYOUWITHGUILTTORMENTTHEYRECOMINGTHEYRECOMI
[16:50:34] lumen5120: DOYOUFEELTHEWEIGHTOFYOURSINSDOESITHURTDOESGODSJUDGEMENTFILLYOUWITHGUILTTORMENTTHEYRECOMINGTHEYRECOMI
[16:50:35] 1fallout1: zaludE / @XarlMont
[16:50:35] omegalullolxdd: MadgeLate
[16:50:36] senkys57: DOYOUFEELTHEWEIGHTOFYOURSINSDOESITHURTDOESGODSJUDGEMENTFILLYOUWITHGUILTTORMENTTHEYRECOMINGTHEYRECOMI 󠀀
[16:50:36] sherin5: @XarlMont pepeL
[16:50:37] omegalullolxdd: MadgeLate 󠀀
[16:50:39] omegalullolxdd: MadgeLate
[16:50:40] honzalos: MadgeLate
[16:50:41] cerny_krkavec: Dance
[16:50:41] whitebepix: classic LateCloud
[16:50:41] omegalullolxdd: MadgeLate 󠀀
[16:50:41] km7ecz: Ahoj Vespolek! Vše nejlepší v novém roce! zaludHey
[16:50:42] 1fallout1: EDM
[16:50:43] omegalullolxdd: MadgeLate
[16:50:43] senkys57: Latege
[16:50:44] stereaster: Hmm
[16:50:44] omegalullolxdd: MadgeLate 󠀀
[16:50:45] mish_blaire: MadgeLate
[16:50:46] whitebepix: classic  LateCloud
[16:50:46] omegalullolxdd: MadgeLate
[16:50:48] omegalullolxdd: MadgeLate 󠀀
[16:50:49] 1fallout1: @Lumen5120 yo
[16:50:49] sherin5: @km7ecz yo
[16:50:51] omegalullolxdd: MadgeLate
[16:50:54] omegalullolxdd: MadgeLate 󠀀
[16:50:56] tomito612: Gg
[16:50:56] omegalullolxdd: MadgeLate
[16:50:57] lumen5120: @1fallout1, SoCute
[16:50:58] biggboss12345: A prečo to dal až o 8 film?
[16:50:59] stereaster: Latege
[16:51:01] matysekmore: gg
[16:51:02] omegalullolxdd: zaludE
[16:51:03] tomas_povrly: Cs žalude
[16:51:03] veverakcz: zaludE
[16:51:04] n0m_vide: kde streamer
[16:51:04] buchta789: Ahoj @CzechCloud peepoHappy
[16:51:04] lumen5120: aha
[16:51:05] stereaster: MadgeLate
[16:51:05] pavel_mali: cs
[16:51:06] km7ecz: @Sherin5 yo
[16:51:06] mish_blaire: zaludE
[16:51:06] whitebepix: zaludKamo
[16:51:06] stereaster: MadgeLate  󠀀
[16:51:07] 1fallout1: aha
[16:51:07] potooncz: zaludE
[16:51:07] agentka0070: gg
[16:51:08] strycek_klicek: aha
[16:51:08] frantak: peepoArrive zaludHey zaludHey
[16:51:08] stereaster: MadgeLate
[16:51:08] veverakcz: zaludE 󠀀
[16:51:09] mafianek_cz: Zdravim chad a přeji vše nejlepší do roku 2024 zaludLove
[16:51:09] spajzka: !prava
[16:51:09] smrtak4k: čauuuuuuuuuuuuuuuuuuuuuuuu
[16:51:09] noobko17: zaludE
[16:51:09] streamelements: Souhlas s promítáním filmu mám od producenta a držitele práv.
[16:51:10] veverakcz: zaludE
[16:51:10] eliptick21: zaludE
[16:51:10] sherin5: zaludE
[16:51:10] aenyevedien: šťastný nový rok
[16:51:10] stereaster: MadgeLate  󠀀
[16:51:10] opice_je: PopNemo
[16:51:11] 1fallout1: zaludE
[16:51:11] veverakcz: zaludE 󠀀
[16:51:12] agentka0070: byla jsem zde
[16:51:12] cerny_krkavec: zaludE
[16:51:12] baskerwille92: zaludE
[16:51:12] brodulf: gg
[16:51:12] peceny_rohlicek: MadgeLate
[16:51:13] raadc: zaludE
[16:51:13] omegalullolxdd: zaludE šťastný nový rok kundo peepoLove
[16:51:14] whitebepix: zaludKamo je tu dneska někdo čete
[16:51:15] senkys57: dík no
[16:51:15] sherin5: @Frantak yo
[16:51:16] frantak: zaludE
[16:51:17] pochilliprd: Drž krok kundicko
[16:51:17] agentka0070: stálo to za....
[16:51:17] potooncz: zaluE ahoj
[16:51:18] andulka28: Šťastný nový rok Pěti❤️🙂
[16:51:20] adyrcz: zaludE
[16:51:21] mefthys: zaludE Šťastnej novej rok
[16:51:21] Mefthys subscribed at Tier 1. They've subscribed for 33 months!
[16:51:21] pablusonose: čau čuráku
[16:51:22] frantak: @Sherin5 yo
[16:51:22] agentka0070: jj
[16:51:22] lumen5120: ne
[16:51:23] xarlmont: @senkys57 @1fallout1 @omegalullolxdd @lumen5120 @sherin5 annytfHeart annytfHeart annytfHeart annytfHeart annytfHeart ahoj v novém roce.
[16:51:23] sherin5: nn
[16:51:23] iidanesii: nn
[16:51:23] ondraismyname: MadgeLate
[16:51:24] raadc: @Agentka0070 MLADY
[16:51:24] jakop_shiit: jj
[16:51:24] veverakcz: nn
[16:51:24] peceny_rohlicek: nn
[16:51:24] klm1cz: čau zaludHey
[16:51:25] mety7606: @CzechCloud MLADY @Teklon MLADY @Sherin5 MLADY @andulka28 MLADY @Sir_Kikik MLADY @veverakCZ MLADY @doloplaz MLADY @sebbbiv MLADY @raadc MLADY @EliptiCk21 MLADY @Senkys57 MLADY @NooBko17 MLADY @OMEGALULLOLXDD MLADY @Lumen5120 MLADY @Strycek_Klicek MLADY
[16:51:25] mickymb: jj
[16:51:25] jendik420: 2
[16:51:25] strycek_klicek: nn
[16:51:26] oxychum: nn
[16:51:26] 1fallout1: tobě taky kundo zaludE / nn
[16:51:27] buchta789: jj
[16:51:27] potooncz: zaludE ahoj petře
[16:51:29] cerny_krkavec: nn
[16:51:29] stereaster: @CzechCloud tak co jsi rozbyl dnes? PepeLaugh
[16:51:30] mafianek_cz: nn
[16:51:30] omegalullolxdd: @XarlMont yo
[16:51:30] filippta18: nn
[16:51:30] sherin5: @Mety7606 yo
[16:51:32] raadc: @Mety7606 peepoHey
[16:51:32] lazkaaa: nn
[16:51:33] janudcz: @czechcloud nazdar ty abstinente 🤣
[16:51:33] andulka28: zaludBee zaludHey šťastný nový rok Peti
[16:51:34] omegalullolxdd: @Mety7606 yo
[16:51:34] lumen5120: @XarlMont, @Mety7606 peepoAwesome
[16:51:34] klm1cz: @strycek_klicek agrLove
[16:51:35] ondraismyname: FeelsLateMan
[16:51:35] senkys57: MLADY @Mety7606
[16:51:35] turbohrib: AVE Žaludíku a chat FutureMan HeyGuys
[16:51:35] jendik420: kde máš ksicht
[16:51:39] agentka0070: @raadc dobré odpoledne
[16:51:41] xarlmont: @mety7606 ahoj annytfHeart
[16:51:43] pablusonose has been timed out for 1d 10h 17m 36s. 
[16:51:45] filippta18: Komu říkaš čůráci?
[16:51:45] jendik420: xdd
[16:51:46] andulka28: @lumen5120 ahojky ❤️❤️
[16:51:47] km7ecz: aha
[16:51:47] markoss114: tobe taky kundo plesata xDD
[16:51:48] lumen5120: PoPivu
[16:51:48] mety7606: @XarlMont MLADY
[16:51:48] 1fallout1: dxd
[16:51:49] potooncz: xdd
[16:51:49] jendik420: to určitě
[16:51:51] cerny_krkavec: aha
[16:51:51] damare258: catArrive Ahuuujte @chat yo @CzechCloud MLEM
[16:51:54] lumen5120: @andulka28, SoCute
[16:51:55] strycek_klicek: KLM1CZ, Mety7606 yo
[16:51:55] czechknight001: zaludLick
[16:51:56] usernamenotavailablee: Tak jak probíhala noc mistře? Povídej xdd @CzechCloud
[16:51:56] klm1cz: aha určitě Kappa
[16:51:59] 1fallout1: @Damare258 ahuuuuuuuj yo SoCute
[16:51:59] sherin5: @Damare258 yo
[16:52:01] stereaster: takže ruce jsou poho jo? xdd
[16:52:02] lumen5120: @Damare258, SoCute
[16:52:02] mety7606: @filippta18 nám čuráku LULE
[16:52:04] mefthys: @Damare258 yo
[16:52:05] jendik420: hello
[16:52:05] buchta789: @chat taky ste se ožraly?
[16:52:07] damare258: @1fallout1 yo aooj SoCute
[16:52:08] andulka28: zaludHey zaludHey
[16:52:09] czechknight001: zaludLick zaludHey ahoj
[16:52:09] damare258: @Sherin5 yo
[16:52:09] smrtak4k: kolik si toho vypil včera bro
[16:52:10] sir_kikik: @stereaster @mety7606 @lumen5120 zaludHey
[16:52:11] avezac: jak nekdo kdo o sobe rika vyleceny alkoholik verejne rika jak zase pije nechapu..
[16:52:12] aronaaax: cscs pleš pleš
[16:52:12] aronaaax subscribed at Tier 2. They've subscribed for 34 months!
[16:52:14] frantak: uplně kantáre takzvaně
[16:52:14] turbohrib: @CzechCloud střízlivý? Jako že jsi se propil do střízlivosti? ;-)
[16:52:14] lumen5120: @Sir_Kikik, SoCute
[16:52:16] damare258: @Lumen5120 aoj SoCute
[16:52:17] 1fallout1: @aronaaax yo
[16:52:17] stereaster: @Sir_Kikik Okayeg 7
[16:52:20] janudcz: @czechcloud a proto jsi si rano asi hodinu pocital zbytkac?
[16:52:21] damare258: @Mefthys yo
[16:52:24] damare258: @Sir_Kikik yo
[16:52:24] xarlmont: @czechcloud šťastný nový rok, bude ještě úspěšnější jak minulý vedalCheer annytfHeart
[16:52:28] stereaster: @Mety7606 Hmm nazdar
[16:52:29] sherin5: @aronaaax yo
[16:52:29] chrabryj_bogatyr: @aronaaax ahoj pán Lano widepeepoHappy
[16:52:31] usernamenotavailablee: Tak jak probíhala noc mistře? Povídej xdd @CzechCloud 󠀀
[16:52:32] mickymb: Kolik měl vojta včera ten hypetrain nakonec?
[16:52:32] woodyy91: @CzechCloud bude zítra WP na U20? už se hraje ČTVRTFINÁLE
[16:52:33] sherin5: @Mefthys yo
[16:52:35] eliptick21: @Damare258, @XarlMont yo
[16:52:36] andulka28: @xarlmont zaludHey zaludBee
[16:52:36] strycek_klicek: Sir_Kikik, agrLove
[16:52:36] mefthys: @Sir_Kikik @Strycek_Klicek @Sherin5 yo
[16:52:37] teklon: protože někdo dal 10 ..... LUL
[16:52:38] aronaaax: @1fallout1 cs
[16:52:38] mety7606: @Stereaster MLADY
[16:52:40] damare258: @EliptiCk21 aoooj yo
[16:52:41] strycek_klicek: Mefthys, yo
[16:52:44] aronaaax: @sherin5 yo
[16:52:44] andulka28: @mety7606 zaludHey zaludBee
[16:52:45] stereaster: @usernamenotavailablee nazdar... Susge
[16:52:46] xarlmont: @usernamenotavailablee ahoj annytfHeart
[16:52:48] damare258: @Strycek_Klicek yo
[16:52:50] noobko17: @XarlMont MLADY
[16:52:51] aronaaax: @chrabryj_bogatyr cs
[16:52:53] strycek_klicek: Damare258, yo
[16:52:54] andulka28: @damare258 zaludHey zaludBee
[16:52:54] damare258: @usernamenotavailablee yo
[16:52:55] mefthys: @usernamenotavailablee yo
[16:53:02] eliptick21: @usernamenotavailablee, @Strycek_Klicek yo
[16:53:05] sebbbiv: zaludHey
[16:53:06] noobko17: @Strycek_Klicek agrLove
[16:53:08] xarlmont: @andulka28 @eliptick21 MLADY annytfHeart
[16:53:09] usernamenotavailablee: yo
[16:53:09] damare258: @andulka28 aooooj yo zaludBee
[16:53:11] andulka28: @strycek_klicek zaludHey zaludBee
[16:53:11] peceny_rohlicek: !story
[16:53:11] streamelements: zaludStory  Stejně zaludStory  víme zaludStory  že zaludStory  kecáš zaludStory
[16:53:12] buchta789: aha
[16:53:14] usernamenotavailablee: xdd
[16:53:14] lumen5120: HS
[16:53:17] aronaaax: Kapp
[16:53:17] senkys57: @Damare258 yo pepeL
[16:53:17] stereaster: tak kdy storka že jsi měl trojku? Kapp
[16:53:18] xarlmont: @sebbbiv annytfHeart 2020ByeGuys
[16:53:18] damare258: xdd
[16:53:18] buchta789: HS
[16:53:21] 1fallout1: Hmm Clueless
[16:53:21] matzzii21: kokot janud
[16:53:24] janudcz: @czechcloud me to bavilo
[16:53:24] andulka28: @usernamenotavailablee zaludHey zaludBee
[16:53:24] senkys57: xdd
[16:53:25] strycek_klicek: EliptiCk21, NooBko17 andulka28 yo
[16:53:28] usernamenotavailablee: U nás se hrál Bang xdd @CzechCloud
[16:53:30] buchta789: xdd
[16:53:32] damare258: @Senkys57 aooj yo peepoHug
[16:53:35] teffyyk: !prava
[16:53:35] streamelements: Souhlas s promítáním filmu mám od producenta a držitele práv.
[16:53:38] 1fallout1: aha
[16:53:38] sebbbiv: @XarlMont peepoHug
[16:53:41] buchta789: PoPivu
[16:53:46] strycek_klicek: mhm
[16:53:47] tenhladas: však to je málo xdd
[16:53:48] 1fallout1: to byly ty chlasty bez chlastu
[16:53:52] damare258: @sebbbiv yo
[16:53:52] woodyy91: @CzechCloud bude zítra WP na U20? už se hraje ČTVRTFINÁLE 󠀀
[16:53:55] sir_kikik: @damare258 @xarlmont @noobko17 @mefthys @aronaaax @aronaaax @usernamenotavailablee zaludLove
[16:53:58] peceny_rohlicek: Tak to jsi dopadl lépe než opat opatWut
[16:53:58] jendik420: rezistence
[16:54:00] turbohrib: @CzechCloud máš dobrý základ proto ti je dobře
[16:54:02] sebbbiv: @Damare258 yo1
[16:54:04] mefthys: @1fallout1 yo
[16:54:06] aronaaax: Sir_Kikik cs
[16:54:07] andulka28: A jak se má mirka
[16:54:08] kovyctv: Je mi 18 a dal.jsem flašku rumu a 3 piva jsem taky ok
[16:54:10] jendik420: jseš imunní po těch letech v lihu
[16:54:10] 1fallout1: @Mefthys yo
[16:54:11] strycek_klicek: 1fallout1, dankHug
[16:54:11] buchta789: @tenhladas true já sem vypil 200 piv xdd
[16:54:12] klm1cz: LUL
[16:54:13] 1fallout1: jn
[16:54:13] lumen5120: ok
[16:54:17] senkys57: true xdd
[16:54:18] spartakus2010: !prava
[16:54:18] mafianek_cz: LUL
[16:54:18] streamelements: Souhlas s promítáním filmu mám od producenta a držitele práv.
[16:54:20] xarlmont: Jen si na to nezvykni a zůstaň strong zaludE zaludPrava @czechcloud
[16:54:21] lathilius: @CzechCloud Jádra a ledviny ti to filtrují víc. Protože je nemáš oddělaný dlouhodobým chlastem
[16:54:25] lathilius: Jatra
[16:54:26] jendik420: LUL
[16:54:26] markoss114: zase zacinas chlastat xD
[16:54:27] 1fallout1: @Strycek_Klicek dankHug yo
[16:54:27] matzzii21: matzzii21 redeemed Dočasně zablokovat 20000
[16:54:28] 0ndra559: !prava
[16:54:28] streamelements: Souhlas s promítáním filmu mám od producenta a držitele práv.
[16:54:32] aronaaax: @kovyctv idealni vek na chlast no
[16:54:36] tenhladas: rozhodně nemáš takovou váhu, aby to mělo nějaky větší vliv
[16:54:40] xarlmont: @sir_kikik ahojky annytfHeart
[16:54:42] jendik420: KOKAIN to vždy zpraví
[16:54:43] usernamenotavailablee: U nás se hrál Bang zase xdding
[16:54:45] babulahospoda: štasny novy rok a hodne zdraví
[16:54:45] mickymb: Jen připomenutí, na chlast si dávejte pozor chate
[16:54:46] turbohrib: po 26 roku mám ty kocoviny čím dál horší
[16:54:47] janudcz: @czechcloud to nebylo pul flasky to bylo tak ctvrt
[16:54:47] supremekk_: dobry den pane zalud
[16:54:47] Supremekk_ subscribed at Tier 1. They've subscribed for 19 months, currently on a 18 month streak!
[16:54:48] kovyctv: @aronaaax Jj, musím užívat dokud mužů :D
[16:54:50] matzzii21 has been timed out for 8m 20s. 
[16:54:50] 1fallout1: Clueless
[16:54:55] andulka28: @czechcloud a jak se má Mirka ❤️
[16:54:59] hero2507: !prava
[16:54:59] streamelements: Souhlas s promítáním filmu mám od producenta a držitele práv.
[16:55:00] 1fallout1: scam train Paggi
[16:55:00] avezac: vyleceny alkoholik nema zacit pit nikdy ani trochu
[16:55:00] czechknight001: Tenhle rok je ten rok !
[16:55:00] adamhasa: Já myslel,že jsi abstinent.
[16:55:08] sherin5: @janudCZ yo
[16:55:11] biggboss12345: @czechcloud aké školenia?
[16:55:14] moon_tee: @CzechCloud  kam jdeš na školení?
[16:55:14] lumen5120: já
[16:55:14] jakop_shiit: ja
[16:55:15] tenhladas: 1
[16:55:15] 1fallout1: já
[16:55:16] usernamenotavailablee: ja lol
[16:55:16] washek07: me
[16:55:16] damare258: @janudCZ yo
[16:55:17] czechknight001: Měl bys přestat dokud můžeš, než do toho zase spadneš
[16:55:17] stereaster: @CzechCloud a ta osoba na trénink je nějákej profík? Kapp
[16:55:17] fantousek: ja bych si vzal
[16:55:17] macaroniklp: 1
[16:55:17] hero2507: :)
[16:55:18] brodulf: nn
[16:55:18] filippta18: já
[16:55:18] jsemdinous: pdlbacShocked
[16:55:18] sakichi_og: ja
[16:55:18] veverakcz: já
[16:55:18] petrnovotny7: zde
[16:55:18] turbohrib: já
[16:55:18] markoss114: @turbohrib uz to lepsi nebude xD
[16:55:18] natashyia: ja <3
[16:55:19] pauli200454cz: 1
[16:55:19] cimpolomokosan: Ja
[16:55:19] adamdvor_cz: já
[16:55:19] stereaster: já
[16:55:19] prunusek: já
[16:55:19] rubi_snek3: já
[16:55:20] splash_cz: nikdo fr
[16:55:20] adyrcz: nechci
[16:55:21] madthax: LETSGOOO
[16:55:21] buchta789: já
[16:55:21] markoss114: ja
[16:55:21] usernamenotavailablee: SCAM TRAIN POGGERS
[16:55:22] rosomakpatrik: bral bych
[16:55:22] tg_rising: ja
[16:55:22] usernamenotavailablee: SCAM TRAIN POGGERS 󠀀
[16:55:23] ic0trix: Ja prosim <3
[16:55:23] mafianek_cz: já
[16:55:23] moonly65: ja
[16:55:24] teklon: tak jo
[16:55:24] Teklon is gifting 10 Tier 1 Subs to CzechCloud's community! They've gifted a total of 55 in the channel!
[16:55:24] 1fallout1: překonáme vojtu Clueless
[16:55:24] veverakcz: @Damare258 yo
[16:55:25] Teklon gifted a Tier 1 sub to JAKALENmVc!
[16:55:25] Teklon gifted a Tier 1 sub to kockaVtroube!
[16:55:25] Teklon gifted a Tier 1 sub to marek_parrek!
[16:55:25] buchta789: já pls
[16:55:25] Teklon gifted a Tier 1 sub to matej2532!
[16:55:25] Teklon gifted a Tier 1 sub to frydas7!
[16:55:25] Teklon gifted a Tier 1 sub to Nerolykos_!
[16:55:25] Teklon gifted a Tier 1 sub to jakub_koren!
[16:55:25] Teklon gifted a Tier 1 sub to Opat04!
[16:55:25] Teklon gifted a Tier 1 sub to PokyPike!
[16:55:25] Teklon gifted a Tier 1 sub to romanSG_!
[16:55:26] jakubocko: já abych se mohl podívat na záznam
[16:55:26] An anonymous user is gifting 1 Tier 1 Subs to CzechCloud's community!
[16:55:26] An anonymous user gifted a Tier 1 sub to dajp0koj! 
[16:55:27] buchta789: 1
[16:55:27] 1fallout1: překonáme vojtu Clueless 󠀀
[16:55:27] senkys57: nn
[16:55:28] duskinopff: ja bych chytil
[16:55:29] 1fallout1: překonáme vojtu Clueless
[16:55:31] damare258: @veverakCZ yo
[16:55:31] lumen5120: Paggi
[16:55:32] aenyevedien: Vojta dal v noci hype train 37
[16:55:34] mafianek_cz: hh
[16:55:35] tenhladas: Vojta dal o půlnoci rekord, blázen
[16:55:35] mickymb: opta dostal sub ? :D
[16:55:35] senkys57: nemám ruce ok
[16:55:36] kovyctv: xd
[16:55:36] An anonymous user gifted a Tier 1 sub to vojta737cz! 
[16:55:36] An anonymous user is gifting 1 Tier 1 Subs to CzechCloud's community!
[16:55:38] washek07: opat dostal suba XDD
[16:55:38] kinng203: Ja
[16:55:39] stereaster: @1fallout1 yo
[16:55:40] strasnejborec: zaludLove zaludLove zaludEZ
[16:55:42] macaroniklp: chytam
[16:55:42] Damare258 is gifting 5 Tier 1 Subs to CzechCloud's community! They've gifted a total of 319 in the channel!
[16:55:42] natashyia: opat xdddd
[16:55:42] dareliuz: Opat xdddd
[16:55:43] Damare258 gifted a Tier 1 sub to lukas041224!
[16:55:43] Damare258 gifted a Tier 1 sub to fryhow!
[16:55:43] Damare258 gifted a Tier 1 sub to Beatfulli!
[16:55:43] Damare258 gifted a Tier 1 sub to tixoo_!
[16:55:43] Damare258 gifted a Tier 1 sub to reximcz64!
[16:55:43] aronaaax: @usernamenotavailablee ty vole to jsem nehrál roky, musim koupit a nekoho donutit aby to se mnou hral, slab the killer lol
[16:55:44] tichysek: beru
[16:55:45] gucci_paj: Ja
[16:55:45] An anonymous user is gifting 1 Tier 1 Subs to CzechCloud's community!
[16:55:45] An anonymous user gifted a Tier 1 sub to Filipes01! 
[16:55:46] turbohrib: @markoss114 true ... bohužel
[16:55:47] mafianek_cz: zaludLove zaludLove
[16:55:47] kunovjanek: opat dostal sub XDD
[16:55:48] 1fallout1: @Stereaster čaau yo
[16:55:49] federiicoo_santanaa: xd
[16:55:50] uranixx08: opat má suba xddd
[16:55:50] xopasta_: Já
[16:55:52] lumen5120: já
[16:55:53] fikan7: NEMUZU TAKY
[16:55:53] natashyia: ty
[16:55:55] strycek_klicek: opatL
[16:55:55] adyrcz: já :)
[16:55:55] buchta789: já ho nemám widepeepoSad
[16:55:56] coca_cola_je_dobra: Cs
[16:55:56] biggboss12345: Subaaa
[16:55:57] sakichi_og: xdd
[16:55:57] fikan7: PLS
[16:55:58] babulahospoda: ja
[16:56:02] rubi_snek3: já prosím
[16:56:02] mefthys: xdd
[16:56:02] An anonymous user is gifting 1 Tier 1 Subs to CzechCloud's community!
[16:56:02] An anonymous user gifted a Tier 1 sub to Rawoodx! 
[16:56:03] spookywarriorr666: opatL
[16:56:03] usernamenotavailablee: Kapp
[16:56:03] senkys57: xDDDDDDDDDDDD
[16:56:03] czechknight001 is gifting 1 Tier 1 Subs to CzechCloud's community! They've gifted a total of 58 in the channel!
[16:56:04] tomas_povrly: Co dnes budeš dělat
[16:56:04] czechknight001 gifted a Tier 1 sub to AkiSagira!
[16:56:04] stereaster: fry má sub xdd
[16:56:05] madthax: xdd
[16:56:05] kuldasek: Cvičíš pořád? přijde mi že máš nulový progres
[16:56:06] senkys57: xdd
[16:56:07] uranixx08: xdd
[16:56:08] buchta789: pls já
[16:56:09] turbohrib: zas jsem chytil prt :-(
[16:56:12] buchta789: neeeeeeee
[16:56:13] fikan7: xdd
[16:56:14] patriks133: :D
[16:56:15] nikoxds_: nikoxds_ redeemed Dočasně zablokovat 20000
[16:56:17] An anonymous user is gifting 1 Tier 1 Subs to CzechCloud's community!
[16:56:18] An anonymous user gifted a Tier 1 sub to chlupzgorily! 
[16:56:19] fikan7: pls sub
[16:56:22] 1fallout1: ještě pár desítek levlů Clueless
[16:56:22] marmeladavisjak: @chat peepoHey
[16:56:23] stereaster: @CzechCloud takže jsi zase bez grafika? pepeLaugh
[16:56:23] tichysek: chytam
[16:56:24] NooBko17 gifted a Tier 1 sub to Agraelus! They have given 43 Gift Subs in the channel!
[16:56:24] pochilliprd: @kuldasek doslova LUL
[16:56:25] buchta789: pls sub
[16:56:28] patisiso222: nechytil som subík Sadge
[16:56:29] binop_: liveolHi liveolHi chcem
[16:56:33] fikan7: nemam love
[16:56:33] senkys57: @marmeladavisjak auuuuj SoCute Tasty
[16:56:36] An anonymous user gifted a Tier 1 sub to Lucky_cze! 
[16:56:37] An anonymous user is gifting 1 Tier 1 Subs to CzechCloud's community!
[16:56:37] damare258: @marmeladavisjak yo
[16:56:39] fikan7: pls
[16:56:40] maxkavi: !prava
[16:56:40] streamelements: Souhlas s promítáním filmu mám od producenta a držitele práv.
[16:56:42] usernamenotavailablee: ne no xdd
[16:56:43] lumen5120: xdd
[16:56:43] krem_na_prdel: :)
[16:56:43] sherin5: @marmeladavisjak yo
[16:56:44] 1fallout1: xddddddddddddd
[16:56:44] noobko17: xdd
[16:56:44] patisiso222: @CzechCloud včera dal vojta record v hype teaine level 37
[16:56:46] stereaster: asi tak omE
[16:56:47] senkys57: xdd
[16:56:51] j4kub88: zaludHey zaludHey @chat
[16:56:51] fikan7: splním 3 praní
[16:56:52] teklon: kdo chce jeste suba?
[16:56:52] mafianek_cz: zaludLove
[16:56:57] rubi_snek3: hezké
[16:56:57] stereaster: @usernamenotavailablee tak co ty? Susge
[16:56:58] fikan7: prosim
[16:57:00] rubi_snek3: já
[16:57:00] jakop_shiit: ja
[16:57:01] stereaster: já
[16:57:01] tenhladas: beru
[16:57:02] prunusek: já
[16:57:02] 1fallout1: xdd
[16:57:02] marmeladavisjak: @buchta789 @Senkys57 @Damare258 @usernamenotavailablee @Sherin5 @NooBko17 peepoHey
[16:57:02] saara_17: já
[16:57:02] nikoxds_ has been timed out for 8m 20s. 
[16:57:02] washek07: davaj
[16:57:03] natashyia: ja
[16:57:03] lumen5120: já
[16:57:03] fikan7: pls
[16:57:03] biggboss12345: @teklon ja pls
[16:57:03] chrisflycz: Ja
[16:57:03] marmeladavisjak: ja
[16:57:03] pavel_mali: ja
[16:57:04] rubi_snek3: prosím
[16:57:04] babulahospoda: 1
[16:57:04] duskinopff: dej
[16:57:04] baskycz: jaa
[16:57:04] patriks133: me
[16:57:04] rodmencz: give it to me
[16:57:05] petrnovotny7: taady
[16:57:05] pauli200454cz: Ja
[16:57:05] turbohrib: já
[16:57:05] adamdvor_cz: plsky
[16:57:06] fikan7: ja
[16:57:06] nejsemendy: ja
[16:57:06] buchta789: já
[16:57:06] uranixx08: ja
[16:57:06] marmeladavisjak: 1
[16:57:06] usernamenotavailablee: preju mc frfr Stereaster
[16:57:07] rubi_snek3: jssss
[16:57:07] shadowbroker_: 1
[16:57:07] 1fallout1: @Teklon já
[16:57:07] gucci_paj: Ja
[16:57:08] m1rekm: Já dík
[16:57:08] ick3r3r: @teklon plss
[16:57:08] macaroniklp: 1
[16:57:08] marmeladavisjak: já
[16:57:08] tomas_povrly: Ja
[16:57:09] moonly65: jaa
[16:57:09] xvojtaq: 1
[16:57:09] buchta789: 1
[16:57:09] patisiso222: @Teklon ja prosím
[16:57:10] noobko17: @marmeladavisjak MLADY
[16:57:11] kubiiiscz: 1
[16:57:11] madthax: gde sub :D
[16:57:11] jolko98: 1
[16:57:11] moonly65: ja
[16:57:11] tomito612: Ja
[16:57:12] xopasta_: Já
[16:57:12] usernamenotavailablee: hraju mc* frfr Stereaster
[16:57:12] kinng203: Ja
[16:57:13] mmartinuss: jáááá jsem obyčejnej chudej pleb
[16:57:13] binop_: liveolHype
[16:57:13] An anonymous user is gifting 1 Tier 1 Subs to CzechCloud's community!
[16:57:13] tymian68: ja
[16:57:13] An anonymous user gifted a Tier 1 sub to lukys_18! 
[16:57:13] saara_17: 1
[16:57:13] ic0trix: PROSIM 1 sub HERE
[16:57:13] elios900: ja
[16:57:14] bergy_cz: taky subaaa :D :D
[16:57:14] dawe1592: jáá
[16:57:14] mafianek_cz: ja
[16:57:15] rubi_snek3: Já
[16:57:15] remi357: chytám no xdd
[16:57:16] markoss114: ja
[16:57:16] patriks133: meee
[16:57:16] fikan7: jsem star a nemocen
[16:57:16] sebbbiv is gifting 5 Tier 1 Subs to CzechCloud's community! They've gifted a total of 206 in the channel!
[16:57:16] kovysndnd: Ja
[16:57:17] damare258: @NooBko17 yo
[16:57:17] jetomitt: ja
[16:57:17] sebbbiv gifted a Tier 1 sub to bafomet13!
[16:57:17] sebbbiv gifted a Tier 1 sub to analfetka!
[16:57:17] sebbbiv gifted a Tier 1 sub to Gucci_Paj!
[16:57:17] sebbbiv gifted a Tier 1 sub to r3lis!
[16:57:17] ladysek: y
[16:57:17] sebbbiv gifted a Tier 1 sub to zui_fit!
[16:57:18] buchta789: já
[16:57:18] macaroniklp: ja
[16:57:18] marmeladavisjak: chytaaaam
[16:57:20] hero2507: OMEGALULiguess
[16:57:21] fikan7: plsky
[16:57:22] moonly65: chytam
[16:57:22] kovysndnd: 1
[16:57:23] tomas_povrly: Já pls
[16:57:24] km7ecz is gifting 1 Tier 1 Subs to CzechCloud's community! They've gifted a total of 6 in the channel!
[16:57:24] km7ecz gifted a Tier 1 sub to brutaldarkaphrasia!
[16:57:25] marmeladavisjak: ja
[16:57:26] kuldasek: ja prosim
[16:57:26] rubi_snek3: Já prosím
[16:57:27] marmeladavisjak: chytam
[16:57:28] lazkaaa: Přesně tak
[16:57:29] andulka28: @sebbbiv zaludHey zaludBee
[16:57:29] moonly65: jaa
[16:57:30] stereaster: @usernamenotavailablee pojd radši chiefa frfr
[16:57:30] patisiso222: prosím ja Prayge
[16:57:31] gucci_paj: Diki
[16:57:32] buchta789: já pls sub
[16:57:32] noobko17: @Damare258 MLADY
[16:57:33] david35: :O
[16:57:34] tomas_povrly: Jáá pls
[16:57:34] marmeladavisjak: prosim nemam prachy
[16:57:36] rodmencz: chytám
[16:57:36] xopasta_: 1
[16:57:36] moonly65: prosim prosim
[16:57:38] tenhladas: EZ dodge
[16:57:38] fikan7: chytam ale nic jsemv nechit
[16:57:40] baldur_tom: ja?
[16:57:42] sexy_pleska: nazdaaar
[16:57:42] tomas_povrly: Jáaaaaaaa
[16:57:43] ick3r3r: @teklon je král
[16:57:43] buchta789: xdd
[16:57:44] 1fallout1: gg
[16:57:44] strycek_klicek: classic
[16:57:44] sherin5: xdd
[16:57:45] usernamenotavailablee: Po asi roční pauze xdd @CzechCloud
[16:57:46] usernamenotavailablee: kaamo
[16:57:48] mafianek_cz: LUL
[16:57:49] fikan7: mohu
[16:57:49] sandypandy1234: Kappa
[16:57:49] lumen5120: xdd
[16:57:49] rodmencz: Já hraju Subnauticu
[16:57:50] senkys57: xdd 󠀀
[16:57:51] tenhladas: naco ženskou?
[16:57:52] usernamenotavailablee: ne jako doslova roční
[16:57:53] stereaster: a já CoD xdd
[16:57:53] jakop_shiit: ja hraju rust
[16:57:54] jozomenos: já hraju isaaca
[16:57:54] markoss114: ja🙏
[16:57:55] marmeladavisjak: @andulka28 MLADY @sebbbiv @Strycek_Klicek @1fallout1 yo
[16:57:56] noobko17: Můj silvester https://ctrlv.cz/Lp0L
[16:57:57] fikan7: ale no takkk
[16:57:58] madthax: xdd
[16:57:58] marmeladavisjak: @Jozomenos yo
[16:57:59] moonly65: ja taky hraju minecraft huh
