# Start logging at 2024-01-02 15:35:32 Central Europe Standard Time
[15:35:32] connected
[15:35:32] joined channel
[15:35:43] jah0dak: yo @Senkys57
[15:35:53] senkys57: Binoculous @jah0dak SoCute
[15:37:06] adysk_: peepoWow @jah0dak achooj SoCute
[15:37:07] 1fallout1: NOOOO
[15:37:13] 1asle1: :(
[15:37:18] jah0dak: yo @1fallout1 mlem
[15:37:30] jah0dak: HUH co se děje ?
[15:37:32] adysk_: @adysk_ gg xdd
[15:37:46] adysk_: @jah0dak asi prohráváme v hokeji Hmm
[15:37:51] jah0dak: aha
[15:37:54] tentomodsjefajn: nn
[15:37:56] 1asle1: ještě nn
[15:37:57] jah0dak: ani nevim že se hraje
[15:38:12] 1fallout1: yo jah0dak
[15:38:45] 1fallout1: dlouho pod tlakem jsme byli
[15:38:50] 1fallout1: škoda ty první čance
[15:39:49] jah0dak: joo ono je to proti canadě peepoSit veryCat
[15:40:06] trichee68: VeryDance
[15:40:31] senkys57: veryCat
[15:41:25] jah0dak: peepoCzech
[15:43:09] rusher_x: !title
[15:43:09] streamelements: POLDA2 FIRST FEEL ~ DON'T BE SORRY, BE BETTER
[15:44:04] 1asle1: NAILS
[15:54:24] lumen5120: peepoCanada
[15:54:31] omegalullolxdd: DOYOUFEELTHEWEIGHTOFYOURSINSDOESITHURTDOESGODSJUDGEMENTFILLYOUWITHGUILTTORMENTTHEYRECOMINGTHEYRECOMI peepoCanada
[15:54:42] robotoroot: 3Heading
[15:55:19] jah0dak: FLASHBANG @Lumen5120 SoCute
[15:55:36] jah0dak: yo @OMEGALULLOLXDD @robotoroot LICKA
[15:55:44] robotoroot: @jah0dak yo
[15:55:44] lumen5120: @jah0dak, peepoStrawberry
[15:55:47] raadc: zaludLurk
[15:55:54] omegalullolxdd: #jah0dak yo
[15:55:56] lumen5120: @raadc, SoCute
[15:55:59] omegalullolxdd: @raadc peepoHey
[15:56:03] jah0dak: @raadc LICKA
[15:56:08] lumen5120: @robotoroot, SoCute
[15:56:11] raadc: @Lumen5120 @OMEGALULLOLXDD @jah0dak peepoHey
[15:56:20] senkys57: @OMEGALULLOLXDD aoj zahradníku SoCute
[15:56:20] lumen5120: @OMEGALULLOLXDD, SoCute
[15:56:22] robotoroot: @Lumen5120 yo
[15:56:33] robotoroot: @raadc sup
[15:56:38] raadc: @robotoroot yup
[15:56:44] robotoroot: @Senkys57 MLADY
