# Start logging at 2023-12-31 20:06:15 Central Europe Standard Time
[20:06:15] joined channel
[20:06:15] marty_vole is live!
[20:06:18] filippi_: OMEGALUL
[20:06:19] peachjamavi: OMEGALUL CO TI JEBE
[20:06:23] filippi_: OMEGALUL OMEGALUL OMEGALUL OMEGALUL OMEGALUL OMEGALUL OMEGALUL OMEGALUL OMEGALUL OMEGALUL
[20:06:24] filippi_: OMEGALUL OMEGALUL OMEGALUL OMEGALUL OMEGALUL
[20:06:27] bobeja22: OMEGALUL
[20:06:28] lopraak: @marty_vole bude sestřih ze streamu na YT??
[20:06:28] jajkubix_01: PepeLaugh
[20:06:28] keezlab: OMEGALUL
[20:06:30] peachjamavi: OMEGALUL Tak to bych se asi POSRAL
[20:06:31] thecrazycze: 140k -> 156k mělo být KEKW
[20:06:31] tomasbrut77: tvl ten musel řvát
[20:06:32] sigi3112: ?????????????????
[20:06:36] mar0__: kolik ze vsadil ? LUL
[20:06:39] dado2003: ešte jedno kolo nie ?
[20:06:41] sigi3112: proc KEKW
[20:06:41] mar0__: magor
[20:06:42] petrus89: kozelTOP kozelTOP kozelTOP kozelTOP kozelTOP  top sázka
[20:06:43] mar0__: LUL
[20:06:57] filippi_: tutovečka Classic
[20:06:58] mar0__: tyhle kurzy nema cenu davat LUL
[20:06:59] igornavara01: Ten musel hodně řvát no... fluffczLol fluffczLol fluffczLol
[20:07:03] lukyn_easycarry: OMEGALUL
[20:07:04] peachjamavi: Ale jestli má kozel z těch sázek reálně víc tak je to stejně asi jedno xddd
[20:07:16] szaren1: to vazne vsadil 150k? tak to mu jebe
