# Start logging at 2024-01-01 11:36:43 Central Europe Standard Time
[11:36:43] disconnected
[11:36:43] Monday, January 1, 2024
[11:36:46] joined channel
[11:37:07] marty_vole is now offline.
[11:41:47] adampirce: voleCUS
[11:41:48] streamelements: marty_vole is now live! Streaming World of Tanks: Krásný nový rok!
[11:42:02] dub_8: voleCUS
[11:42:02] adampirce: Lůca 570 subs KEKW
[11:42:10] marty_vole is live!
[11:42:15] tomik_minutovej_ebr: voleCUS voleCUS
[11:42:16] radim2n: voleCUS
[11:42:18] yetyn: Dobré ráno
[11:42:19] joebarbaro999: voleCUS
[11:42:19] iron_monk3y: Dobré ranko voleCUS
[11:42:21] makrela4: voleLOVE voleOLD
[11:42:25] anetobrien: ahojda voleCUS
[11:42:26] pavouk321: voleCUS
[11:42:29] t4nkt4h: dobré ráno
[11:42:29] idioten: čus @marty_vole  čus @chat
[11:42:31] patrik_t110e: dobré ráno Martine HeyGuys
[11:42:38] drobcheck1: Dobré poledne ve spolek
[11:42:40] asatal: zdarec márty zdarec všem a hezký nový rok voleCUS voleCUS
[11:42:40] venci_cz: Zdarec, hezký nový rok voleCUS voleCUS voleCUS
[11:42:43] jergilegi: nazdar
[11:42:47] patraas: holasaa hej
[11:42:47] panter_220: Čus Márty
[11:42:54] tuning323: voleCUS voleLOVE
[11:42:55] panferda: dobré dopoledne
[11:43:00] proctochcesvedet: tak stastnej novej rok všem voleLOVE
[11:43:02] hyonovskiy: Hula Hej hyonovTOCKY
[11:43:08] cvachtalkalich: hola heeeeej
[11:43:13] ondr3jt: voleAHOJ Marty voleCUS vsetkym stastnym novy rok zelam voleYES
[11:43:18] leve89: dobré ráno
[11:43:18] iron_monk3y: Vyspanej? voleTEA
[11:43:22] patrik_t110e: @proctochcesvedet tobě též <3
[11:43:23] patraas: ale nadhera, nikdo z nas nebrečel, takze dobryy
[11:43:24] pavelos: Ahooooj peepoHey voleLOVE Krásný nový rok všem voleHAPPY
[11:43:39] patraas: to je jedno
[11:43:41] patraas: KEKW
[11:43:42] topgunn_: Ahoj peepoHey
[11:43:43] jonda__cz: čau marty
[11:43:43] davson_easycarry: Hulahej
[11:43:44] hyonovskiy: to je debil jenom
[11:43:49] cvachtalkalich: Patriku drž hubu chvíli
[11:43:59] cvachtalkalich: PantsGrab
[11:44:24] philipos_: Šťastný nový rok voleJAM
[11:44:24] philipos_ subscribed at Tier 1. They've subscribed for 43 months, currently on a 12 month streak!
[11:44:27] cvachtalkalich: my mega uzito
[11:44:55] iron_monk3y: Začal stream ... teď můžu vylézt z postele udělat si čaj a snídani voleTEA SeemsGood
[11:44:57] b1iggles: Zdarec
[11:45:03] chudy_gnom: Dáváš čočku i jinde než na wotku dneska? Nebo sereš tyhle tradice?
[11:45:05] patraas: 500 subu za roky, jsem selfmade byznys man, vydělala jsem to za noc Kappa
[11:45:14] syny215: voleCUS
[11:45:24] leve89: byla včera nějaká ta videa od Appalacia?
[11:45:52] kristiankikino11: Zdravíčko voleCUS Všetko dobré do nového roku voleLUCKY
[11:45:52] philipos_: HOF na IX sú ? Tento by bol PogTasty EZ
[11:45:53] radimuk10: Ahoj, krásný nový rok všem voleLOVE
[11:46:02] masterpiecexd04: voleCUS voleLOVE
[11:46:14] mrwondrka: Zdarec voleCUS Krásný nový rok voleLOVE
[11:46:17] pavelos: @masterpiecexd04 peepoHey pavelo4LOVE
[11:46:25] pavelos: @mrwondrka Zdravíčko peepoHey pavelo4LOVE
[11:46:27] jakubbbbe: Nemyslíš že wotko pokazili???
[11:46:32] mrwondrka: @pavelos Čuuuus voleCUS
[11:46:38] andrew_neverlucky: voleCUS
[11:46:59] masterpiecexd04: @pavelos voleCUS pavelo4LOVE
[11:47:08] jakubbbbe: No že už to není také aké to bolo
[11:47:12] n0skill4: ahoj Márty voleCUS a přeju krásný nový rok to ě i všem v chatu ať nás ta hra furt baví voleZEN
[11:47:34] mrwondrka: Pivo
[11:47:49] mikita1977: voleCUS  tak do kolika jste psali pohadky?
[11:47:54] dynamit68: HeyGuys HeyGuys  @marty_vole Markoval jsi někdy 114 SP2 ?
[11:48:37] mikita1977: ja zdechnul, deti dyl vzhuru nez ja:)))
[11:48:40] robin_1011: Ahoj a krásný nový rok všem
[11:48:41] lorry01: Vyšlo krásně na Nový rok. voleCUS voleCUS voleCUS <3 voleLOVE
[11:48:41] lorry01 subscribed at Tier 1. They've subscribed for 70 months, currently on a 68 month streak!
[11:48:54] tryhard_tom: čau voleCUS
[11:49:04] thebuldogzer_: Jak na novej... voleHAPPY /
[11:49:04] TheBuldogzer_ subscribed at Tier 1. They've subscribed for 70 months!
[11:49:14] mikita1977: ja cocku delal, a taky jsem rozmrdal tri hluboky talire:))) dobre to zacalo
[11:49:18] annulle: ahooj peepoHey
[11:49:24] undeadelfmaster: Ahoooj voleHAPPY přeji všem hezký vstup do Nového roku pcmHYPE
[11:49:33] lorry01: TheBuldogzer_ čůs
[11:49:37] thebuldogzer_: Ahoj ahoj ahoj! Krásnej novej rok všem! voleLOVE voleHAPPY /
[11:50:04] filipp_2: Zdravíčko voleLOVE jsem pak večer projížděl streamy a u Lucky byl docela sub přepal voleWUT
[11:50:09] annulle: tak jsem včera poprvé jela sanitkou LUL
[11:50:26] simsacz: !modpack
[11:50:27] mikita1977: @annulle jakto?
[11:50:27] thebuldogzer_: @annulle Oh nooooo monkaS  A všechno v cajku?
[11:50:50] annulle: no hráli jsme na nintendu takové ty blbosti a cca v 11 jsem si vykloubila koleno a nenaskočilo mi zpátky
[11:51:00] janinka: Potkan incident Keepo
[11:51:04] zaverkasimon: hezké poledne všem
[11:51:04] annulle: LUL
[11:51:04] raduslov: Zdravim voleCUS
[11:51:06] emkousek: Šťastný nový Marty :) A hlavně zdravíčko :)
[11:51:07] tomik1588: ahoj
[11:51:07] just_wenx: Ahoj peepoHey
[11:51:10] thebuldogzer_: @annulle Auvajski! PainsChamp
[11:51:25] undeadelfmaster: Nintendo je až tak nebezpečný? pcmSERIOUS
[11:51:33] sniper_exdee: Čůs voleCUS
[11:51:37] sniper_exdee: aha
[11:51:43] sniper_ExDee subscribed with Prime. They've subscribed for 83 months!
[11:51:45] rasova_tolerance: Dobrý deň HeyGuys
[11:51:45] b1iggles: Vánoční hry be like
[11:51:47] sniper_exdee: lepší
[11:51:49] pterinochilus: ha, muj oblibeny nemecky tank
[11:51:49] janinka: sniper_ExDee PepeLaugh voleLOVE
[11:51:55] annulle: jako ještě asi zejtra pojedu někam k doktorovi aby mi čeknuli vazy, ale jinak podle rengenu atd vše v poho, tak si aspoň prodloužím dovolenou LUL
[11:51:58] sakalito: sklPAC tak jaky sis dal predsevzeti?
[11:52:12] odysseuscze: ahoj, stastny novy rok plny uspechu a vitezstvi!❤️
[11:52:13] janinka: sakalito jaký ty? LUL
[11:52:13] thebuldogzer_: @annulle Tak ať je to všechno v cajku voleLOVE
[11:52:16] chillwalkie: hello voleCUS voleLURK
[11:52:28] sakalito: @Janinka prezit dalsi rok Keepo
[11:52:32] annulle: @thebuldogzer_ jojo snad vše bude ok voleHAPPY
[11:52:36] thebuldogzer_: @sakalito Same here PepeLaugh
[11:52:39] sniper_exdee: @janinka Asi chyba v matrixu voleLOVE
[11:52:43] janinka: sakalito není to moc těžký? PauseChamp
[11:52:45] marcus__cz: zdarec voleCUS
[11:52:51] janinka: sniper_ExDee alespoň si měl slevičku Keepo
[11:52:52] paralax86: Ahoj Všem tankistum a tankistkam do Nového roku hodně zdravíčka!
[11:52:54] mikita1977: @sakalito tak nebylo by to spanty
[11:52:58] pista_520_: cuuuus voleCUS
[11:52:58] mikita1977: spatny
[11:53:00] mikita1977: pardon
[11:53:09] sakalito: @Janinka kazdym rokem tezsi a tezsi Keepo
[11:53:20] grizzly4mart: čaues tak at je ten novej rok lepsi nez ten vcerejsi ))))))
[11:53:21] pterinochilus: skoda ze cestina ma takove krkolomne slovo, predsevzeti. V anglictine se aspon  da udelat z toho vtip, jako ze "my new yeae's resolution is 1920x1080"
[11:53:24] edflame123: Čus bambus voleCUS
[11:53:30] pterinochilus: *year
[11:53:39] cookiekeks99: přeji krásný nový rok
[11:53:40] philipos_: Tie obyčajne APCR tam máš načo ? Kapp
[11:53:42] tomik1588: jak se máš?
[11:53:48] willi_cz: zdar přátelé
[11:54:00] lexxuscz: ahoj všem :)
[11:54:10] annulle: a víte co bylo nejhorší, že sedím v té ordinaci, kde mi začali na tu nohu koukat a čekám co mi řeknou atd. a oni se místo toho prostě  odešli koukat na ohňostroj KEKW
[11:54:25] pterinochilus: @philipos_ naboju to ma dost, a i ty obyc apcr maji slusnou pen. A obcas hrajes proti tier 7
[11:54:26] sakalito: @Janinka treba ted bylo v telce ze se k Japonskymu pobrezi blizi tsunami a mame evekuovat, ale co ja vim jestli to plati i pro nas Keepo
[11:54:29] thebuldogzer_: @annulle Ty vole KEKW It's funny but it's not
[11:55:01] janinka: sakalito voleTENSE
[11:55:19] thebuldogzer_: @sakalito Máňa povídala, že jo
[11:55:20] simis_734: Šťastný nový rok, nějaká kocovinka? HeyGuys
[11:55:36] pterinochilus: @sakalito tak vis co, kdyz nemci kvuli tsunami rusili jaderny elektrarny...
[11:55:38] sakalito: no v 1 ma bejt proslov prezidenta, pockam jestli se o tom zmini Keepo
[11:55:44] tepechriav: Krásný Nový Rok všem, vše nejlepší. Hodně štěstí, spokojenosti, pevné zdravíčko, úspěchy v osobním i pracovním životě, spolehlivé a veselé přátele a šťastné rodinné momenty po celý Rok. voleLOVE voleLOVE
[11:55:57] thebuldogzer_: @sakalito Ten to bude tajit přes obyčejným lidem
[11:55:58] rsko: 3k subů celkem se to pohnulo PauseChamp
[11:56:27] annulle: @TheBuldogzer_ jakoby bylo to celkem funny, ale tak nebylo to nic vážného, takže pohoda LUL
[11:56:30] rsko: to je dobrý přepal
[11:56:40] najetej_typek: Zdravíčko voleCUS  Krásný nový rok všem voleGOOD
[11:56:43] konadyn_: Susge
[11:56:49] brumik2018: dobré poledne přeji voleCUS
[11:56:50] tonik8522: Zdravím, jaké to včera bylo?
[11:56:58] aladintv: čaau
[11:57:00] nif_xd: zdarec voleCUS
[11:57:01] rsko: ale je spousta super contentu takže zaslouženě voleGOOD
[11:57:02] marcus__cz: do kdy že je ta sleva na gifty voleHMM Jebaited
[11:57:20] thr4x1k: Zdarec peepoHey Všechno nejlepší do nového roku! voleLOVE
[11:57:27] antinacista: peepoHey dobré "ráno" voleCUS
[11:57:32] marcus__cz: super stream včera byl
[11:57:33] janinka: Marcus__cz do zítra myslím PepeLaugh
[11:57:39] daalio: čus voleLOVE všechno nejlepší do nového roku všem!
[11:57:42] hammer_of_thor_ subscribed with Prime. They've subscribed for 44 months!
[11:57:53] marcus__cz: @Janinka času dost PepeLaugh
[11:58:06] maxppol: krásný novej vám přejí voleCUS
[11:58:28] maximsakal: taky přeji všechno nej do nového roku, hlavně zdraví
[11:58:49] daalio: lidi v Ostravě jsou psycho, byl jsem na náměstí na ohňostroj, pár petard vybuchlo na zemi kousek ode mě KEKW
[11:59:02] zendrox_: Čus tak jak žiješ po včerejšku :D ?
[11:59:06] janinka: Daalio Ostrava PepeLaugh
[11:59:31] nif_xd: třeba ještě přijdou Keepo
[11:59:32] chatpack: voleLOVE voleLOVE voleLOVE voleCUS
[11:59:50] avespanola: zdravím a vše nejlepší přeji.
[12:00:03] daalio: Janinka no hlavně nikoho to netrápilo ani, akorát jsme se na to dívali PepeLaugh
[12:00:16] nightbot: Nově mám spolupráci se značkou SteelSeries! Podívejte se na jejich produkty zde: https://steel.promo/GG_CZ_ForGlory_Marty
[12:00:19] kaktus23233: voleCUS voleLOVE  dobré dopoledne
[12:00:21] meli2712: voleCUS
[12:00:28] avespanola: dnes jsou v plánu ještě nějaké čety? PauseChamp
[12:00:41] martinuson12: voleCUS voleCUS
[12:01:06] sword_vlx: voleCUS  Nazdar, jak je po včerejšku?
[12:01:11] nightbot: Linky na sociální sítě:  * www.facebook.com/martyvolewot * www.instagram.com/marty__vole * www.youtube.com/channel/UCkQ48cHET_A-ZeiVT_N0o8A *
[12:01:15] nif_xd: ty to hraješ bez stabíku monkaW
[12:01:17] kaktus23233: jak včera dopadlo to kreslení? LUL LUL
[12:01:39] kamen009: al
[12:01:43] kamen009: ale ahoj ;)
