# Start logging at 2024-01-01 11:36:43 Central Europe Standard Time
[11:36:43] disconnected
[11:36:43] Monday, January 1, 2024
[11:36:57] joined channel
[11:37:07] Mazarin1k is now offline.
[11:42:51] fillipp_: Wokege
[11:54:37] j0keercz: !frags
[11:55:12] j0keercz: !ček
[11:55:12] streamelements: j0keercz has 8188 Frags
[11:55:24] j0keercz: peepoLeave
[12:03:24] xmonster1234: Nazdar kuny
[12:07:04] mordecay_: Tak kde je FeelsLateMan
[12:07:10] mordecay_: Už potřebuju svou dávku Tarkova Sadge
[12:21:40] fillipp_: Potrebuju videt vyhlášení klipu Wokege
[12:50:43] twipsicz: @mordecay_ HUH
[13:23:18] karlos83cz: !store
[13:23:19] streamelements: Karlos83cz https://streamelements.com/mazarin1k/store
[13:25:14] streamelements: murlocek právě ukradl/a "Shenmue III" FeelsGoodMan
[13:27:08] streamelements: karlos83cz právě ukradl/a "GRIME" FeelsGoodMan
[13:51:47] detrixx: !ček
[13:51:48] streamelements: Detrixx has 1290 Frags
[14:30:05] streamelements: Mazarin1k is now live! Streaming Escape from Tarkov: 2024 bude nudny rok, zaslouzime si ho👉20:00 last  Vyhlaseni BOTY 2023 a WIPE FRAGU👉Svátek má Nový rok.
[14:30:10] Mazarin1k is live!
[14:30:24] majskaj: HeyGuys
[14:30:29] jakubjerrry: dobré ráno mazaAVE
[14:30:33] panlbb: HeyGuys HeyGuys
[14:30:38] letocz88: peepoHey
[14:30:39] tsm_jojk: Dobré ráno přeji mazaDRINK
[14:30:44] detrixx: čuuus maza /
[14:30:45] karlos83cz: Zdareeeec
[14:31:33] detrixx: Mazarin1k, dneska padla red keycarda LETSGO
[14:31:34] ph0sph0rus: helou mazaDRINK
[14:31:41] mikaboshi__: čaau
[14:31:45] jetoxxx: mazaSALUT
[14:32:07] minho49: hi
[14:32:09] jetoxxx: to se hodi napsat az po 22 hodine
[14:32:19] tsm_jojk: Měl jsem jen jeden gin tonic a šampaňské, já jsem v pohodě narozdil od Babci mazaDRINK
[14:32:23] slimentbruh: mazaSALUT
[14:32:23] hidejosi: @Mazarin1k  zdarec vše nej do nového roku jak tobě tak celé tvé rodině
[14:32:35] jetoxxx: jsem rad ze chutnalo
[14:33:01] streamelements: Pozor! Subíci a modové můžou při vtipném momentu napsat !clip do chatu, automaticky se vytvoří a pošle!
[14:33:29] mikaboshi__: jaká byla párty? já jsem ted ve Švýcarsku na lyžích. Mrknul jsem 2x na vás a vypadalo to na velkou pohodu.
