# Start logging at 2024-01-02 15:35:32 Central Europe Standard Time
[15:35:32] connected
[15:35:45] joined channel
[15:35:45] mazarin1k is live!
[15:37:01] mordecay_: No rozhodně bych si ho nevšiml
[15:39:19] detrixx: Deadge
[15:40:12] r3nfi3ld3r: asi sa mi ani neoplati zacat tarkov. Ako pozeram uz vsetci okolo 2k hodin
[15:40:42] mordecay_: @r3nfi3ld3r ale FeelsOkayMan Musíš se tím procpat jako všichni. Já taky trpěl prvních 10 hodin, pak to bylo jen lepší
[15:40:44] voldanekk: @r3nfi3ld3r to je all time ? či
[15:40:50] ministrjenda: @R3nfi3ld3r Na té nové mapě hrají i začátečníci jako ty
[15:40:53] detrixx: 2K hodin z toho 80% v menu mazaDRINK
[15:41:00] steveauditore: Byl jsem teď nějak pracovně indisponován a nedalo by se říct, že jsem byl úplně internetový člověk. Dokáže mi někdo vysvětlit tu nuditu na twitch? What the hell happened here?
[15:41:13] jetoxxx: doslovova tarkov neni tak tezky jen je potreba se tomu venovat
[15:41:19] mordecay_: Reálně dalších pár měsíců to vypadá, že nebudu hrát nic jiného KEKLEO
[15:41:20] jetoxxx: jen nevim jak ted vypada nova mapa
[15:41:23] mates626: já se bojím ze se stanu na této hře závislí
[15:41:28] fzaka: @R3nfi3ld3r ber ale že z 2k hodin tak reálně v raidech máš max tak 1200-1300H
[15:41:49] mordecay_: Flao dneska řekl pěknou věc. Tarkov je takové WoWko 2.0 @Mazarin1k
[15:41:56] steveauditore: Děkuji, to bylo hezky lakonický
[15:41:56] r3nfi3ld3r: hmmm.....tak to este prehodnotim.
[15:42:11] mordecay_: GIGACHAD we mature GIGACHAD
[15:42:18] jetoxxx: takze normalni wowko je pro deti ?
[15:42:27] mordecay_: Ano Jetoxi
[15:42:29] fajnyalszak: MorDecaY_ jj, prirovnani s wowkem je vlastne docela dobry
[15:42:29] fzaka: Hodně času taky trávíš v inventáři a v hideoutu. Hodně ti pomůže s aimem a movementem Arena
[15:42:31] jetoxxx: mazaNIQCA mazaNIQCA
[15:42:32] mrsojkic: Má nějaký impact výběr BEAR/USEC v eft?
[15:42:52] mordecay_: Reálně si dokážu představit, že zrovna můj táta by měl tu trpělivost ležet půl hodiny v křoví a čekat na scavy LuL @Mazarin1k
[15:42:56] thesklinka: @mrsojkic agro rogue NPC na lighthouse
[15:43:09] dominikfrost: Ahoj tak co tarkova dava??
[15:43:24] bizziiik: @mrsojkic počáteční zbraně, nějaké výhody v rámci lighthouse a agro rogue a pár questů
[15:43:41] mrsojkic: ok. díky
[15:43:46] vaneskaaaa17 gifted a Tier 1 sub to aalco_! This is their first Gift Sub in the channel!
[15:43:46] streamelements: aalco_ je borec PogChamp
[15:43:57] 858 raiders from Goes have joined!
[15:43:57] streamelements: Goes sem právě přivedl/a 858 diváků PogChamp
[15:43:59] apploud123: HALO
[15:44:00] padickos: cau
[15:44:03] kapodikappa: čau ňe
[15:44:05] peko111pe: čus bro
[15:44:07] karlos83cz: goesCiCo goesCiCo
[15:44:07] mayotutto: Nazdarek
[15:44:09] skyr0n__: sj12 dává jídlo
[15:44:12] maarfy: goesHello
[15:44:15] Goes subscribed at Tier 1. They've subscribed for 59 months!
[15:44:15] streamelements: Goes je borec PogChamp
[15:44:24] ministrjenda: goesVYPINAM
[15:44:25] ovedo007: sterakCus goesHi
[15:44:28] goes: Tak mam to na 6 mesicu jaks ukazoval
[15:44:29] princemarkoeu: 2k hype
[15:44:30] goes: catYes
[15:44:33] algetze: goesBeer
[15:44:48] apploud123: gusovci
[15:44:59] sulindvaas: goesUHNI
[15:45:23] kapodikappa: goesNEZVI Šuľo
[15:45:26] krpec11: LUL LUL LUL
[15:45:32] icybeard_: goesSUFLIKANT
[15:45:34] trochupuchu: od toho je ten ricinovej olej?
[15:45:35] sulindvaas: Kapii luvv
[15:45:37] goes: goesUHNI goesSUFLIKANT
[15:45:42] apploud123: pepeWTF
[15:45:44] kapodikappa: Šuľi luvv
[15:45:51] karlos83cz: goesHi
[15:45:59] fiore3d: morked roomka už je uzavřená
[15:46:02] fiore3d: ?
[15:46:05] fiore3d: marked*
[15:46:19] sulindvaas: Zdravím staršího Goese goesHaha
[15:46:25] ligis94: goesPepo
[15:46:26] kapodikappa: 3 správy v rade, máš ban Kappa
[15:46:37] dominikfrost: byl naky patch na tarkov?
[15:47:01] aalco_: mazaTARKOV
[15:47:35] okle_: Vraj pridávali nejaký "display" alebo "trophy room" kam sa dajú dať dogtags a má to dávať nejaký buff na xp/ruble. Kde to je? Na žiadnom streame som to nevidel :D
[15:48:24] ligis94: hall of fame
[15:48:28] ligis94: v hidoutu myslím
[15:48:33] icybeard_: @okle_ zrovna u goese to bylo, hall of fame
[15:48:49] okle_: Ahaa, tak dik za info :)
[15:49:03] ministrjenda: Trophy roomy lepší jak pokoje
[15:49:04] ttolstoy: @okle_ sak v hideoute ty pepego
[15:49:49] streamelements: ELEX II, Expeditions: Rome, From Space, Last Call BBS, Midnight Fight Express, Nobody Saves the World a další v Humble Choice Poganek https://www.humblebundle.com/subscription?partner=mazarini
[15:51:18] streamelements: Jsi mazaZID a nerad utrácíš peníze za hry? U nás ve store je můžeš pořídit za fragy a to se vyplatí. Neváhej a podívej se na naše akční nabídky zde: https://streamelements.com/mazarin1k/store
[15:51:41] burton55: widepeepoHappy
[15:51:46] winnie4cz: čekoslovakia...supr :D
[15:52:02] hollai_: Naštěstí to nebyla Čečna
[15:52:09] deadly89_: tak ještě, že si tě nespletli s Rusákem Kappa
[15:52:18] streamelements: Pozor! Subíci a modové můžou při vtipném momentu napsat !clip do chatu, automaticky se vytvoří a pošle!
[15:52:25] trochupuchu: lets make čechoslovakyja great again
[15:52:34] speedi_: why is seth rogen playing :D :D
[15:52:40] taranista: thats russian guy je horsi :D
[15:52:49] vosmiii: chat jaka se vyplati grindit preset v ARENE ??
[15:53:26] loskeltos: Cheer100
[15:53:35] lightbringer_21: @vosmiii CQB je asi najlepšie podla mňa
[15:53:44] vosmiii: @LightBringer_21  ok diky
[15:53:49] streamelements: Naše vlastní mazabingo zde https://1url.cz/3rY5t / Odkaz na discord vlákno na návrhy > https://bit.ly/3GglYtr
[15:53:54] mac0o515: Ten kkt s AS-VAL
[15:54:13] mac0o515: Scout
[15:54:22] taranista: @vosmiii za me je sranda brokovnice marksman
[15:54:31] taranista: @taranista tedy asault
[15:54:36] mordecay_: A jéje
[15:54:40] mordecay_: Mazi jde na okno PauseChamp
[15:55:28] vosmiii: ok díky borci zkusím scouta, brokovnice me moc neba :D
[15:56:39] taranista: @vosmiii me taky nebavila, ale v te arene me to ted nejak chytlo :D
[15:57:10] mordecay_: Giving bedna
