# Start logging at 2023-12-31 20:06:54 Central Europe Standard Time
[20:06:54] joined channel
[20:06:54] mazarin1k is live!
[20:07:10] gumovakachnicka: taky zdravíme z Chrudimi :D Kachnička a Atari
[20:07:13] omelkaa: já ještě 2 hodiny
[20:07:20] exiscz: kluci, děvčata zdar, jdu za rodinou!
[20:07:27] omelkaa: Ořechovka? Pog
[20:07:42] deltrix: @xMULTIKx doslova já v pepeze nejsem nominovaný, narozdíl od tebe ReallyMad
[20:07:44] jetoxxx: @Mazarin1k  pubg
[20:07:49] jetoxxx: asi pred 2 lety
[20:07:49] deltrix: @xMULTIKx a dám ti hlas ty pepego ReallyMad
[20:07:56] xmultikx: @Deltrix velká chyba ReallyMad
[20:08:01] jetoxxx: !clip
[20:08:02] deltrix: @xMULTIKx ReallyMad
[20:08:02] smilley44: xdd
[20:08:02] richclipbot: jetoxxx clip uložen, díky! https://clips.twitch.tv/UninterestedSmoothShallotKeyboardCat-ixKWqEHIupf-_mmD
[20:08:06] smilley44: OMEGALUL
[20:08:08] deltrix: @xMULTIKx můžeš za to ty stejně ReallyMad
[20:08:10] omelkaa: už šel blinkat
[20:08:13] gard125: ananasová pizza, ženské pití LUL změnil se
[20:08:15] doczo: babky to pijou no
[20:08:33] deltrix: tak já mám tělo jak ty ruku
[20:08:34] xmultikx: babči tomWTFW
[20:08:35] deltrix: majkle
