# Start logging at 2024-01-02 15:35:32 Central Europe Standard Time
[15:35:32] connected
[15:35:45] joined channel
[15:35:45] marwex is live!
[15:35:48] djsmrtka2020: !spotify
[15:35:48] streamelements: djsmrtka2020 Tady máš odkaz na playlist: https://1url.cz/Tu1qW
[15:35:54] Happyfoxcze watched 15 consecutive streams this month and sparked a watch streak!
[15:36:02] logen26: @nitrostar122203 yes, myslím
[15:36:32] eluuuu: máro len kvôli vode by som to nerobil vyššie KEKW stráta času
[15:36:39] romann__5: no kdyz jsem nic nedostal tak si ho musim koupit no :D
[15:36:39] romann__5 subscribed at Tier 1. They've subscribed for 7 months!
[15:36:39] streamelements: romann__5 obnovil subíka 7 měsíců v řadě Pog
[15:36:46] jamesbgalaxi: a láva?
[15:37:06] lidlninjask: ja som toho sa a dostal LUL LUL
[15:37:11] p1ed00r: §
[15:37:21] vasa_cz_15: Mohu se zeptat buť chat nebo máry  co znamená 10-11 v rp? Já to zapomněl
[15:37:26] gzio123: pořád se ti líbí ten nápad bydlet na ostrově uprostřed vody? KEKW
[15:37:26] 1 raiders from Marek_Black have joined!
[15:37:30] lidlninjask: saba *
[15:37:32] marek_black: huge raid Pog
[15:37:40] vajcech: Si stáhni fullbright ne?
[15:37:40] vilmos___: k
[15:37:44] mazek33: raidPEEPO
[15:37:48] eluuuu: máro na čo vyššie? KEKW to budeš mať iba problémy KEKW
[15:37:49] mazek33: !v
[15:37:49] mazek33 has been timed out for 1s. 
[15:37:51] thenowordguy: Hjuuudž rejd marke
[15:37:52] kanapy_: RaidPEEPO
[15:37:57] marek_black: @TheNoWordGuy jj xd
[15:38:06] mazek33: RaidPEEPO
[15:38:07] streamelements: Pokud nevidíte některé emotikony (  LULW peepoLove Clap ), tak si do svého prohlížece nainstalujte BTTV: https://betterttv.com/ ,FFZ: https://www.frankerfacez.com/  a 7tv: https://7tv.app/
[15:38:07] jamesbgalaxi: gg
[15:38:08] sidsjetlag: RIP pic
[15:38:10] tpajinka: gg
[15:38:13] pastelk: xddddddd
[15:38:14] jamesbgalaxi: škoda xd
[15:38:15] zloutek_jakoby: kamo tvoje mašinka má víc drillů než těžička cukyho... :D
[15:38:15] blabbystorm7231: xd
[15:38:19] sidsjetlag: Pog
[15:38:20] tafroo: Gg
[15:38:23] 0lpix: xdddd
[15:38:25] pastelk: dej si gamu lol
[15:38:27] nitrostar122203: Škoda
[15:38:28] gzio123: to je kokot už jsem to pochopil
[15:38:28] gulas333: Ach jaj
[15:38:52] habak08: Nastav tam tu kolej ale
[15:39:10] czechninja__: 0ev1l ale cca 300 iron blocků za hodinu to jde pepeLaugh
[15:39:12] pastelk: chtelo by to vetsi barel na dia upgrade
[15:39:12] gzio123: bright
[15:39:13] gzio123: joke
[15:39:16] cejpisek: @gzio123 ja taky xdd
[15:39:25] lukasruza: když se rozjedeš tak ti tam potece voda ze stropu @MarweX
[15:39:28] pastelk: @czechninja__ gg
[15:39:30] vitekkivi: taky až teď
[15:39:40] 0adm1: @gzio123 zkus bright naplnit aby byla full a máš fullbright
[15:39:42] lidlninjask: jj
[15:39:43] starlik72: jj 󠀀
[15:39:44] pastelk: jj
[15:39:47] vitek432: jj
[15:39:48] sofiasainers: jj
[15:39:50] stary__cz: peepoHey
[15:39:51] honza_139: Jj
[15:39:52] nitrostar122203: 1
[15:39:53] fr3nnki: jdi znicit ty koleje nahore
[15:39:54] mihyx1: jj
[15:40:00] romann__5: nechces si tam dat jeste do okola deployery at ti to tam dava bloky?
[15:40:08] pastelk: chybi ti tam jeden drill DinkDonk
[15:40:21] starlik72: gg
[15:40:22] jochannan: gg
[15:40:26] eluuuu: máro daj tam 7 deployerov čo budú mieriť hore a tam budú pokladať blocky kvôli vode
[15:40:30] petr_grufik: gg
[15:40:35] pastelk: woter cave bude topka
[15:40:45] dejve_1: b
[15:40:45] jamesbgalaxi: Pog
[15:40:46] pastelk: Pog
[15:40:48] vasa_cz_15: Cheer100 Dobrý den pane Márwex chci se jenom zeptat co znamená 10-11 v Rp ? Budu si kupovat pc a už si trénuji kódy atd.
[15:40:48] streamelements: vasa_cz_15 zrovna hodil 100 blitků Pog
[15:40:51] weidiiiik: nemáš tam koleje
[15:40:51] vitek432: POGGERS
[15:40:51] kanapy_: Pog
[15:40:52] imnottoloz: Pog
[15:40:54] tafroo: pog wtf
[15:40:55] sofiasainers: pog
[15:40:56] betrix_15: Pog
[15:41:00] mihyx1: jak tam jsou ty drilly tak to jezdí samo
[15:41:01] zloutek_jakoby: PogChamp PogChamp PogChamp PogChamp
[15:41:02] dejve_1: Pog wtf
[15:41:05] jmenuji_se_milan: Pog
[15:41:09] drtikol__cz: Pog
[15:41:11] pastelk: dosla stava KEKW
[15:41:13] habak08: Nastav tu kolej aby to potom pokládalo
[15:41:14] anubis_sk0: 2,6k ludi Pog
[15:41:18] eluuuu: Máro daj tam deploiery čo mieria hore a tam sa budú pokladať blocky
[15:41:21] dejve_1: KEKW
[15:41:34] drtikol__cz: @marwex nahoru deployery, aby to zastavivalo vodu
[15:41:34] dejve_1: fakt 2,6k kámo Pog
[15:41:37] streamelements: Vsaď si na Blast Premier s bonusem 6 000 Kč u Fortuny a poznej štěstí! Zaregistruj se https://bit.ly/CS2_LUCK
[15:41:38] jamesbgalaxi: HUH
[15:41:42] vitek432: xddd
[15:41:42] hugousik18: dej papouška na sedátko jede to samo @MarweX
[15:41:43] imnottoloz: Dal si je tam ty :)
[15:41:43] pastelk: KEKW
[15:41:47] jochannan: D:
[15:41:53] lidlninjask: ji
[15:41:53] imnottoloz: jj
[15:41:53] maybe_zey: MLADY
[15:41:55] jazzy_raw: jj
[15:41:57] pastelk: jj
[15:42:00] dejve_1: Máro podívej kolik je tu lidí @MarweX
[15:42:01] i____kady____i: jj
[15:42:07] pastelk: jj 󠀀
[15:42:09] zloutek_jakoby: jj
[15:42:09] pastelk: pepeD
[15:42:13] pastelk: patrickPls
[15:42:16] stary__cz: jak se mame maro?
[15:42:20] eluuuu: Marwe daj depolyeri tak aby mierili hore a tam sa budú pokladať automaticky blocky, tak sa zbavíš vody Ez
[15:42:24] petr_grufik: jj
[15:42:31] havel56: však budete mít ten schematic
[15:42:32] hordik_mirvons: i do buku
[15:42:38] hordik_mirvons: boku
[15:42:49] pastelk: KEKW
[15:42:51] habak08: Delej
[15:43:04] honza_139: Ten vlak je super
[15:43:07] streamelements: Pokud nevidíte některé emotikony (  LULW peepoLove Clap ), tak si do svého prohlížece nainstalujte BTTV: https://betterttv.com/ ,FFZ: https://www.frankerfacez.com/  a 7tv: https://7tv.app/
