# Start logging at 2024-01-01 11:36:43 Central Europe Standard Time
[11:36:43] disconnected
[11:36:43] Monday, January 1, 2024
[11:36:57] joined channel
[11:48:11] thenowordguy: eyo
[11:54:37] fandisplayzcz: GoodMorning
[12:21:02] danca_55: peepoHey 🫶
[12:26:14] fantikthegod: Zdravíčko
[12:55:53] pastelk: GoodMorning
[12:56:03] pastelk: peepoBongo
[12:59:39] gzio123: GoodMorning
[13:07:03] lenzyyyxd: GoodMorning
[13:09:43] lucisek_hihi: Hmm
[13:10:46] danca_55: Hmm
[13:13:12] pastelk: Hmm
[13:18:12] marek_black: GoodMorning
[13:28:00] fantikthegod: Hmm
[13:53:17] fandisplayzcz: GoodMorning
[14:00:19] fandisplayzcz: Hmm
[14:00:28] fandisplayzcz: bude streaam? Pog
[14:03:50] fandisplayzcz: chat mam best meme of all time xD
[14:03:55] fandisplayzcz: někdo tu?
[14:04:00] shadow_domc: Hmm
[14:04:06] fandisplayzcz: mohou se tu posílat odkazy?
[14:04:12] shadow_domc: eShrug
[14:04:19] fandisplayzcz: gg
[14:04:30] fandisplayzcz: je dost weird ale funny
[14:04:38] shadow_domc: tak whisper Hmm
[14:04:47] fandisplayzcz: starbucks logo from behind meme on yt
[14:04:51] fandisplayzcz: thats all..
[14:04:58] lucisek_hihi: Hmm
[14:05:16] fandisplayzcz: Hmm
[14:05:36] fandisplayzcz: rozbil jsem mámě skleničku po její babičce gg
[14:05:54] lucisek_hihi: 2pec
[14:06:00] shadow_domc: .... lituji svých životních rozhodnutí...
[14:06:03] fandisplayzcz: a ve sklepě nefunguje světlo
[14:06:06] shadow_domc: co to kurva je za meme
[14:06:06] fandisplayzcz: Monka
[14:06:21] fandisplayzcz: @shadow_domc https://youtube.com/shorts/HH7S8Bp2bjE?si=oAn14Rq8vy3MlNm2 tento?
[14:06:24] fandisplayzcz: je to on že
[14:06:27] fandisplayzcz: pepeLaugh
[14:06:44] shadow_domc: bohužel
[14:06:59] fandisplayzcz: gg daj se tu posílaat memes
[14:07:46] thenowordguy: peepoBored
[14:07:51] fandisplayzcz: stressed is just desserts backwards pepeLaugh
[14:07:58] fandisplayzcz: peepoBored
[14:08:07] fandisplayzcz: kdy to zapne jestli to zapne
[14:08:10] jendo33: !subs
[14:08:11] streamelements: Celých 2091 God Gamerů má víc IQ než normální pleb. Kapp
[14:08:13] shadow_domc: peepoBored
[14:08:33] fandisplayzcz: @streamelements více peněz* ale IQ možná taky
[14:10:53] fandisplayzcz: Waiting
[14:11:02] shadow_domc: StillWaiting
[14:11:20] danca_55: Nezapne, je s rodinou, povedal že možno 3. +-
[14:11:36] fandisplayzcz: Waiting 󠀀
[14:11:47] fandisplayzcz: StillWaiting
[14:12:00] fandisplayzcz: WaitingAngry
[14:12:07] shadow_domc: StillStillWaiting
[14:12:16] pastelk: chate Hmm jak se jmenuje ten plugin/mod na to niceni stromu na kliknuti?
[14:12:30] shadow_domc: tree capitator?
[14:12:34] shadow_domc: či něco také
[14:12:46] fandisplayzcz: @shadow_domc jup
[14:13:12] pastelk: @shadow_domc yes dik
[14:13:16] shadow_domc: np
[14:14:03] streamelements: Vsaď si na Blast Premier s bonusem 6 000 Kč u Fortuny a poznej štěstí! Zaregistruj se https://bit.ly/CS2_LUCK
[14:15:42] thc_ondrej: štastnej novej rok
[14:16:12] shadow_domc: štastnej novej rok
[14:17:58] fandisplayzcz: šťastnej a veselej pepeLaugh
[14:18:35] fandisplayzcz: !discord
[14:18:35] streamelements: Připoj se na náš discord: https://discord.com/invite/57A3EqK6cQ
[14:18:47] thenowordguy: pastelk jde hrát mc PauseChamp
[14:19:53] pastelk: @thenowordguy jj POGGIES
[14:20:03] streamelements: Pokud nevidíš POGGERS emotky na mobilu, stáhni http://mrwx.cz/androiddank , http://mrwx.cz/androidchatsen nebo http://mrwx.cz/chatsen , který funguje i na iPhonu. Nesbíráš ale věrnostní body.
[14:20:07] thenowordguy: POGGERS Clap
[14:20:09] lucisek_hihi: Hmm
[14:20:33] streamelements: Náš discord: https://discord.com/invite/57A3EqK6cQ
[14:21:03] pastelk: strasne spinkam ze treecut neni v modpacku ale v pluginu ResidentSleeper
[14:24:36] thc_ondrej: jj
[14:24:48] thc_ondrej: chytam na ten mod pack nerva
[14:26:48] pastelk: @thc_ondrej why :D
[14:30:05] thc_ondrej: ty nemas mod pack majnru Danki ?
[14:30:15] fandisplayzcz: Danki
[14:30:20] thc_ondrej: Hmm
[14:30:33] thc_ondrej: @pastelk, DinkDonk
[14:30:55] pastelk: @thc_ondrej mam
[14:31:24] thc_ondrej: no tak jsem asi nepochopil otazku gg
[14:31:27] thc_ondrej: promin
[14:31:33] thc_ondrej: ppPoof
[14:31:46] pastelk: @thc_ondrej coze XDDDD
[14:32:01] thc_ondrej: nic nic
[14:32:03] streamelements: Vsaď si na Blast Premier s bonusem 6 000 Kč u Fortuny a poznej štěstí! Zaregistruj se https://bit.ly/CS2_LUCK
[14:34:14] pastelk: kde bere mara ty stavby na kanon Hmm peepoShy
[14:37:48] fandisplayzcz: Pov: píšeš někam heslo a máš klávesu ve stavu jako já klávesu D (občas se napíše sama dvakrát a to jí zmáčkneš jednou) (děje se mi to v každý zprávě ale někdy si toho všimnu) a to heslo ani nejde odkrýt aby jsi si ho zkontroloval: Danki Hmm Madge pepePolice .
[14:48:48] thc_ondrej: @pastelk, nevím taky jsem to nenašel
[15:04:22] koudas1616: !mody
[15:04:32] pastelk: @koudas1616 skoro no
[15:04:42] koudas1616: !mods
[15:04:52] pastelk: @koudas1616 skoro
[15:04:53] thenowordguy: pastel
[15:04:54] koudas1616: tak jsem blb jak to je prosím
[15:05:00] pastelk: @thenowordguy yes sir?
[15:05:01] thenowordguy: neco jako planec minecraft myslim
[15:05:07] thenowordguy: planet*
[15:05:13] pastelk: @koudas1616 co presne chces,
[15:05:36] pastelk: @thenowordguy ajo dik
[15:05:37] koudas1616: jak má grafiku do FiveM
[15:05:45] pastelk: !shaders
[15:05:45] streamelements: Barvy: reshade.me (Technicolor2, Vignette), QuantV: https://www.patreon.com/QuantV
[15:05:50] koudas1616: díky
[15:06:45] pastelk: pico jak funguje locate RAGEY
[15:08:03] streamelements: Vsaď si na Blast Premier s bonusem 6 000 Kč u Fortuny a poznej štěstí! Zaregistruj se https://bit.ly/CS2_LUCK
[15:17:31] fandisplayzcz: @pastelk good question..
[15:19:22] fandisplayzcz: chipichipichapachapadubidubidabadabamagicodubidubiboomboomboomboom
[15:42:11] xubacz: !subs
[15:42:12] streamelements: Celých 2091 God Gamerů má víc IQ než normální pleb. Kapp
[15:42:25] xubacz: LOL hezky :D
[16:07:21] lucisek_hihi: Hmm 󠀀
[16:07:54] pastelk: stream jeste dneska PauseChamp
[16:08:19] tojejedno_andrej: Nemyslím, v záznamu na konci streamu hovoril ,že stream zajtra alebo pozajtra..
[16:08:24] tojejedno_andrej: čož 2.1 alebo 3.1...
[16:08:29] pastelk: gg
[16:08:46] tojejedno_andrej: !offline
[16:08:46] streamelements: ToJeJedno_Andrej byl v offline chatu u Máry  30 days 21 hours
[16:08:49] squarezcz: no ale to streamoval jeste 31, či? :D
[16:09:01] pastelk: @tojejedno_andrej zitra ale vcera bylo takze zitra nebo dneska Hmm
[16:09:21] tojejedno_andrej: To je jedno jžs.. v záznamu.. v poslednom
[16:09:25] tojejedno_andrej: si daj na konci streamu
[16:09:27] tojejedno_andrej: a tam to máš..
[16:09:28] tojejedno_andrej: 2pec
[16:10:01] pastelk: RAGEY
[16:10:10] squarezcz: @pastelk neres :D on to nechape
[16:11:10] squarezcz: wait, on rikal 2. či 3. že bude řešit nábor do uwu cafe, ci tak nejak, ale dal idk
[16:11:43] fandisplayzcz: neviem nič
[16:12:37] mixidoxo: Pred 10 min marwex dával na ig story syna, takže dnes asi nič Sadge
[16:12:53] fandisplayzcz: Sadge
[16:13:13] pastelk: Sadge
[16:13:20] tojejedno_andrej: https://www.twitch.tv/videos/2018944245 02:55:45
[16:13:23] tojejedno_andrej: 2pec
[16:13:50] tojejedno_andrej: "vidíme sa 2. alebo 3." takže kto nechápe?
[16:14:30] fandisplayzcz: gg
[16:14:46] tojejedno_andrej: Nebavím sa s váma.. peepoIgnore
[16:15:15] mixidoxo: peepoBye
[16:16:12] pastelk: @tojejedno_andrej mwxScam
[16:16:22] squarezcz: @tojejedno_andrej sorry bro KEKW
[16:23:17] marwex: !t ŠŤASTNÝ NOVÝ ROK SRÁČOVÉ
[16:23:17] streamelements: @MarweX changed the title to "ŠŤASTNÝ NOVÝ ROK SRÁČOVÉ"!
[16:23:20] marwex: !mc
[16:23:20] streamelements: Minecraft
[16:23:30] kofolal: Pog
[16:23:30] streamelements: MarweX is now live! Streaming Minecraft: ŠŤASTNÝ NOVÝ ROK SRÁČOVÉ
[16:23:35] lukasar55: Pog
[16:23:39] matesvt: cc
[16:23:40] MarweX is live!
[16:23:43] lukasar55: peepoHey
[16:23:47] cvrkynka: peepoHey
[16:23:53] brumiiiiiikk: peepoHey
[16:23:53] f1da__: peepoHey
[16:23:53] vacvild: cs
[16:23:54] fandisplayzcz: POGGERS
[16:23:54] dzejko0b_: peepoHey
[16:23:56] maraew: mwxHI mwxHI mwxHI mwxHI
[16:23:56] nikithaa_: čaaaaau
[16:23:58] cukrol: ahooj
[16:23:58] donner574czech: peepoHey
[16:23:59] katus_24: PeepoHey
[16:24:00] mixidoxo: ToJeJedno_Andrej a teraz čo povieš?
[16:24:00] pesatovae: cs
[16:24:01] pastelk: co jsem rikal @ToJeJedno_Andrej ?
[16:24:02] p3tr_0: oss
[16:24:03] slendybro: pog
[16:24:03] jsemkis: mwxHI mwxHI
[16:24:04] prezddak: cauu
[16:24:05] kilzon159: čauu
[16:24:05] lukymysak269: peepoHey
[16:24:06] m_a_x_i_s_: hi
[16:24:06] policegame511: mwxHI
[16:24:07] matej32eu: peepoHey
[16:24:07] twinice12: Čauuuuu
[16:24:07] cukyfans32: cs
[16:24:08] christoph_zgz: Cs
[16:24:09] li_david_il: cau
[16:24:09] matasova_v: ahoj
[16:24:09] pro_gamercz: Aooj @chat @mods @marwex
[16:24:09] straty_best: PeepoHey
[16:24:10] fandisplayzcz: POGGERS 󠀀
[16:24:10] grittoncze: mwxHI mwxHI mwxHI mwxHI mwxHI
[16:24:10] koliczek1: peepoHey mwxL mwxL
[16:24:13] marekmarekmarek01: mwxHI mwxHI mwxHI mwxHI
[16:24:13] mafiajenejcz: Happy bew yerlar
[16:24:14] thesimikcz: cuuus
[16:24:15] mihyx1: peepoHey
[16:24:15] lolko744754: ahoj a štastý nový rok
[16:24:16] christoph_zgz: Haopy
[16:24:17] groguwz: cs
[16:24:18] robertsliwa: Ahoj
[16:24:18] fandisplayzcz: peepoHey
[16:24:18] iojeshuia1: cs
[16:24:19] vlkisek: peepoHey @chat @MarweX
[16:24:19] habak08: Aoy
[16:24:19] d4bsbro: peepoHey
[16:24:19] edovkilll: Cs
[16:24:19] pesatovae: mwxHI mwxHI mwxHI mwxHI mwxHI mwxHI mwxHI
[16:24:20] valiente_k: Ahoj
[16:24:20] matesvt: HYPERS HYPERS
[16:24:22] tokunbro: jsem myslel ze s kocovinou budes spat dele
[16:24:22] niklisek07: peepoHey
[16:24:23] kaaatkaa: mwxHI mwxHI
[16:24:23] zabijak158: co dnes bude?
[16:24:24] susenka_04: FutureMan
[16:24:25] iojeshuia1: happy
[16:24:25] grittoncze: Šťastný nový rok
[16:24:25] certik_102: mwxHI hry
[16:24:26] simona_2572009: Ahoj šťastný nový rok prajem
[16:24:27] kofolal: AlienPls3
[16:24:27] tellocz: @marwex čs čs šťastný nový rok
[16:24:28] luciaforest: ahojj
[16:24:29] fandisplayzcz: hi yt pepeLaugh
[16:24:31] dydyvodyka: Co děláš doma ty mrdko
[16:24:32] twitch_adela: peepoHey
[16:24:32] okoun_cz777: TwitchConHYPE
[16:24:35] matulka20op: jak se máte
[16:24:36] pastelk: hi yt Kapp
[16:24:37] pajisssss: Ahoj
[16:24:38] iojeshuia1: mwxSexy mwxSexy mwxSexy mwxSexy mwxSexy mwxSexy mwxSexy mwxSexy mwxSexy mwxSexy mwxSexy mwxSexy mwxSexy mwxSexy mwxSexy mwxSexy mwxSexy mwxSexy
[16:24:38] iojeshuia1 has been timed out for 30s. 
[16:24:39] christoph_zgz: @marwex pusť tam svůj nový song
[16:24:39] adrix_618171: Ahoj kdy bude majnr nevíte?
[16:24:40] adrix_618171 has been timed out for 10m. 
[16:24:40] tellocz: @mods šťastný nový rok
[16:24:42] darwcz: zdravim
[16:24:42] grittoncze: @dydyvodyka cc
[16:24:44] susenka_04: Dydy!!
[16:24:45] vokurek200: ahooj§
[16:24:47] wolfikgodd: peepoHey
[16:24:50] zabijak158: dobre se mám
[16:24:50] tonicekk_cz: mwxHI mwxHI mwxHI
[16:24:53] pastelk: cs
[16:24:54] samularto: Čaute N, teda cože
[16:24:55] susenka_04: @dydyvodyka  caau
[16:24:55] t5d__: Cs
[16:24:57] tpajinka: peepoHey
[16:24:57] christoph_zgz: Kdy je nový rok?
[16:24:57] dydyvodyka: tady jste zas všichni hladový RAGEY čau čau
[16:24:58] mihyx1: @DydyVodyka aoy
[16:24:58] kofolal: MLADY
[16:24:58] pastelk: too
[16:24:59] tmrmn24_: Cs
[16:25:00] milthevlaky: Zdravím
[16:25:00] kurpacnak: ahojj
[16:25:00] mioxsk: Ahoj
[16:25:00] sima_8888888: ahoj
[16:25:02] toxik_boy143: peepoHey
[16:25:03] robertsliwa: Krásné prožití Silvestra, hodně zdraví, lásky a štěstí v Novém roce.
[16:25:03] peepoherold: aoj
[16:25:03] hraatch: peepoHey @chat @MarweX @mods
[16:25:03] martinko52: tobě taky
[16:25:03] tonicekk_cz: takyy
[16:25:04] f1da__: Šťastný nový rok i tobě.
[16:25:04] imhype20: peepoHey člověk kouká na zánznam a najednou to zapneš
[16:25:04] draxmaniak99: Cs
[16:25:05] matesvt: mwxHI mwxHI
[16:25:05] fandisplayzcz: cs
[16:25:06] rizek_s_kasi_: peepoHey
[16:25:07] christoph_zgz: PopNemo DinoDance
[16:25:07] dany181719: Tobě taky
[16:25:10] dany181719: Rp
[16:25:11] martinko52: to nedáš
[16:25:12] adeelkiis: caukooo
[16:25:13] mixidoxo: peepoHey
[16:25:14] nat_kexcrew: Cs
[16:25:14] Star_Smughito watched 7 consecutive streams this month and sparked a watch streak!
[16:25:14] vojtechkloucek: @dydyvodyka  ahoj Krásný nový rok
[16:25:16] mihyx1: Šťastný nový rok
[16:25:17] koliczek1: pog
[16:25:18] xdecko_: peepoHey
[16:25:19] ada_felis: ahoj❤️
[16:25:20] kurpacnak: cs
