# Start logging at 2023-12-31 20:06:18 Central Europe Standard Time
[20:06:18] joined channel
[20:06:19] Opat04 is live!
[20:06:20] corristo5216: under pantofle opat
[20:06:25] gelniit: under pantofle
[20:06:28] fossabot: instagram.com/opat04x/ 🥶💯 Chading
[20:06:28] Announcement
[20:06:29] wergen_: PoPivu
[20:06:32] justvinky: teď si vyžere ten flame na začatku hry xdd
[20:06:33] tadaxs: xdd
[20:06:35] imgyyz: Warwick je nejlepsi
[20:06:36] deolord1: xddd
[20:06:38] gelniit: bring him beer
[20:06:38] misenko16: xdd
[20:06:38] nikolasxdxdx: omE
[20:06:39] alienpls04: mhm
[20:06:41] vyrolix: Klasikos podboťák
[20:06:44] lukys70: vidis
[20:06:46] lukys70: ja to rikal
[20:06:48] lukys70: kvuli unkillable
[20:06:50] xstimpayy1: prostě přišla čapla tboje pivko a odešla to si necháš líbitz?
[20:06:51] dzejkoubi: přeji hodně lásky
[20:06:56] lexen04: try it next game
[20:06:56] alienpls04: PoPivu
[20:06:57] imgyyz: Ja jsem to psal no ze dusk
[20:07:04] thetr1pp1n: ze  C TIER HAHHAHA
[20:07:04] lukys70: je to lepsi na allin one shit proc collector a reset E
[20:07:09] bajtavole: 2
[20:07:12] lukys70: dej mi inv dane
[20:07:14] deolord1: bez dat jednoho panacka xd
[20:07:14] pavca7: pls em
[20:07:14] lukys70: cmon
[20:07:14] h4ce1337: kokos ani nepozdraviš nas5
[20:07:17] lukys70: 關L關U關K關Y關S關#7070
[20:07:19] pavca7: hi im pavca
[20:07:32] dostal_jsem_ban128: hi
[20:07:38] semanji: tak ji nauč lol
[20:07:38] bajtavole: prej i am not und3r pantofle opatW
[20:07:42] veselka__: i LOVE 109 XDXDX#8972
[20:07:44] lukys70: WeirdAFMan
[20:07:45] kimuuri: opatHug
[20:07:53] kingslayer9_: opatHug
[20:07:54] dzejkoubi: HELOOOOOOOOOO ITS A MEEEEEEE MAAAARIOOOOO
[20:07:54] thetr1pp1n: hrajte aspon flexky ne omg
[20:07:58] katashiii1: opatHug
[20:08:02] vlnakos: no jo spláchnutej
[20:08:02] storyn13: vyhrali jste ?
[20:08:03] kimuuri: apls04 PagMan
[20:08:03] kimuuri: apls04 PagMan
[20:08:04] kimuuri: apls04 PagMan
[20:08:04] robieslahorek: 2025 to je chyba nejaka ne?
[20:08:11] alienpls04: jsem tam nejvic low elo xd
[20:08:16] robieslahorek: @opat04 2025 to je chyba ne nejaka?
[20:08:18] kimuuri: okay alien v lobby
[20:08:22] imgyyz: @robieslahorek nn
[20:08:23] vlnakos: OPATE
[20:08:25] h4ce1337: What is your plan on midnight?
[20:08:29] vlnakos: dobry _D
[20:08:32] tweety_: CatAHomie
[20:08:34] kingslayer9_: apls je alien ?
[20:08:38] kimuuri: jo
[20:08:41] kingslayer9_: Paggi
[20:08:42] kingslayer9_: okay
[20:08:43] lukys70: nice apls aspon
[20:08:46] lukys70: Pag
[20:08:47] alienpls04: @kingslayer9_ j
[20:08:49] corristo5216: niehovor po česky keď si ve francúzsku, alebo na teba naletí šlechta! tam možeš iba anglicky alebo niemecky
[20:08:55] vlnakos: xdd
[20:08:56] kimuuri: forsenNewYear
[20:08:57] tweety_: forsenNewYear
[20:08:59] wergen_: pepeJAM
[20:09:01] kingslayer9_: forsenNewYear
[20:09:05] gypsymutantp: gg bro
[20:09:08] alienpls04: forsenNewYear
[20:09:12] thetr1pp1n: More aspon flexky zahrajte
[20:09:25] kimuuri: KKool
[20:09:34] flaskos: @thetr1pp1n nemuzou
[20:09:34] messiahofleague: !dpi
[20:09:37] kimuuri: i have one more beer
[20:09:40] slowdeathxd: !msi
[20:09:41] kingslayer9_: PoPivu
[20:09:45] slowdeathxd: !ni
[20:09:52] trice999: PoPivu
[20:09:54] misenko16: dej si enerdžink nebo káves ať neodpadneš po tom chlastosu
[20:09:55] qwertzuiop123: kolik vypil piv
[20:10:03] slowdeathxd: !hovno
[20:10:07] deolord1: 4 prej
[20:10:09] corristo5216: !malta
[20:10:10] nightbot: 29.6. odlétám společně s (Artix, Yukka) na Maltu! Těšte se na epické streamy v nových prostorech bez sousedů! Irl streamy a mnohem více😎🌴🌊🥥Video: youtu.be/COMJa7XTlNs
[20:10:10] streamelements: https://www.youtube.com/opat04 😼⚡  https://www.youtube.com/opat04 😼⚡  https://www.youtube.com/opat04 😼⚡
[20:10:10] timitko1: Sazky
[20:10:15] lukys70: jo jdu na to
[20:10:23] qwertzuiop123: @deolord1 xDD nene šak je ozralej
[20:10:23] kingslayer9_: GAMBA
[20:10:29] tweety_: sázky DinkDonk
[20:10:30] tweety_: sázky DinkDonk
[20:10:30] tweety_: sázky DinkDonk
[20:10:31] vlnakos: xddddddddd
[20:10:34] heatngod: xdd
[20:10:35] lukys70: pice
[20:10:37] lukys70: nesithl jsem
[20:10:37] fossabot: RANK 1 CZ/SK MERCH opat04.gg/ 🏆😎 WICKED
[20:10:37] Announcement
[20:10:38] tada48: hapyiiinlk
[20:10:39] corristo5216: !whyopatpee'sindřez
[20:10:42] deolord1: vsak on je ozraly aj z 1
[20:10:45] lukys70: jaj ja udelal uplne stejnou
[20:10:45] kafkicc: go ezreal broo
[20:10:46] genesiscz: https://clips.twitch.tv/TangentialMagnificentRutabagaOSkomodo-wbSyw9SF-_GRDCpX
[20:10:47] lukys70: ale s 20 kills
[20:10:48] veselka__: @nightbot dobrej command mods
[20:10:48] bigczech: Chat jak se jmenuje Opatova slečna na twitchu ? :)
[20:10:48] lukys70: 1ě da
[20:10:50] lukys70: 12 da
[20:10:51] corristo5216: "i made ex"
[20:10:53] qwertzuiop123: XDDDDDD
[20:10:57] kingslayer9_: santaPls
[20:10:58] alienpls04: nevim co hrat
[20:10:59] kafkicc: go ezreal plss
[20:11:07] fex99: xddd
[20:11:07] lukys70: let him
[20:11:08] corristo5216: he's na sračky
[20:11:09] lukys70: 5 more beers
[20:11:11] lukys70: PoPivu
[20:11:13] longous: Scammer04
[20:11:13] tweety_: PoPivu
[20:11:14] hlasy_v_hlave: XDDDDDDDDDDD
[20:11:14] alienpls04: PoPivu
[20:11:15] misenko16: wasted af
[20:11:18] deolord1: musi mu smrdet z drzky jak zmrd xddddd
[20:11:18] lukys70: cmon
[20:11:19] kingslayer9_: PoPivu
[20:11:20] kimuuri: PoPivu
[20:11:20] lukys70: let him
[20:11:22] kubo7: nice santa hat
[20:11:24] torrment1: PoPivu
[20:11:25] flaskos: it is
[20:11:29] fex99: In czech it is rule
[20:11:30] lukys70: santaPls
[20:11:32] misenko16: xdd
[20:11:35] kafkicc: go ezreL
[20:11:36] kimuuri: cmon evy pajaCMON
[20:11:38] bigczech: Chat jak se jmenuje Opatova slečna na twitchu ?  :)
[20:11:39] kimuuri: pajaCMON
[20:11:40] porgysek: čau lukys
[20:11:40] imgyyz: Jdi warwicka
[20:11:42] tweety_: pepeJAM 🍌
[20:11:42] tweety_: pepeJAM 🍌
[20:11:44] savagew0w: CBD time
[20:11:45] kimuuri: pepeJAM 🍌
[20:11:46] wergen_: pepeJAM 󠀀
[20:11:47] venclakk: piče jsem myslel že je to WIN/LOSE kurva ne killy zase jsem ztratil vsechny body
[20:11:48] thetr1pp1n: OFC YOU ARE SOBER KEKW
[20:11:49] kingslayer9_: pepeJAM
[20:11:49] dostal_jsem_ban128: @bigczech Evalunna
[20:11:54] mmnnjjkk11: cau ty ne.....///...,,, gre
[20:11:54] justvinky: pepeJAM 🍌
[20:11:59] mmnnjjkk11 has been permanently banned. 
[20:11:59] trice999: pepeJAM 🍌
[20:12:00] tadaxs: FirstTimeChatter
[20:12:00] corristo5216: táj
[20:12:02] tweety_: WeirdAFMan
[20:12:02] corristo5216: dolietal
[20:12:02] lukys70: jzs
[20:12:05] lukys70: ty jsi tak vtipny
[20:12:07] lukys70: ze napises nword
[20:12:07] wergen_: FirstTimeChatter
[20:12:08] lukys70: ICANT
[20:12:09] tweety_: haHAA
[20:12:10] wardred3: one shot the beer dan
[20:12:10] porgysek: lukys ty mrdko
[20:12:10] justvinky: pepeJAM 🍌 󠀀
[20:12:11] trice999: FirstTimeChatter
[20:12:12] h4ce1337: Baroraj z ústí
[20:12:12] pataaaak: objednej tam stalinový slzy na připitek aspon
[20:12:14] kubo7: je to gangster
[20:12:14] kimuuri: EleGiggle napsal jsem nword jsem gangster
[20:12:14] sykiii77: objednavej
[20:12:14] kimuuri: EleGiggle napsal jsem nword jsem gangster
[20:12:14] kimuuri: EleGiggle napsal jsem nword jsem gangster
[20:12:15] longous: Chlapec dolietal
[20:12:17] wergen_: ICANT
[20:12:18] lukys70: co je
[20:12:18] kingslayer9_: EleGiggle
[20:12:19] lukys70: porgy
[20:12:20] kingslayer9_: EleGiggle 󠀀
[20:12:20] seli__: !smlouva
[20:12:21] streamelements: Po 6 měsíčním čekání jsem opět twitch partnerem! Díky tomu můžeme získat lepší smlouvu 70/30, k tomu ale potřebuji udržet 350 placených tier 1 subů(gifted ani prime se nepočítají) po dobu 3 měsíců. Pokud mě tedy aktuálně chcete podpořit tier 1 sub je nejlepší cestou. (Listopad ☑ , Prosinec ☑ , Leden - )
[20:12:21] lukys70: jak mrdko
[20:12:22] lukys70: ty spino
[20:12:27] porgysek: pozdrav zpatky
[20:12:29] porgysek: snad ne
[20:12:30] lukys70: jo ah
[20:12:30] thetr1pp1n: EleGIGGLE
[20:12:31] lukys70: prosim
[20:12:33] lukys70: ja to nevidel
[20:12:33] lukys70: XD
[20:12:34] kimuuri: cau porgy
[20:12:35] lukys70: can porgy :3
[20:12:38] lukys70: u
[20:12:42] lukys70: jdes duo porgy
[20:12:43] lexen04: cs porgy
[20:12:43] porgysek: mas stesti
[20:12:43] kingslayer9_: Tasty
[20:12:43] fossabot: FOLLOW NA TIKTOK PROSÍM tiktok.com/@opat04 😭💀 IMLITERALLYDEAD
[20:12:43] Announcement
[20:12:43] seli__: proc tam mas 2025 XDDDD
[20:12:48] imgyyz: dobrou chut
[20:12:48] tonixxs1: cau ne
[20:12:49] alienpls04: santaPls
[20:12:51] h4ce1337: @Opat04 pojdes dneska aj vlada????
[20:12:52] justvinky: pepeJAM 🍌
[20:12:52] thegeniuskid: ty jsi matlafous
[20:12:53] trice999: EntropyWins
[20:12:53] kingslayer9_: santaPls
[20:12:54] vlnakos: xdddddd
[20:12:55] alienpls04: santaPls 󠀀
[20:12:56] dannkkoo: order beer bro
[20:12:56] corristo5216: Ta lissandra je czechcloud?
[20:12:58] vlnakos: entropiq gg
[20:12:58] kiklos123: DEJ SI VODU PLS
[20:13:01] kimuuri: pepeJAM 🍌
[20:13:03] lukys70: pepeJAM
[20:13:04] tweety_: pepeJAM 🍌
[20:13:04] porgysek: @lukys70 ok
[20:13:05] dostal_jsem_ban128: @corristo5216 jojo
[20:13:06] thetr1pp1n: Proč radši nehrajte flexky?
[20:13:06] kingslayer9_: pepeJAM
[20:13:09] timitko1: Daj si pi o
[20:13:12] timitko1: Pivo
[20:13:14] fossabot: V I E T _ _ _ ❓
[20:13:17] kubo7: NaM
[20:13:18] theanonymer1: NaM
[20:13:18] katashiii1: NaM
[20:13:19] trice999: NaM
[20:13:20] vlnakos: NaM
[20:13:22] average_c0ffee_enjoyer: !title
[20:13:22] kimuuri: NaM
[20:13:22] streamelements: 5x NaM combo SeemsGood
[20:13:22] nightbot: @average_c0ffee_enjoyer -> Current Stream Title: VŠECHNO NEJLEPŠÍ DO 2025!! MENŠÍ DRUNK STREAM, NORMÁLKY S CHATEM!💃🏼 🏆🏆🏆🏆🏆 | EUW ✅ EUNE (2)✅✅ RU ✅ TR ❌ | !smlouva  PROSINEC HOTOVO!
[20:13:23] kolemjdouci: Nemlaskej prase
[20:13:29] average_c0ffee_enjoyer: @nightbot 2025 xdd
[20:13:29] misenko16: lets order more beer KKonaW hell yeah dude
[20:13:29] thetr1pp1n: ICAANT
[20:13:31] alienpls04: PoPivu ...
[20:13:37] timitko1: Daj si pivo
[20:13:39] spaghetysmaslem: cau opate mohl bzch s vami pristi hru ?
[20:13:39] kingslayer9_: PoPivu
[20:13:44] lukys70: @porgysek mas neco euw dia ?
[20:13:46] h4ce1337: bude dnes nejaký vlad gameplay?
[20:13:49] pataaaak: FirstTimeChatter
[20:13:49] kingslayer9_: Tasty
[20:13:51] trice999: FirstTimeChatter
[20:13:52] justvinky: FirstTimeChatter
[20:13:55] ahojkypusinky16: 713559877
[20:13:55] alienpls04: FirstTimeChatter
[20:13:56] dostal_jsem_ban128: FirstTimeChatter FirstTimeChatter
[20:13:56] wergen_: FirstTimeChatter
[20:13:59] tweety_: FirstTimeChatter
[20:14:02] luk1n_xd: 2025?
[20:14:02] streamelements: 4x FirstTimeChatter combo SeemsGood
[20:14:08] porgysek: @lukys70 mam jenom fresh na westu
[20:14:13] ahojkypusinky16: opat zavolej mi 733 455 666
[20:14:15] timitko1: Objednaj si pivo
[20:14:17] ahojkypusinky16 has been timed out for 1s. 
[20:14:18] hypnojede: !smlouva
[20:14:19] streamelements: Po 6 měsíčním čekání jsem opět twitch partnerem! Díky tomu můžeme získat lepší smlouvu 70/30, k tomu ale potřebuji udržet 350 placených tier 1 subů(gifted ani prime se nepočítají) po dobu 3 měsíců. Pokud mě tedy aktuálně chcete podpořit tier 1 sub je nejlepší cestou. (Listopad ☑ , Prosinec ☑ , Leden - )
[20:14:24] trice999: dolietal
[20:14:24] lukys70: @porgysek pockej podivam se jestli mam neco na westu fresh
[20:14:27] crownfortheking: ani nevíš kolikrát jsem nemohl dokoukat tvoje video jen kvůli tomu že neumíš žrát, umlaskanej hurvínek xdd
[20:14:27] streamelements: https://www.youtube.com/opat04 😼⚡  https://www.youtube.com/opat04 😼⚡  https://www.youtube.com/opat04 😼⚡
[20:14:29] thetr1pp1n: co s těmi  6k RPCKA bude Opening?
[20:14:35] porgysek: @lukys70 oki
[20:14:35] timitko1: Okej
[20:14:38] ugandafartpolice: zase něco uebala
[20:14:40] stormrazorr: okej
[20:14:40] misenko16: ok
[20:14:48] kingslayer9_: Tasty 󠀀
[20:14:51] timitko1: Áno to je ono
[20:14:51] kubo7: Tasty
[20:14:55] misenko16: Tasty
[20:14:55] lukys70: Tasty
[20:14:58] kimuuri: PogTasty
[20:14:59] palmexxd: ty jsi namrdanej jak ja xDDDD
[20:15:08] veselka__: nemlaskej more
[20:15:08] lukys70: porgy
[20:15:11] lukys70: mas neco eune
[20:15:12] lukys70: okolo d1
[20:15:13] porgysek: kolik toho vypil uz
[20:15:14] lukys70: ja mam jeden
[20:15:16] porgysek: mam
[20:15:17] neiplou: Ahoj Danko, chat. Na jakým serveru hraje?
[20:15:19] tweety_: pepeJAM
[20:15:21] porgysek: d4 jeden
[20:15:22] kingslayer9_: pepeJAM
[20:15:22] kimuuri: pepeJAM
[20:15:23] thetr1pp1n: HES SOBER :)
[20:15:23] lukys70: nice
[20:15:23] dannkkoo: @porgysek skoro nic
[20:15:26] justvinky: pepeJAM
[20:15:28] misenko16: jojo
[20:15:30] justvinky: pepeJAM 󠀀
[20:15:31] lukys70: wait lognu
[20:15:32] lukys70: jdes dc
[20:15:33] chaderr_: pepeJAM 󠀀
[20:15:37] misenko16: pepeJAM
[20:15:40] venclakk: dano nainti to prosim dej pod 12 killu
[20:15:41] porgysek: d3 mam
[20:15:45] thegeniuskid: nachcanej jak houba
[20:15:45] tweety_: jojo
[20:15:47] kingslayer9_: XDD
[20:15:48] crownfortheking: xdddddd
[20:15:50] qwertzuiop123: xDDD
[20:15:50] corristo5216: sharley
[20:15:51] justvinky: jojo
[20:15:52] thetr1pp1n: Hes SOBER Chillout :)
[20:15:52] tadaxs: xdddd
[20:15:55] dostal_jsem_ban128: jojo PoPivu
[20:15:56] porgysek: @lukys70 nn ted ne ale jdu anw jenom jednu
[20:15:58] timitko1: Vieš čo má prekvapuje ze v cz mate iba 0 5 l tvrdého a ze vo Francúzsku mate 075l piva
[20:16:01] sebykkxd: crazy
[20:16:04] wergen_: xd
[20:16:04] porgysek: musim pak pracovat
[20:16:07] vlnakos: in french 2 beers are half beer in czech
[20:16:07] lukys70: nick @porgysek
[20:16:08] chaderr_: xddddddddd
[20:16:08] trubk1ngs: xdd
[20:16:11] vlnakos: xdd
[20:16:11] timitko1: U dont know mé
[20:16:11] crownfortheking: he is from czech republic
[20:16:12] kingslayer9_: alkoholik04 classic
[20:16:13] dostal_jsem_ban128: HeCrazy
[20:16:14] justvinky: mi taky stačí jedno.... proto to piju už 4 hodiny xdd
[20:16:15] porgysek: @lukys70 dej ty
[20:16:17] timitko1: Im czech
[20:16:20] tak3_0ver: BeerTime
[20:16:21] lukys70: pockej lognu
[20:16:25] corristo5216: he's from ústí he took 20mg kokainum and was fine cmon evy
[20:16:26] porgysek: oki
[20:16:41] kajfiii: ahoj
[20:16:43] timitko1: Objednaj si jhin tonic
[20:16:54] adrianissx: !smlouva
[20:16:54] streamelements: Po 6 měsíčním čekání jsem opět twitch partnerem! Díky tomu můžeme získat lepší smlouvu 70/30, k tomu ale potřebuji udržet 350 placených tier 1 subů(gifted ani prime se nepočítají) po dobu 3 měsíců. Pokud mě tedy aktuálně chcete podpořit tier 1 sub je nejlepší cestou. (Listopad ☑ , Prosinec ☑ , Leden - )
[20:17:01] lukys70: @porgysek 샤오더블랙맨행거#123
[20:17:13] kimuuri: NaM
[20:17:16] kingslayer9_: NaM
[20:17:18] lukys70: opatKorea
[20:17:24] pikobaron_: NaM
[20:17:25] kingslayer9_: $translate 샤오더블랙맨행거
[20:17:26] supibot: kingslayer9_, Korean → English: XiaotheBlackmanHanger
[20:17:29] kingslayer9_: mhm
[20:17:32] kimuuri: RlyTho
[20:17:32] kimuuri: RlyTho
[20:17:32] lukys70: omg
[20:17:32] kimuuri: RlyTho
[20:17:32] kubo7: mhm
[20:17:34] kingslayer9_: cmonbRuh
[20:17:35] kingslayer9_: cmonbRuh 󠀀
[20:17:38] lukys70: NEPISTE
[20:17:38] lukys70: to
[20:17:39] porgysek: XXDDD
[20:17:39] lukys70: dement
[20:17:40] kubo7: cmonbRuh leaked
[20:17:41] kingslayer9_: XDDDDD
[20:17:42] lukys70: ja se poseru
[20:17:43] fossabot: Můj celý příběh  bit.ly/pribehopat LOLW
[20:17:43] Announcement
[20:17:43] kimuuri: omE
[20:17:45] lukys70: vy jste fakt dementi
[20:17:49] lukys70: dejte si ban
[20:17:50] kubo7: omE
[20:17:50] kubo7: omE
[20:17:50] kubo7: omE
[20:17:59] forkys1337: omE
[20:17:59] porgysek: mas
[20:17:59] streamelements: 4x omE combo SeemsGood
[20:18:00] knedlicekthc: omE
[20:18:00] tweety_: omE
[20:18:01] crownfortheking: xddddddddd
[20:18:02] porgysek: frq lukys
[20:18:03] kimuuri: omE
[20:18:03] kingslayer9_: XDDDDD 󠀀
[20:18:07] dostal_jsem_ban128: xd
[20:18:09] slowdeathxd: co to delas ty ozralo jeden
[20:18:11] samecekk2: radkovica
[20:18:17] chaderr_: lukys HUH
[20:18:23] dostal_jsem_ban128: PoPivu
[20:18:27] lukys70: bezte do prdel
[20:18:27] wirex_claped_u: jaky byly svatky  ???
[20:18:27] lukys70: fakt
[20:18:28] 
[20:18:28] lukys70: dementi
[20:18:31] knedlicekthc: PoPivu
[20:18:38] lukys70: !vanish
[20:18:42] lukys70: no supr ja nemuzu dat vanish
[20:18:46] chaderr_: xddddd
[20:18:49] lukys70: @Opat04 dej mi timeout na sekundu
[20:18:50] lukys70: at se smaze chat
[20:18:52] lukys70: dik
[20:18:53] kingslayer9_: lukys dolietal
[20:18:55] porgysek: xddddd
[20:19:05] corristo5216: však dej timeout sám sobě
[20:19:05] sudety: @Opat04 Budeš dneska hulit do sraček když je konec roku??
[20:19:09] knedlicekthc: xD
[20:19:14] chaderr_: alien
[20:19:24] kimuuri: corristo5216, nemuze
[20:19:28] kubo7: lukys70
[20:19:30] knedlicekthc: xdd
[20:19:31] 
[20:19:33] lexen04: ICANT
[20:19:41] kimuuri: aha
[20:19:41] fossabot: turbosmurfs.gg/partner/OPAT KÓD OPAT 15% SLEVA NA KOUPENÍ LOL ÚČTŮ NEJLEPŠÍ STRÁNKA/NEJLEPŠÍ SLEVA! 😇👍🏿 (DONTBUY INGAME) opatCinkacka
[20:19:41] Announcement
[20:19:46] lukys70: jak jsi dal
[20:19:48] mrmarda: wtf on je fakt nasračku ?:D
[20:19:48] lukys70: vanish kubo
[20:19:50] knedlicekthc: xerath GIGACHAD
[20:19:55] kubo7: @lukys70, swipe na twitchi
[20:20:00] lukys70: co
[20:20:02] lukys70: Danki
[20:20:10] peceny_rohlicek: nazdaaar hi
[20:20:13] tweety_: :/
[20:20:15] sudety: @Opat04 Budeš dneska hulit do sraček když je konec roku??
[20:20:16] 
[20:20:20] mrmarda: jsem novi
[20:20:21] lukys70: jak
[20:20:21] lukys70: wtf
[20:20:27] kubo7: proste swipni message
[20:20:27] kimuuri: asd
[20:20:27] lukys70: jaky swipe
[20:20:30] lukys70: nechapu
[20:20:31] lukys70: jak
[20:20:36] lexen04: f
[20:20:37] kingplayer98: opatL
[20:20:37] kingplayer98 subscribed with Prime. They've subscribed for 4 months!
[20:20:41] lukys70: jo mozna vim
[20:20:43] 
[20:20:43] vacyyt: Nazdaa4
[20:20:45] vacyyt: R
[20:20:46] chaderr_: @lukys70 3Head
[20:20:46] lukys70: EZ
[20:20:49] tweety_: EZ Clap
[20:20:50] turbopicuss: nekousej si nehty dane není to hezký
[20:20:51] kubo7: PagStick
[20:20:53] kimuuri: EZ
[20:20:54] chaderr_: Clap
[20:20:54] kingslayer9_: EZ
[20:20:55] longous: Lukys OP
[20:21:02] peceny_rohlicek: modi classic
[20:21:06] lukys70: idk nejde mi to
[20:21:08] lukys70: ja s poseru
[20:21:08] chaderr_: classic
[20:21:10] vacyyt: Tyvole Dane ty jsi nejakej napranej
[20:21:12] nikolasxdxdx: omE
[20:21:13] lukys70: JA PRISAHAM
[20:21:19] chaderr_: gg
[20:21:24] vacyyt: Kouká jak kočka, co nedostala tyden najist
[20:21:30] mrmarda subscribed at Tier 1.
[20:21:31] lukys70: ja nevim
[20:21:32] lukys70: ja jdu pryc
[20:21:35] lukys70: jste dementi fakt
[20:21:36] dostal_jsem_ban128: gg
[20:21:39] kingslayer9_: forsenLeave
[20:21:42] knedlicekthc: gg  alkane
[20:21:45] chaderr_: peepoLeave
[20:21:45] phoenix_ym: @Opat04 Čau Dane ty je Maraton nebo co se tu děje?
[20:21:56] nikolasxdxdx: mhm
[20:22:32] wirex_claped_u: jake byly svatky??
[20:22:40] misenko16: hraje normálky s Evou
[20:22:41] kingslayer9_: Worth
[20:22:51] longous: Huh
[20:22:53] torrment1: xdd
[20:22:57] tak3_0ver: xdd
[20:22:58] deolord1: is it time for another beer? @Opat04
[20:22:59] peceny_rohlicek: co tam huhlá
[20:23:00] kokosak321: mimon
[20:23:00] tweety_: xdd
[20:23:02] xlanurx: Opate proč máš tak křivou držku, jinak GL HF do nového roku :)
[20:23:03] peceny_rohlicek: xdd
[20:23:09] bysynkos: stary sak si dal 2 piva
[20:23:11] katashiii1: xdd
[20:23:11] snehy_: xddd
[20:23:18] tak3_0ver: FirstTimeChatter
[20:23:19] vacyyt: Držka zmrda
[20:23:22] justjoiner: XD
[20:23:33] kimuuri: gg
[20:23:35] tweety_: gg
[20:23:38] kingslayer9_: opatPestovka
[20:23:41] dostal_jsem_ban128: gg 󠀀
[20:23:43] vacyyt: Komu se nelení tomu se zelení
[20:23:45] deolord1: rampelník
[20:23:46] tak3_0ver: gg
[20:23:52] kingslayer9_: Vacyyt mhm
[20:23:56] tweety_: Vacyyt, mhm
[20:23:57] thetr1pp1n: Na Maltě si s Bejrem víc teda vydržel KEKW
[20:23:59] karelxd_cz: Předem štastnej novej rok dano a hodně LP do nového roku
[20:24:00] vacyyt: mhm
[20:24:01] peceny_rohlicek: co to je
[20:24:16] alienpls04: PoPivu ...
[20:24:18] peceny_rohlicek: nic za 50k? HUH
[20:24:22] peceny_rohlicek: xdd
[20:24:24] kingslayer9_: WHAT
[20:24:30] jeffriss: blockuje projectile
[20:24:41] hrinko: aky server sa hra ?
[20:24:44] kubo7: @Hrinko, euw
[20:24:48] hrinko: dik :)
[20:24:49] kubo7: normalky
[20:24:50] xlanurx: Co to mumlá ten blbec xdd
[20:24:55] hrinko: ok
[20:24:57] fossabot: Klipy: bit.ly/opatyt3 forsenWC
[20:24:57] Announcement
[20:25:10] hrinko: donatoVe donatoRy donatoLove
[20:25:13] ntr1xd: Dobrý večer tatko Averago @Opat04 :0
[20:25:15] turbopicuss: ?
[20:25:15] hrinko: int
[20:25:17] kingslayer9_: xd
[20:25:22] 1stmarcusss: gg
[20:25:23] lukys70: @Opat04
[20:25:23] lukys70: @Opat04  󠀀
[20:25:23] peceny_rohlicek: xd
[20:25:23] lukys70: @Opat04
[20:25:25] justjoiner: XDD
[20:25:26] zabikx: mohla ti dat w
[20:25:27] lukys70: dej mi temout
[20:25:27] lukys70: dej mi temout  󠀀
[20:25:27] lukys70: dej mi temout
[20:25:27] lukys70: dej mi temout  󠀀
[20:25:28] lukys70: dej mi temout dej mi temout
[20:25:31] lukys70: na sekundu
[20:25:31] lukys70: minimalne
[20:25:32] lukys70: dej
[20:25:33] lukys70 has been timed out for 7d. 
[20:25:36] kubo7: omE
[20:25:36] kubo7: omE
[20:25:36] kubo7: omE
[20:25:36] peceny_rohlicek: papa
[20:25:36] tweety_: omE
[20:25:37] kingslayer9_: XDDD
[20:25:38] tweety_: omE
[20:25:38] 1stmarcusss: xdd
[20:25:39] kingslayer9_: XDDDD
[20:25:39] tadaxs: xddddddddddddd
[20:25:39] justjoiner: xddd
[20:25:39] lexen04: XDDDDDDDDDDD
[20:25:40] kubo7: RIPBOZO
[20:25:40] fellseenek: papa
[20:25:40] xlanurx: omE
[20:25:40] kingslayer9_: XDDDD 󠀀
[20:25:41] katashiii1: omE
[20:25:41] akamyyysek: papa
[20:25:41] kubo7: RIPBOZO
[20:25:41] kimuuri: omE 7 dni
[20:25:41] kimuuri: omE 7 dni
[20:25:42] kimuuri: omE 7 dni
[20:25:42] tweety_: lukys70, papa
[20:25:42] stormrazorr: xDDDDDD
[20:25:42] justjoiner: gg
[20:25:42] turbopicuss: nekousej si nehty dani
[20:25:43] kubo7: RIPBOZO
[20:25:43] dostal_jsem_ban128: papa
[20:25:43] tweety_: lukys70, papa
[20:25:43] kubo7: RIPBOZO
[20:25:43] longous: XDDDD
[20:25:43] h4ce1337: čo sa deje @Opat04
[20:25:43] 1stmarcusss: papa
[20:25:44] kingslayer9_: XDDDDDDDDD
[20:25:45] dostal_jsem_ban128: xdd
[20:25:47] hrinko: ja nechcem ďik
[20:25:47] misenko16: xDDDD
[20:25:49] turbopicuss: papa lukys
[20:25:49] afng24: LUKYS DOLITAL xdd
[20:25:50] justjoiner: papa
[20:25:50] tadaxs: papa
[20:25:52] lexen04: papa
[20:25:53] afng24: papa
[20:25:53] xlanurx: papa
[20:25:54] katashiii1: papa
[20:25:54] dostal_jsem_ban128: lukys AINTNOWAY AINTNOWAY
[20:25:55] streamelements: 6x papa combo SeemsGood
[20:25:57] peceny_rohlicek: Lukys tak o týden
[20:26:04] fossabot: FLW PLS -> TWITTER.COM/OPAT04XD 🐔 🔷  PoPivu
[20:26:04] Announcement
[20:26:06] kolemjdouci: papa
[20:26:07] youknowwhopw: dostal ban nebo co, od twitche?
[20:26:15] tweety_: jo
[20:26:16] xlanurx: @youknowwhopw JJ
[20:26:18] h4ce1337: opateeee čo sa ti deje ked takto trolíš
[20:26:19] youknowwhopw: rip
[20:26:21] stanikcifri: @youknowwhopw HRAJE S ZENP
[20:26:21] imgyyz: @youknowwhopw jj
[20:26:22] justvinky: papa
[20:26:22] turbopicuss: viděl bych to na ome  @Opat04
[20:26:30] corristo5216: on to udělal naschvál, protože ví, že teď pošle lukys donate
[20:26:30] peceny_rohlicek: ten stun LUL
[20:26:35] peceny_rohlicek: ten je n apiču no
[20:26:36] fellseenek: gg
[20:26:37] longous: !klud
[20:26:37] nightbot: tomekhokejista: ale klud Dano to co robiš zasa
[20:26:41] pomerank: hrajes furt vladimira?
[20:26:55] imgyyz: @pomerank ne uz ho nikdy nezahraje
[20:26:58] imgyyz: rikal
[20:27:02] afng24: @pomerank Clueless
[20:27:04] h4ce1337: už nas má v pici ani neodpoveda
[20:27:15] pomerank: v pici
[20:27:15] kingslayer9_: ok alien PagStick
[20:27:16] fossabot: ⣿⣿⣿⣿⣿⣿⣿⡿⠉⠄⣠⣾⣿⣿⣿⣿⣿⣿⣿⣿⣷⣤⣤⣈⡙⠿⣿⣿⣿ ⣿⣿⣿⣿⣿⣿⡿⠁⠄⣼⠿⠛⠛⣛⢻⣿⣿⣿⣿⣿⣿⣿⣿⣿⣿⠄⠄⠙⣿ ⣿⣿⣿⣿⣿⣿⠁⠄⣜⣤⣶⣿⣿⣿⣿⣿⣿⣿⣿⣿⣿⣥⣄⡈⠉⠁⠄⠄⢹ ⣿⣿⣿⣿⣿⡏⠄⢰⣿⠟⢁⠄⠠⣌⠙⣿⣿⣿⣿⠟⠉⠉⠛⠛⠿⣦⠄⠄⠸ ⣿⣿⣿⣿⣿⡇⠄⣼⣿⣀⣸⣤⣄⣛⣾⣿⣿⣮⣁⠄⠄⠖⠁⠄⠄⠈⠄⠄⠄ ⣿⣿⣿⣿⣿⣿⣷⣿⣿⣿⣿⣿⣿⣿⠋⣹⡟⠉⢹⣶⡄⠄⣰⣆⠄⠄⠄⠄⢸ ⣿⣿⣿⣿⣿⡏⢻⣿⣿⣿⣿⣿⣿⣿⣴⣿⣶⣆⠘⠉⢧⣀⣘⣿⣿⣷⠄⠄⠈ ⠿⠻⠻⠿⠿⠇⢸⣿⣿⣿⣿⣿⣿⣿⡿⠿⠿⠿⠗⠈⠙⢿⣿⣿⣿⣿⠄⠄⠄ ⠄⢸⣸⣿⣶⣶⣶⣶⣶⣍⣭⣭⣥⣤⠄⠄⠄⠄⠄⠄⠄⠐⢿⣿⣿⡫⠄⠄⢸ ⡈⠜⠄⢐⠚⠉⠿⠯⠍⢭⣭⣭⣭⢍⡰⢦⣶⣤⣤⠄⣤⣤⣤⣤⣽⣥⣤⡤⢸ ⣿⣿⣿⣿⡇⠄⠠⣷⣶⡆⠘⠏⠄⣿⣿⣶⣶⣾⣿⣶⣿⣿⣿⣿⣿⣿⣿⡗⣸ ⣿⣿⣿⣿⣧⣈⠉⣶⣶⣶⣶⣶⠶⠙⠋⣼⣿⣿⣿⣿⣿⣿⣿⣿⣿⣿⠋⣡⣿ ⣿⣿⣿⣿⣿⣿⡀⢳⣬⣭⣭⣴⠾⠋⠄⡿⠿⠿⠿⠿⠿⠿⠿⠿⠟⣁⣼⣿⣿ ⣿⣿⣿⣿⣿⣿⣧⣈⠲⠭⠽⠶⠚⠁⢠⣿⣿⣿⣿⣶⣶⣿⣿⣿⣿⣿⣿⣿⣿
[20:27:19] kimuuri: opatGun
[20:27:19] kingslayer9_: opatGun
[20:27:22] sykiii77: opatGun
[20:27:22] kakao_mates_: opat feeding XD
[20:27:30] pupendosicek123: tpč
[20:27:32] pupendosicek123: xD
[20:27:55] pupendosicek123: jsem dostal ban na hodinu za to že jsem napsal že jsem ze země a název země je na "N"
[20:28:04] pupendosicek123: wut xDDD
[20:28:05] tweety_: jojo
[20:28:09] peceny_rohlicek: mluví na tebe
[20:28:10] maybepeet: Norko?
[20:28:11] xlanurx: @pupendosicek123 jojo king
[20:28:12] peceny_rohlicek: odpovez ji
[20:28:16] peceny_rohlicek: xd
[20:28:17] pupendosicek123: Normálně rasismus tohle
[20:28:18] maybepeet: Norsko*
[20:28:24] fossabot: chat pajaS ❓
[20:28:25] maybepeet: Nizozemsko?
[20:28:42] pupendosicek123: Napsal jsem že jsem ze země "N" a !pindour  , potom jsem dostal ban xD , toto je rasismus na Zem xD
[20:28:50] maybepeet: @pupendosicek123 a kdo?
[20:28:52] tweety_: lukys70, hi
[20:28:53] kubo7: hi novi
[20:29:03] afng24: hi novi
[20:29:03] kimuuri: lukys70, vitej zpet
