# Start logging at 2024-01-01 11:36:43 Central Europe Standard Time
[11:36:43] disconnected
[11:36:43] Monday, January 1, 2024
[11:36:57] joined channel
[11:37:07] Opat04 is now offline.
[11:57:55] osobnimod: !tr
[11:57:56] streamelements: OPAT04OPAT04OP04 - Grandmaster I (516 LP)
[11:59:27] fossabot: V I E T _ _ _ ❓
[12:29:25] kimuuri: +eg
[12:29:25] okayegbot: @kimuuri okayegChateg jwiubfoewbfuyewbfbweygf7ywegf7gew | +10 egs | Total egs: 2 🥚
[12:29:29] kimuuri: 'eggroll
[12:29:30] felypbt: @kimuuri HUHH Egg roll has been eaten (+5), egg rolls eaten: 1477, total eggrolls: 17002 🥚 🌯
[12:40:10] tweety_: +eg
[12:40:10] okayegbot: @tweety_ you caim int o a galery and started dancin' for maney okayegEgPls | +5 egs | Total egs: 22 🥚
[12:40:11] supibot: @tweety_ spent the entire morning in bed: Bedge 💤 (10h, 45m ago)
[12:40:12] tweety_: 'eggroll
[12:40:13] felypbt: @tweety_ HUHH Egg roll has been eaten (+2), egg rolls eaten: 1943, total eggrolls: 17004 🥚 🌯
[13:24:55] onkysof: ahoj hi opatL
[13:26:07] fossabot: chat pajaS ❓
[13:26:34] kimuuri: onkysof, opatOkay /
[13:26:58] onkysof: oajaS
[13:27:07] onkysof: pajas
[13:27:10] onkysof: A DOST
[13:27:14] kimuuri: FailFish
[13:27:14] tweety_: +eg
[13:27:14] okayegbot: @tweety_ No eg nam1Sadeg Come back in 12 minutes, 56 seconds okayegBed Total egs: 22
[13:27:14] onkysof: pajaS
[13:27:14] tweety_: 'eggroll
[13:27:15] felypbt: @tweety_, you are on cooldown. Please wait 0 hours, 33 minutes, and 7 seconds before using the command again.
[13:27:20] tweety_: $remind me in 33min
[13:27:20] supibot: tweety_, I will remind you in 33m, 0s (ID 2576519)
[13:27:40] kimuuri: vis staci napsat kousek emotu,dat tab a ono ti to samo dopise? FailFish
[13:28:10] tweety_: xddblanket
[13:28:10] onkysof: to je moc práce
[13:28:25] kimuuri: +eg
[13:28:25] okayegbot: @kimuuri No eg nam1Sadeg Come back in 1 minute,  okayegBed Total egs: 2
[13:31:05] kimuuri: +eg
[13:31:06] okayegbot: @kimuuri u pray to allah and he gave u egs okayegAbdul | +5 egs | Total egs: 7 🥚
[13:31:09] kimuuri: 'eggroll
[13:31:10] felypbt: @kimuuri, you are on cooldown. Please wait 0 hours, 18 minutes, and 30 seconds before using the command again.
[13:31:14] kimuuri: $remind me in 19 min
[13:31:15] supibot: kimuuri, I will remind you in 19m, 0s (ID 2576529)
[13:50:15] supibot: @kimuuri, reminder from yourself (19m, 0s ago): (no message)
[13:50:25] kimuuri: 'eggroll
[13:50:25] felypbt: @kimuuri HUHH Egg roll has been eaten (+1), egg rolls eaten: 1478, total eggrolls: 17005 🥚 🌯
[14:00:20] supibot: @tweety_, reminder from yourself (33m, 0s ago): (no message)
[14:00:25] tweety_: +eg
[14:00:25] okayegbot: @tweety_ After 3 hours of jumping up a tall building, you slip and fall all the way down to a bog. You're exhausted, and you couldn't get the sweet eg babe. Maybe next time. 😭  | +0 egs | Total egs: 22 🥚
[14:00:27] tweety_: 'eggroll
[14:00:27] felypbt: @tweety_ HUHH Egg roll has been eaten (+4), egg rolls eaten: 1947, total eggrolls: 17009 🥚 🌯
[14:08:11] otayniklul: gg
[14:08:12] supibot: @otayniklul is no longer AFK: do prace (9h, 53m ago)
[14:16:49] fossabot: ppSmoke jedno žváro ještě nikdy nikoho nezabilo
[14:36:24] onkysof: ppSmoke zaludBlunt
[15:03:11] kimuuri: +eg
[15:03:11] okayegbot: @kimuuri nam1Okayeg You bought a ticket for emote raffle and win, however, you feel like trolling the streamer and didn't write anything. Someone in chat gave you 5 eg for this funny behaviour. okayegTF | +5 egs | Total egs: 12 🥚
[15:03:14] kimuuri: 'eggroll
[15:03:15] felypbt: @kimuuri, you are on cooldown. Please wait 0 hours, 7 minutes, and 20 seconds before using the command again.
[15:03:17] tweety_: +eg
[15:03:17] okayegbot: @tweety_ How do chickens stay fit? nam1Okayeg They eggs-ercise! nam1ChickenPls nam1Head | +2 egs | Total egs: 24 🥚
[15:03:19] tweety_: 'eggroll
[15:03:19] felypbt: @tweety_, you are on cooldown. Please wait 0 hours, 17 minutes, and 18 seconds before using the command again.
[15:03:25] tweety_: $remind me in 17min
[15:03:25] supibot: tweety_, I will remind you in 17m, 0s (ID 2576725)
[15:03:30] kimuuri: $remind me in 8 min
[15:03:31] supibot: kimuuri, I will remind you in 8m, 0s (ID 2576726)
[15:04:51] kingslayer9_: !tr
[15:04:51] supibot: @kingslayer9_ spent the entire day in bed: peepoSad FluteTime 💤 (17h, 22m ago)
[15:04:52] streamelements: OPAT04OPAT04OP04 - Grandmaster I (516 LP)
[15:07:48] fossabot: V I E T _ _ _ ❓
[15:11:30] supibot: @kimuuri, reminder from yourself (8m, 0s ago): (no message)
[15:12:18] kimuuri: 'eggroll
[15:12:19] felypbt: @kimuuri HUHH Egg roll has been eaten (+1), egg rolls eaten: 1479, total eggrolls: 17010 🥚 🌯
[15:20:25] supibot: @tweety_, reminder from yourself (17m, 0s ago): (no message)
[15:20:33] tweety_: 'eggroll
[15:20:34] felypbt: @tweety_, you are on cooldown. Please wait 0 hours, 0 minutes, and 3 seconds before using the command again.
[15:20:34] tweety_: +eg
[15:20:34] okayegbot: @tweety_ No eg nam1Sadeg Come back in 42 minutes, 42 seconds okayegBed Total egs: 24
[15:20:36] tweety_: 'eggroll
[15:20:37] felypbt: @tweety_, you are on cooldown. Please wait 0 hours, 0 minutes, and 0 seconds before using the command again.
[15:20:38] tweety_: 'eggroll
[15:20:39] felypbt: @tweety_ HUHH Egg roll has been eaten (+2), egg rolls eaten: 1949, total eggrolls: 17012 🥚 🌯
[15:20:50] kimuuri: @felypbt XD
[15:26:23] tweety_: WeirdAFMan
[15:42:34] otayniklul: je miz le
[15:42:38] otayniklul: mi zle
[15:50:36] okayegbot: DAILY EG LOTTERY nam1Business type "=join" to enter (costs 25 egs). Prize pool: 10,675 egs 🥚 Ends in 4 hours, 9 minutes
[15:51:53] xmeriak: tak zapínáme
[15:55:58] gembler04: cs xd
[15:57:17] kubo7: hi
[15:57:18] supibot: @kubo7 spent the entire day in bed: 🛏💤 (14h, 26m ago)
[15:57:59] xmeriak: zapíná za 3 minuty
[15:58:01] xmeriak: ofc
[15:58:32] kubo7: jojo
[15:58:40] fossabot: chat pajaS ❓
[16:00:06] xmeriak: jojo
[16:06:16] onkysof: pajaS
[16:13:08] dewerse: hi
[16:28:36] kimuuri: opat04, go live opatGun
[16:41:39] kingslayer9_: DuoQ PagChomp zoloPome
[16:41:44] tweety_: zoloPome
[16:42:13] gembler04: jupijej
[16:42:18] baitthe: Stream 17:00
[16:44:50] kubo7: zoloPome
[16:47:26] leponik: čauko
[16:47:35] tweety_: $shower ppHop
[16:47:36] supibot: tweety_ is now taking a shower: ppHop 🚿
[16:49:37] fossabot: ppSmoke jedno žváro ještě nikdy nikoho nezabilo
[16:49:39] kimuuri: zolik duo PagChomp
[16:49:53] kubo7: zoloPome
[16:50:22] leponik: čau kimurur
[16:51:01] kimuuri: Cau leponikossos
[16:51:38] leponik: :D
[16:51:46] kimuuri: :D
[16:54:04] kimuuri: zjistil jsem ze ten drapsnatt kterej je rank 2 v oplatkach tu vubec nema follow a nikdy sem nic nenapsal KEKHeim
[16:57:14] justvinky: zoloPome
[16:57:21] justvinky: hi everyone
[16:57:25] fazen000: @kimuuri jakto že už nejsi první? :O
[16:57:30] fazen000: @justvinky hi
[16:57:57] kimuuri: fazen000, opustil jsem stream na 10 min a bylo to v hajzlu :)
[16:58:18] fazen000: @kimuuri gg
[16:59:26] slasheerv: hi
[16:59:31] fazen000: hi
[16:59:36] kimuuri: skoda ze rank 2 a 3 jsou boti ktery tu nikdy nebyli ani nemaji follow LULE
[16:59:45] kubo7: KIMUURI, https://i.imgur.com/ioTykfb.png
[16:59:52] nagatopainb: Zduř
[16:59:55] kubo7: KEKHeim
[16:59:58] kimuuri: HAHAHAH
[17:00:03] kimuuri: KEKHeim
[17:00:07] kimuuri: tak to jo
[17:00:13] kingslayer9_: @Opat04 17:00 zoloPome
[17:00:16] fazen000: a_l0nely_girl
[17:00:17] fazen000: insane
[17:00:23] kubo7: !oplatky
[17:00:23] streamelements: https://streamelements.com/opat04/leaderboard
[17:00:45] kimuuri: takze jsem jakoby rank 2 a ne rank 4 Okayge
[17:00:55] kubo7: YEP
[17:00:58] fazen000: to je haluz já tu nejsem 20 min a dropnu z 24 na 28
[17:01:00] fazen000: gg
[17:01:06] kimuuri: dewerse mi to ukradl
[17:01:07] kimuuri: srac
[17:01:28] leponik: FeelsLagMan
[17:01:29] drapsnatt has been permanently banned. 
[17:01:40] justvinky: co to řešíte? :D
[17:01:48] a_l0nely_girl has been permanently banned. 
[17:01:53] kubo7: uz budes rank 2
[17:01:57] lukys70: 17:00 start jojo
[17:02:12] opat04: more
[17:02:13] leponik: kimuri ?
[17:02:14] opat04: co to je zza permy
[17:02:18] kimuuri: to jsou boty
[17:02:20] lukys70: jake permy
[17:02:20] kimuuri: boti
[17:02:22] kimuuri: halo
[17:02:25] opat04: aha
[17:02:26] opat04: ok
[17:02:26] leponik: xD
[17:02:27] kimuuri: nemaji tu ani follow
[17:02:30] kimuuri: ani zpravu
[17:02:31] leponik: pepeLaugh
[17:02:34] opat04: ale pak budu mít
[17:02:36] opat04: o 2 viewery
[17:02:36] opat04: mín
[17:02:39] opat04: takže nedávat ban
[17:02:39] kubo7: nebudes
[17:02:42] opat04: jo tak dobrý
[17:02:43] lukys70: XD4
[17:02:43] opat04: muzete
[17:02:44] opat04: xdd
[17:02:47] fazen000: xdd
[17:02:48] kubo7: xdd
[17:02:48] slasheerv: xd
[17:02:49] leponik: už tak nikdo nekouka
[17:02:50] kingslayer9_: xd
[17:02:57] gembler04: xdd
[17:02:57] lukys70: ---> xddcoptercute
[17:03:09] lukys70: hej dane das mi mecik ?
[17:03:13] lukys70: uz nejsem rasista
[17:03:16] justvinky: hi
[17:03:16] leponik: pepeLaugh
[17:03:17] kingslayer9_: lyve zoloPome
[17:03:21] leponik: zoloPome
[17:03:21] slasheerv: zoloPome
[17:03:22] kimuuri: opat04, FailFish maximum
[17:03:23] okayegbot: LIVE nam1Okayeg
[17:03:26] justvinky: zoloPome
[17:03:28] lukys70: zoloPome
[17:03:32] matthewnaw: zoloPome
[17:03:33] drapsnatt has been permanently banned. 
[17:03:35] fazen000: @lukys70 cože :D co si napsal?
[17:03:36] kingslayer9_: zoloPome EDM
[17:03:37] gembler04: zoloPome
[17:03:38] leponik: pepeJAM
[17:03:39] justvinky: zoloPome 󠀀
[17:03:40] Opat04 is live!
[17:03:41] dewerse: @kimuuri co Danki
[17:03:41] leponik: ppJAM
[17:03:42] arlindcz: jeeees
[17:03:42] lukys70: @Fazen000 muj nick ve hře
[17:03:42] slasheerv: Jamgie
[17:03:43] alienpls04: opatHi
[17:03:43] leponik: pepeD
[17:03:43] kubo7: zoloPome
[17:03:44] streetdealer161: hi
[17:03:44] alienpls04: opatHi 󠀀
[17:03:47] alienpls04: opatHi
[17:03:47] leponik: pepeJAM
[17:03:49] arlindcz: šau puso
[17:03:50] koubikk_cz: Cau hi chat
[17:03:50] lukys70: PagMan
[17:03:52] lukys70: PagMan  󠀀
[17:03:53] a_l0nely_girl has been permanently banned. 
[17:03:53] alienpls04: zoloPome EDM
[17:03:54] lukys70: PagMan  mužu spamovat
[17:03:54] slasheerv: vibee
[17:03:54] fazen000: @lukys70 omE
[17:03:55] lukys70: PagMan
[17:03:55] alienpls04: zoloPome EDM 󠀀
[17:03:56] luiik_: hi
[17:03:56] kingslayer9_: zoloPome EDM 󠀀
[17:03:57] kingslayer9_: zoloPome EDM
[17:03:58] kubo7: zoloPome
[17:03:58] alienpls04: zoloPome EDM
[17:03:59] mat3sik: ahoj danko
[17:03:59] streamelements: 4x zoloPome combo SeemsGood
[17:04:02] mcbodlinaccz: zdravím
[17:04:03] leponik: ppJAM
[17:04:03] lukys70: EZge
[17:04:06] leponik: pepeJAM
[17:04:08] lukys70: zoloPome
[17:04:11] gembler04: zoloPome
[17:04:12] aaddooeenn: zoloPome
[17:04:13] aaddooeenn: zoloPome 󠀀
[17:04:13] fossabot: FOLLOW NA TIKTOK PROSÍM tiktok.com/@opat04 😭💀 IMLITERALLYDEAD
[17:04:13] Announcement
[17:04:14] kingslayer9_: zoloPome EDM 󠀀
[17:04:14] nikolasxdxdx: yo
[17:04:15] streamelements: 4x zoloPome combo SeemsGood
[17:04:17] nikolasxdxdx: hi chat
[17:04:20] kimuuri: lukys70, np to ja mu napsal at ti da zpatky moda
[17:04:21] koudas1616: zolopome
[17:04:22] mtelf185: agrLoading
[17:04:23] leponik: ppJAM
[17:04:24] gembler04: už nepiju zoloPome
[17:04:26] enzo_zilla_: hi
[17:04:28] lukys70: jojo
[17:04:28] koudas1616: zoloPome
[17:04:31] lukys70: cau nikolas
[17:04:32] leponik: pepeJAM
[17:04:33] fossabot: CARZZY OPAT DUOQ EUW CHALLENGER 🐼🤝 youtu.be/xwwiMFXOINg Homies
[17:04:33] Announcement
[17:04:34] kubo7: hi
[17:04:35] kimuuri: leponik, new bit badge VisLaud
[17:04:37] sixa06: PAPA
[17:04:39] koubikk_cz: hi
[17:04:40] sixa06: papa
[17:04:40] leponik: @KIMUURI kde mam ja moda
