# Start logging at 2023-12-31 20:05:55 Central Europe Standard Time
[20:05:55] joined channel
[20:06:07] nightbot: MrDestructoid Clap
[20:06:13] yesenick: PowerUpL Squid3 PowerUpR
[20:10:08] nightbot: MrDestructoid Clap
[20:10:53] tomik_s: FeelsLateMan PauseChamp
[20:11:20] iveta_aspirka: @nudikprudik138 ahojky peepoHey
[20:11:48] iveta_aspirka: tradi캜n칤 = bedny monkaHmm LUL
[20:12:54] tomik_s: budou bedny jo? POGGERS
[20:14:28] patredi: snad i alkohol
[20:15:10] nightbot: MrDestructoid Clap
[20:15:22] moobot: Hlavn캩 nezhubni yeetLivid :D :D :D
[20:15:54] matejq004: Pog
[20:15:56] iveta_aspirka: Pog
[20:15:57] tomik_s: ddHuh
[20:16:04] streamelements: FattyPillow is now live! Streaming Just Chatting: 20:30 游꾽 TRADI캛N칈 SILVESTROVSKEJ STR칈M 游꾽 | !merch !prime !wolt !picasee
[20:16:06] nightbot: V츼NO캛N칈 LIMITKA! N캩co o 캜em na streamech mluv칤me ji dlouho. Tri캜ka s designem ZDRAV칈캛KO, L츼SKU & M칈R V DUI (+ vlastnoru캜n캩 podepsan치 karta zdarma) peepoLove Objedn치vej zde: https://www.clother.cz/fattypillow/
[20:16:18] wirex_claped_u: ccccccc
[20:16:21] FattyPillow is live!
[20:16:24] cistyzadek: 1
[20:16:24] bohumilstejskal49: DinoDance DinoDance DinoDance DinoDance DinoDance
[20:16:27] cistyzadek: hoj
[20:16:29] l_a_p_o: <3 <3 <3
[20:16:29] pepavratil: Ahoj
[20:16:31] tomik_s: ozn치meni-> Clueless
[20:16:31] rafajik_7: ahoj
[20:16:32] wengerkoo: ahooj
[20:16:33] bohumilstejskal49: 2 voleee
[20:16:34] duydag: zdarec
[20:16:34] lukaspospichal10: jedemeeeeeeeeeeeee
[20:16:34] petulamk4: Hejjjjjejejejejejje
[20:16:34] tony4805: <3 <3
[20:16:35] clapbymartin: 캜uus
[20:16:35] trishaxplore: TwitchConHYPE
[20:16:35] bohumilstejskal49: CUUUUS
[20:16:36] dan_strouhal: 캛au
[20:16:38] lukaspospichal10: bombyyyyyyyy
[20:16:42] vaclavh15: cus picus
[20:16:42] pepavratil: TwitchConHYPE TwitchConHYPE TwitchConHYPE
[20:16:43] matejq004: yikesJAM
[20:16:44] iveta_aspirka: pepeJAM
[20:16:45] lukaspospichal10: cuuuus kajoo
[20:16:46] iveta_aspirka: EDM
[20:16:47] mateswww: 캛au fatiiii
[20:16:47] domonikc7: cauuuuuuuuu
[20:16:48] matejq004: yikesJAM yikesJAM
[20:16:48] rasteffa: Ahoj Bob칤nci仇벒잺
[20:16:49] sandrika___: Ahooj驕쥞잺
[20:16:51] petulamk4: Fatty jsme tu s tebou ve sv칳ch ob칳vac칤ch a pokoj칤ch
[20:16:51] pip0pu: fatty pillow a z치hada silvestrovsk칳ch prd콢  Kreygasm
[20:16:52] imnotgandalfbro: EDM
[20:16:54] tomik_s: yikesJAM
[20:16:55] vernaton: A kr치l je tady!!! U jsme se do캜kali peepoCzech
[20:16:57] bohumilstejskal49: kone캜n캩 u jsem seral skoro v코echny chlebosy
[20:16:59] matejq004: yikesJAM yikesJAM yikesJAM
[20:17:01] lukasnagato2002: 캜uuuus ne?
