# Start logging at 2024-01-01 11:36:43 Central Europe Standard Time
[11:36:43] disconnected
[11:36:43] Monday, January 1, 2024
[11:36:45] joined channel
[11:37:07] FattyPillow is now offline.
[12:14:45] katuuu77: !wolt
[12:14:45] nightbot: wolt FATTY200 - Nov칳 u쬴vatel z칤sk치 200K캜 v kreditech (100 + 100 na prvn칤 dv캩 objedn치vky). PogTasty https://www.wolt.com FATTY200 wolt
[12:32:16] skyd33o: !subs
[12:32:17] nightbot: Aktu치ln캩 maj칤 kobli쬹칤ci 1633 캜len콢. EZ D칤ky v코em bl치zn콢m. peepoLove
[12:33:10] bananovy_cyklista: !kobliha
[12:33:11] moobot: @bananovy_cyklista 22609 koblih ji bylo sn캩zeno. D치코 si dal코칤? NomNom
[12:33:23] bananovy_cyklista: !followage
[12:33:24] streamelements: @bananovy_cyklista, bananovy_cyklista has been following fattypillow for  8 years 8 months 5 days 16 hours
[12:34:01] bananovy_cyklista: sakra to to leti LUL
[12:35:06] nightbot: MrDestructoid Clap
[14:03:36] moobot: Hlavn캩 nezhubni p4trik44 :D :D :D
[14:57:54] christoph1j2: fattyHype
[15:22:44] speedhack77: !PC
[15:22:44] nightbot: Novotou navon캩n치 Kreygasm v칳konem p콏et칠kaj칤c칤 PogChamp a skillem opl칳vaj칤c칤 SeemsGood Takov치 je https://bit.ly/FattyhoBestie2020
[15:22:46] speedhack77: !pc
[15:25:07] nightbot: MrDestructoid Clap
[15:32:06] streamelements: FattyPillow is now live! Streaming Just Chatting: 游꾽 V칈TEJTE V NOV칗M ROCE 2024 KUNDIB츼DI 游꾽 | !merch !prime !wolt !picasee
[15:32:10] FattyPillow is live!
[15:32:26] matejq004: Pog
[15:32:26] sofuskqq: ahooj
[15:32:27] klajnik08: cus
[15:32:29] ellisrezacu: ahooj
[15:32:30] matejq004: Varel
[15:32:31] juliusvk: Nazdar som tu prvy? Karol si kral
[15:32:31] vanesiiik_: ahoooj
[15:32:32] rayoxdxdxd: Ahoj fatty
[15:32:32] splichy_d: Zdrav칤m 仇벒잺
[15:32:32] lumiin: caaau
[15:32:32] mostwanteddso: ahojj
[15:32:34] katsumiryuu: !PC
[15:32:34] nightbot: Novotou navon캩n치 Kreygasm v칳konem p콏et칠kaj칤c칤 PogChamp a skillem opl칳vaj칤c칤 SeemsGood Takov치 je https://bit.ly/FattyhoBestie2020
[15:32:34] jirka_cz7: 캜au
[15:32:34] radek_9: ahoooooooj
[15:32:35] mnam_hej: NAZDDARRRR!!
[15:32:35] scarl_____: ahoooj
[15:32:35] kejkej27: Ahoj lasko
[15:32:36] karelakata: ahoj kajo 游땍
[15:32:37] matejq004: okok
[15:32:39] navalto_16: nazd치r
[15:32:39] stepa123n: ahooj
[15:32:40] patrisss_tw: csss
[15:32:40] katsumiryuu: !pc
[15:32:40] semanicka: Ahooj fattyHype fattyHype fattyHype
[15:32:40] natal1_e: ahooj
