# Start logging at 2024-01-01 11:36:43 Central Europe Standard Time
[11:36:43] disconnected
[11:36:43] Monday, January 1, 2024
[11:36:58] joined channel
[12:30:34] panda97cz: streammmmmm
[12:30:55] panda97cz: mortscheHi mortscheHi mortscheHi
[13:40:14] panda97cz: bude dneska žeblotoč ?
[18:10:52] zezak15: čau peepoHappy
[18:11:11] Xnapycz is live!
[18:11:26] taaziik: hola
[18:11:40] domcusofficial: ahoj xnapyLOVE xnapyHi
[18:11:42] tomeiki: danse
[18:11:49] tomeiki: to Foresta furt nenašli? PepeLaugh
[18:12:37] zezak15: Tomeiki MEOWDY
[18:12:42] tomeiki: zezak15 MEOWDY
[18:14:03] em_vee: Hola peepoHey
[18:14:07] hvezdickovy_maniak: lurkk
[18:14:18] taaziik: kdo vyplaci tu odmenu ? Keepo
[18:14:18] tehdidi: čusík
[18:14:31] kitsuy0: :3
[18:14:50] hvezdickovy_maniak: @kitsuy0 cau :3
[18:14:58] kitsuy0: hvezdickovy_maniak :3 cau
[18:14:59] zezak15: hvezdickovy_maniak lurkk
[18:15:01] tomeiki: Em_Vee krásny večer slečno peepoSitHey
[18:15:02] hvezdickovy_maniak: :3
[18:15:04] zezak15: cc gabina
[18:15:06] tomeiki: hvezdickovy_maniak Hvjezdík poggcrazy
[18:15:08] hvezdickovy_maniak: @zezak15 lurkk
[18:15:13] hvezdickovy_maniak: @Tomeiki Tomík poggcrazy
[18:15:17] tomeiki: kitsuy0 aojki Gábinko peepoSitHey
[18:15:20] em_vee: @Tomeiki ahoj peepoSitHey
[18:15:20] kitsuy0: cc zezak
[18:15:31] tomeiki: VŠEEECKO DOBRÉ V NOVOM ROKU LADIES AND BOIS danse
[18:15:41] kitsuy0: Tomeiki peepoSitHey ahoooj
[18:15:42] tomeiki: danse
[18:15:56] tomeiki: Breaaaking the laaaaw
[18:17:26] bdave123 subscribed at Tier 1. They've subscribed for 45 months!
[18:17:30] kepoplap: agrLove
[18:17:52] hvezdickovy_maniak: hopCat
[18:18:00] kitsuy0: hopCat
[18:18:24] hvezdickovy_maniak: GIGACLAUS
[18:18:49] hvezdickovy_maniak: cau Pogg
[18:18:55] kitsuy0: cc
[18:18:58] zorami22: Dobrý večír
[18:19:00] aglan16: peepoHey
[18:19:04] tomeiki: Trošičku
[18:19:06] tomeiki: malinko
[18:19:07] tomeiki: PepeLaugh
[18:19:09] rdaqila subscribed at Tier 1. They've subscribed for 3 months, currently on a 3 month streak!
[18:19:19] boronick0: hi
[18:19:23] tomeiki: OMEGALUL
[18:19:34] tomeiki: Pivo z benzínky? Keepo
[18:19:46] tomeiki: KOLENO poggcrazy
[18:20:08] disguised_deer: Hellowo
[18:20:12] swaacza: prohrál proti písmenkům... gg heyy
[18:20:22] tomeiki: Swaacza Svačinko MEOWDY
[18:20:24] kimberrly: když budeš chtít hrát, tak mi napiš peepoCute @Xnapycz
[18:20:28] taaziik: Happy New Year
[18:20:33] swaacza: @Tomeiki @Kimberrly @Taaziik heyy
[18:20:34] hvezdickovy_maniak: @Kimberrly cau Peepi
[18:20:37] tomeiki: Den v poriadku
[18:20:39] swaacza: @hvezdickovy_maniak heyy
[18:20:43] tomeiki: den potom moc v poriadku ne LULW
[18:20:43] kimberrly: Jinak ahojte všichni heyy
[18:20:43] swaacza: Učení, učení, učení LUL
[18:20:51] zezak15: fajn jsem na 206 LP v lolku a 118 RR ve valorantu EZ
[18:20:51] tomeiki: Kimberrly aoiki peepoSitHey
[18:20:53] hvezdickovy_maniak: @Swaacza lurkk
[18:20:57] taaziik: @Kimberrly dobry veciiir vse nej do noveho roku
[18:21:00] swaacza: @zezak15 heyy
[18:21:06] zezak15: Swaacza peepoHey
[18:21:09] taaziik: dneska mi to TFT vubec nejde :D
[18:21:20] betraye_r: Ahoj
[18:21:21] aglan16: Všechno xdd
[18:21:25] tomii1kk: žlebotoč a arénky :D
[18:21:32] tomeiki: Na povídaní ma bolí makovica LULW
[18:21:34] kitsuy0: @zezak15 co si za rank ve valu? PauseChamp
[18:21:46] swaacza: @kitsuy0 heyy
[18:21:51] tomeiki: PepeLaugh
[18:21:53] zezak15: nemáš nějaké skiny ještě? mortshe třeba měl bee velkoze nebo jak se jmenuje ten skin LUL
[18:21:56] kitsuy0: Swaacza peepoSitHey ahoj
[18:21:56] taaziik: mel sis stahnou ten valo @Xnapycz  Keepo
[18:21:57] zezak15: @zezak15 immo 2
[18:22:10] realdames: xnapyLOVE xnapyPoho xnapyDinda
[18:22:10] RealDames subscribed at Tier 1. They've subscribed for 10 months!
[18:22:13] tomeiki: LULW
[18:22:17] noizie2k: tak co peto jak si se vcera opil?
[18:22:20] aglan16: nový rok, nová hra Madge
[18:22:22] taaziik: jen vyhovorky Keepo
[18:22:25] kitsuy0: monakS aha
[18:22:28] ffswhymee: xnapyHi xnapyHi
[18:22:29] Grunot subscribed at Tier 1. They've subscribed for 18 months!
[18:22:31] tomeiki: a víno?
[18:22:32] tomeiki: Keepo
[18:22:50] xnapycz: !title
[18:22:50] nightbot: @Xnapycz -> Current Stream Title: ŇŮJÍRŇŮMÍ
[18:22:51] betraye_r: Parodie na žaluda?
[18:22:51] streamelements: @Xnapycz, xnapycz's Title is: ŇŮJÍRŇŮMÍ
[18:22:52] tomeiki: OMEGALUL
[18:22:55] zezak15: xdd
[18:22:57] disguised_deer: ŇŮJÍRŇŮMÍŇŮJÍRŇŮMÍ
[18:23:08] ffswhymee: xdd
[18:23:08] tomeiki: To je šifra
[18:23:10] tomeiki: to ja poznám
[18:23:11] tomeiki: Keepo
[18:23:17] zezak15: @kitsuy0 co sis myslela že 118 RR znamená xdd
[18:23:17] zorami22: LUL LUL
[18:23:19] betraye_r: Kodovani prosim? :D
[18:23:25] zezak15: Pogg
[18:23:26] hvezdickovy_maniak: Pogg
[18:23:30] aglan16: PauseChamp
[18:23:31] ffswhymee: Pog
[18:23:34] vitek_z_brna: dobrý večer
[18:23:36] taaziik: lets go
[18:23:41] realdames: Pog
[18:23:54] rdaqila: @Xnapycz Kdyžtak to čti jen Akvilo :D mělo to být jako RD Aqila, ale mi tam nechtěl nechat mezeru na clan tag :D
[18:24:07] kitsuy0: @kitsuy0 ? xdd že seš iron sorry mb
[18:24:08] kimberrly: dej tátovi do ruky Kappa
[18:24:35] zezak15: @kitsuy0 D: tak dobrej ještě nejsem Sadge
[18:24:40] kitsuy0: sajj
[18:24:45] toneres: Zdarec a přeji hezký nový rok
