# Start logging at 2023-12-31 20:04:52 Central Europe Standard Time
[20:04:52] connected
[20:04:53] joined channel
[20:04:53] rethpit: agrPls
[20:04:54] agraelus is live!
[20:04:55] truerisa: docPls
[20:04:56] milan244: agrPls
[20:04:56] tadeaxek: agrPls
[20:04:56] miki1s: docPls  󠀀
[20:04:56] cold_hands_hot_lead: AHOOJ
[20:04:57] whitebepix: help me gachiBASS
[20:04:59] r1zoto: agrPls
[20:05:03] specter2o0: agrPls
[20:05:03] palummmm: agrPls
[20:05:04] americanidiot997: agrS
[20:05:04] imnotgandalfbro: docPls
[20:05:04] velitelshepardcz: agrPls
[20:05:05] Nixales subscribed at Tier 1. They've subscribed for 15 months!
[20:05:05] speedhunter0_o: agrPls agrPls agrPls agrPls agrPls
[20:05:05] netrixd: holkaReal Jdeme na výšlap šťávo holkaReal Jdeme na výšlap šťávo holkaReal Jdeme na výšlap šťávo holkaReal Jdeme na výšlap šťávo holkaReal Jdeme na výšlap šťávo holkaReal Jdeme na výšlap šťávo holkaReal Jdeme na výšlap šťávo
[20:05:05] streamelements: Nixales je bráškou už 15 měsíců Aware
[20:05:06] juk_jana: @ten_lukas_ v tom případě užívej stream agrLove
[20:05:07] wasskivasek: Čau all :)
[20:05:08] frytheaxolot: agrS
[20:05:08] enthlon: agrPls
[20:05:09] jikoll: 😳
[20:05:09] marth19: agrC EDM agrC EDM agrC EDM agrC EDM agrC EDM agrC EDM agrC EDM agrC EDM
[20:05:11] aresbig: liveolJam liveolJam liveolJam liveolJam liveolJam
[20:05:12] oliver277: arnostVyslap čus chat, tak som tu
[20:05:13] miki1s: agrPls
[20:05:14] eramav1: Ahoj čede
[20:05:15] fakaheada13: peepoPls
[20:05:16] whitebepix: AlienPls AlienPls AlienPls
[20:05:17] frytheaxolot: arnostVyslap
[20:05:18] theactualynothing: @lazyjohncz tak dej vědět jestli to stálo za to  LUL
[20:05:18] nedeklarovanawhiskey: můj oblíbený song VIBE
[20:05:19] truerisa: agrPls agrPls agrPls agrPls agrPls
[20:05:20] domii_nica: Dobrý večer čede agrLove
[20:05:21] fakaheada13: peepoPls 󠀀
[20:05:22] truerisa: agrPls agrPls agrPls agrPls
[20:05:24] r1zoto: agrPls agrPls agrPls
[20:05:24] ten_lukas_: @juk_jana vám všem též 🤙🏻🎉
[20:05:25] lazyjohncz: FirstTimeChadder
[20:05:25] morbellius: Henlo
[20:05:25] palummmm: FirstTimeChadder
[20:05:25] milan244: @eramav1 MLADY
[20:05:26] truerisa: agrPls agrPls agrPls
[20:05:27] velitelshepardcz: agrPls
[20:05:28] vulvodynia666: @NedeklarovanaWhiskey peepoHappy
[20:05:30] d0ggie_: FirstTimeChadder
[20:05:31] ogre0001: Dobrý večer všem agrLove
[20:05:31] ogre0001 subscribed at Tier 1. They've subscribed for 6 months, currently on a 5 month streak!
[20:05:31] streamelements: ogre0001 je bráškou už 6 měsíců Aware
[20:05:31] kubajzvz: CurseLit CurseLit CurseLit CurseLit CurseLit
[20:05:32] juk_jana: FirstTimeChadder
[20:05:32] whitebepix: chcem ťa trtkať ako zviera AlienPls
[20:05:32] fakaheada13: flygunPLS
[20:05:34] arth999k: FirstTimeChadder
[20:05:34] xx_christie_xx: cauko, jak se mate?
[20:05:34] maxgroul: agrPls agrPls agrPls
[20:05:34] r1zoto: agrPls
[20:05:35] velitelshepardcz: agrPls agrPls
[20:05:36] plesnivecc1: agrPls agrPls agrPls agrPls agrPls
[20:05:39] agraelus: chcem ťa trtkať ako zviera AlienPls
[20:05:40] truerisa: agrPls agrPls
[20:05:41] whitebepix: chcem ťa trtkať ako zviera AlienPls 󠀀
[20:05:42] frytheaxolot: arnoldHalt POZOR KONTROLA ARNOŠTŮ arnoldHalt FRANTOVÉ NEMAJÍ VSTUP POVOLEN arnoldHalt POZOR KONTROLA ARNOŠTŮ arnoldHalt FRANTOVÉ NEMAJÍ VSTUP POVOLEN arnoldHalt POZOR KONTROLA ARNOŠTŮ arnoldHalt FRANTOVÉ NEMAJÍ VSTUP POVOLEN arnoldHalt POZOR KONTROLA ARNOŠTŮ arnoldHalt FRANTOVÉ NEMAJÍ VSTUP POVOLEN
[20:05:42] d0ggie_: FirstTimeChadder 󠀀
[20:05:42] r1zoto: agrPls agrPls agrPls agrPls agrPls
[20:05:43] truerisa: agrPls agrPls agrPls
[20:05:43] fakaheada13: flygunPLS flygunPLS flygunPLS flygunPLS
[20:05:43] milan244: chcem ťa trtkať ako zviera AlienPls
[20:05:44] fakaheada13: flygunPLS flygunPLS flygunPLS flygunPLS 󠀀
[20:05:44] velitelshepardcz: SK
[20:05:45] truerisa: agrPls agrPls agrPls agrPls
[20:05:45] juk_jana: HUH
[20:05:46] marth19: SK
[20:05:47] truerisa: agrPls agrPls
[20:05:47] arth999k: agrPls
[20:05:48] palummmm: chcem ťa trtkať ako zviera AlienPls SK
[20:05:48] oubiwankenoubi: agrDitch agrDitch agrDitch agrDitch agrDitch
[20:05:49] truerisa: agrPls agrPls agrPls
[20:05:49] lazyjohncz: FirstTimeChadder 󠀀
[20:05:51] noobko17: HUH
[20:05:52] milan244: chcem ťa trtkať ako zviera AlienPls SK
[20:05:54] atel0s: chcem ťa trtkať ako zviera AlienPls
[20:05:54] miki1s: HUH ?
[20:05:57] fakaheada13: flygunPLS agrPls flygunPLS agrPls flygunPLS agrPls flygunPLS agrPls flygunPLS agrPls flygunPLS agrPls flygunPLS agrPls flygunPLS agrPls flygunPLS agrPls flygunPLS agrPls flygunPLS agrPls flygunPLS agrPls flygunPLS agrPls flygunPLS agrPls flygunPLS agrPls flygunPLS agrPls flygunPLS agrPls flygunPLS agrPls flygunPLS agrPls flygunPLS agrPls flygunPLS agrPls flygunPLS agrPls flygunPLS agrPls flygunPLS agrPls flygunPLS agrPls
[20:05:57] 04tomas02: chcem ťa trtkať ako zviera AlienPls SK
[20:05:57] martinzve: Jamgie
[20:05:58] cold_hands_hot_lead: Song name ? 🙏
[20:05:58] frytheaxolot: AlienUnpleased
[20:06:01] nedeklarovanawhiskey: trkaaaat jako zvíře VIBE
[20:06:01] ten_lukas_: Wha?
[20:06:02] truerisa: agrPls agrPls agrPls agrPls
[20:06:03] rethpit: agrE
[20:06:03] llukik_of_astora: agrE
[20:06:04] krystal_bro: agrE /
[20:06:04] marth19: agrE
[20:06:04] sanshaaajn: agrE
[20:06:05] fakaheada13: agrE
[20:06:06] palummmm: agrE
[20:06:06] miki1s: agrE
[20:06:06] helikxs: agrE /
[20:06:07] enthlon: cs vojtas
[20:06:07] donrejdim: cscs
[20:06:07] frytheaxolot: agrE /
[20:06:07] juk_jana: agrE
[20:06:07] futaheimer: agrE /
[20:06:07] nerinuska: agrE
[20:06:08] johnykcz: agrE /
[20:06:08] glodher: agrE
[20:06:08] metelin977: agrE
[20:06:08] velitelshepardcz: agrE
[20:06:08] frytheaxolot: agrE / 󠀀
[20:06:08] truerisa: agrE
[20:06:09] specter2o0: agrE /
[20:06:09] noobko17: agrE
[20:06:09] elt_tasy: agrE
[20:06:09] jixi979: agrE
[20:06:09] milan244: agrE
[20:06:09] domii_nica: agrE
[20:06:09] exelendo: vojtas agrE
[20:06:09] ogre0001: agrE
[20:06:09] gandalfos_pogo: agrE /
[20:06:09] hanzi97: agrE 󠀀
[20:06:10] frytheaxolot: agrE /
[20:06:11] truerisa: agrE 󠀀
[20:06:11] nedeklarovanawhiskey: čauko mňauko
[20:06:11] minewipe: agrE
[20:06:11] thedavecz_: agrE
[20:06:11] dominik75728: Hello
[20:06:11] xpantyzzx: ccuuuuuuuuuuuuuuus
[20:06:12] tomhorn29215: cs
[20:06:12] miki1s: agrE /
[20:06:12] frytheaxolot: agrE / 󠀀
[20:06:12] martinzve: agrE /
[20:06:12] stalkiie_: agrE
[20:06:12] zasr_nycartman: agrE /
[20:06:12] lazyjohncz: agrE / LETSGOOO
[20:06:12] truerisa: agrE
[20:06:13] patrik_jo_jo: agrE /
[20:06:13] tadeaxek: agrE
[20:06:13] frytheaxolot: agrE /
[20:06:13] nuclearglowcz: agrE
[20:06:13] panvcelka: agrE
[20:06:14] frytheaxolot: agrE / 󠀀
[20:06:14] arth999k: agrE /
[20:06:14] andreas_cze: agrE /
[20:06:14] silejn: agrE  /
[20:06:14] zodiks: HeyGuys
[20:06:14] johnhonza: agrE /
[20:06:15] david526: Ahoooooooooooooooooooooooooooooooooooooooooooj
[20:06:15] august3n: agrE / 󠀀
[20:06:15] seprr: agrE / čuuuuuuuuuuuuus ne
[20:06:15] jackobbell: agrBased
[20:06:15] truerisa: agrE /
[20:06:16] poski44: SeemsGood
[20:06:16] frytheaxolot: agrE /
[20:06:16] r1zoto: agrE
[20:06:16] jakubko95skv: agrE
[20:06:16] novbekopra: agrE
[20:06:16] kefiinek: agrE /
[20:06:16] kefiinek subscribed at Tier 1. They've subscribed for 9 months!
[20:06:16] fakaheada13: agrE NAZDAR TY PRCÁKU
[20:06:16] streamelements: kefiinek je bráškou už 9 měsíců Aware
[20:06:16] kokosovec321: agrE
[20:06:17] frytheaxolot: agrE / 󠀀
[20:06:17] otayniklul: agrE /
[20:06:17] michaelc319: agrE /
[20:06:17] montagnas: agrE /
[20:06:17] sanshaaajn: Ahoj Vojto agrLove
[20:06:17] velitelshepardcz: agrE
[20:06:17] whitebepix: poganezka nyní se píše agrE NOTED
[20:06:18] gandalfos_pogo: agrE
[20:06:18] ordolincze: agrE
[20:06:18] dorian4690: WutFace
[20:06:18] pollyvole: agrE
[20:06:18] truerisa: agrE / 󠀀
[20:06:18] nedeklarovanawhiskey: agrVudce
[20:06:18] pajinka88: agrE /
[20:06:18] lord_protektor_rainer: agrE / 󠀀
[20:06:18] chrapon12: agrE
[20:06:19] malefika7: dz
[20:06:19] frytheaxolot: agrE /
[20:06:19] chcuspat: gg
[20:06:19] marth19: Aware
[20:06:19] ten_lukas_: Dobrý den
[20:06:19] llukik_of_astora: NOOO LAST STREAM
[20:06:20] exelendo: nice
[20:06:20] johnykcz: Aware
[20:06:20] theactualynothing: vojtas
[20:06:20] kubajzvz: Čauuuuuuuuuuu
[20:06:20] seprr: gg
[20:06:20] frytheaxolot: Despair
[20:06:20] velitelshepardcz: agrE
[20:06:21] aresbig: zas sa dačo naučili agrS
[20:06:21] llukik_of_astora: NOOO LAST STREAM 󠀀
[20:06:21] streamelements: Nevidíte emoty jako například ZULUL nebo OMEGALUL ? Nainstalujte zdarma doplněk do prohlížeče 7tv! https://7tv.app/  YEAHBUT7TV  (NOVÝ ADDON NA EMOTY, STARÉ UŽ NEJSOU AKTIVNÍ)
[20:06:21] fakaheada13: Aware
[20:06:21] daren_77: Aware
[20:06:21] frytheaxolot: Despair  󠀀
[20:06:22] llukik_of_astora: NOOO LAST STREAM
[20:06:22] lazyjohncz: Poslední Aware
[20:06:22] minewipe: agrS
[20:06:23] hanamontana3: caaaaau
[20:06:23] theactualynothing: argE
[20:06:23] juk_jana: Aware
[20:06:23] dava_: MegaLUL
[20:06:23] gandalfos_pogo: Aware
[20:06:23] futaheimer: gg
[20:06:23] noobko17: Uware
[20:06:23] dada348: agrE
[20:06:23] david526: :(
[20:06:23] frytheaxolot: Despair
[20:06:23] ninjaspeedpd: ok
[20:06:23] virgo179: himHi himHi himHi himHi
[20:06:23] martinzve: agrLULE /
[20:06:24] ondreej666: Zdravíčko chat
[20:06:24] adel_artei: agrE /
[20:06:24] helikxs: Despair
[20:06:24] velitelshepardcz: agrE /
[20:06:24] claroes: GlitchLit GlitchLit GlitchLit GlitchLit
[20:06:24] rideronthestorm2000: FeelsHangMan
[20:06:24] tvojemilenka subscribed at Tier 1.
[20:06:24] streamelements: tvojemilenka je novým bráškem! VisLaud
[20:06:25] frytheaxolot: Despair  󠀀
[20:06:25] sinix59: agrE /
[20:06:25] dava_: MegaLUL 󠀀
[20:06:25] vulvodynia666: agrE /
[20:06:25] z0ner_: VisLaud jooo
[20:06:25] adam023472826: Aware
[20:06:25] miki1s: Sadge
[20:06:25] palummmm: Aware
[20:06:25] spuntiiik: FeelsBadMan
[20:06:26] johnykcz: Concerned
[20:06:26] wenous_14: yello
[20:06:26] petrmvp: Aware
[20:06:26] corvuscorvidaesk: gg
[20:06:26] zekyry: agrE /
[20:06:26] frytheaxolot: Despair
[20:06:26] dava_: MegaLUL
[20:06:26] ten_lukas_: Joooooo
[20:06:27] panvcelka: monkaW
[20:06:27] nedeklarovanawhiskey: ha ha ha
[20:06:27] llukik_of_astora: NOOO LAST STREAM 󠀀
[20:06:27] theactualynothing: gg
[20:06:27] napalmrainn: finally
[20:06:27] futaheimer: Aware
[20:06:27] prohralprotivytahu: TOTOHLE ROKUUU
[20:06:27] milan244: Uware
[20:06:27] adel_artei: HUH
[20:06:28] frytheaxolot: Despair  󠀀
[20:06:28] truerisa: Despair
[20:06:28] lord_protektor_rainer: Aware
[20:06:29] tedoslavmosby: poslední stream tento rok :D.d:D.D:d:D.D.::d.D
[20:06:29] frytheaxolot: Despair
[20:06:30] dark_fart92: agrE /
[20:06:30] imnotgandalfbro: Aware
[20:06:30] velitelshepardcz: agrE/
[20:06:30] frytheaxolot: Despair  󠀀
[20:06:30] kurna545: Aware
[20:06:30] truerisa: Aware
[20:06:30] kamenkaktus: Despair
[20:06:30] cold_hands_hot_lead: AHOOOOJ fesaku
[20:06:31] theactualynothing: Aware
[20:06:31] milan244: Despair  󠀀
[20:06:31] szimikcz: tohoto roku, že jo? že jo? Clueless
[20:06:32] rockerkaneli: agrE /
[20:06:32] panvcelka: Aware
[20:06:33] starsrider69: Aware
[20:06:33] frytheaxolot: Despair
[20:06:33] claroes: Ahoooj.
[20:06:34] velitelshepardcz: agrE /
[20:06:34] juk_jana: Saved
[20:06:35] nerinuska: LETSGOOO
[20:06:35] palummmm: Uware
[20:06:36] petrmvp: Saved
[20:06:36] ledleyking1882: Sadge
[20:06:36] metelin977: samozřejmě
[20:06:37] thedavecz_: LETSGOOO
[20:06:37] johnykcz: Saved
[20:06:37] milan244: tohoto roku, že jo? že jo? Clueless
[20:06:37] gtx_mates: <3 <3 <3 <3 SeemsGood
[20:06:37] marth19: Saved
[20:06:37] aithlin: Aware
[20:06:38] frytheaxolot: Saved
[20:06:38] theactualynothing: Despair 󠀀
[20:06:38] groundy: Sadge
[20:06:38] specter2o0: Despair
[20:06:38] panvcelka: máš u sebe brokovnici?
[20:06:39] hejtmii: posledni Clueless
[20:06:39] frytheaxolot: Saved  󠀀
[20:06:39] sberatel_zen: Jebaited
[20:06:39] simin_13: cussss
[20:06:39] krystal_bro: Saved
[20:06:40] kefiinek: Aware
[20:06:40] johnykcz: Saved 󠀀
[20:06:40] xx_christie_xx: no dobrý večer
[20:06:40] dava_: nedělal si ten samej vtip i před rokem?
[20:06:40] enthlon: tenseSmash
[20:06:40] lord_protektor_rainer: Saved
[20:06:40] lazyjohncz: PřiŠtí rok bude legen ..... dární Clueless
[20:06:40] tomhorn29215: ne
[20:06:41] seprr: jj
[20:06:41] prohralprotivytahu: ne nemyslel
[20:06:41] dedetheplayer: Sadge
[20:06:41] fakaheada13: ne
[20:06:41] minewipe: Pog
[20:06:41] kflori: peepoArrive
[20:06:41] kawaki_lx: Saved
[20:06:41] frytheaxolot: Saved
[20:06:41] malefika7: ne
[20:06:42] noobko17: Saved
[20:06:42] netrixd: Poslední memísek tohohle roku LULE https://www.instagram.com/p/C1hzmzjMX1t/ @Agraelus
[20:06:42] patrik_jo_jo: Saved
[20:06:42] domii_nica: Saved
[20:06:42] elt_tasy: Saved
[20:06:42] imnotgandalfbro: Saved
[20:06:43] vylsgames: Ever
[20:06:43] miki1s: Jebaited
[20:06:44] frytheaxolot: ne Clueless
[20:06:44] spuntiiik: Saved
[20:06:44] petrveliky1: agrLove
[20:06:44] velitelshepardcz: agrE /
[20:06:44] chcuspat: tak nic sadE
[20:06:44] lindamnau: <3
[20:06:44] johnykcz: Saved
[20:06:44] adam023472826: Saved
[20:06:44] bruker_376: Sadge
[20:06:45] novbekopra: Aware
[20:06:45] mirrostemy: ahoooooooj
[20:06:46] jirkas67: Čau
[20:06:46] Jirkas67 subscribed with Prime. They've subscribed for 18 months!
[20:06:46] streamelements: Jirkas67 je bráškou už 18 měsíců Aware
[20:06:46] frytheaxolot: ne Clueless  󠀀
[20:06:46] specter2o0: Saved
[20:06:46] netrixd: Poslední memísek tohohle roku LULE https://www.instagram.com/p/C1hzmzjMX1t/ @Agraelus 󠀀
[20:06:46] nuclearglowcz: LETSGOOO LETSGOOO LETSGOOO
[20:06:47] ten_lukas_: NOTED
[20:06:47] truerisa: Saved
[20:06:48] hejtmii: Saved
[20:06:48] panvcelka: máš u sebe brokovnici? @Agraelus
[20:06:49] poganezka: @whitebepix ja ale nevlastni agrE tenseSmash
[20:06:49] algernonl: Saved
[20:06:50] aithlin: Saved
[20:06:51] nerinuska: XDDDD
[20:06:51] woodoooos45: Čus
[20:06:52] drziteloscara_kirklazarus: už som si viazal opratku ty blázne @Agraelus
[20:06:54] marth19: Cinkacka
[20:06:54] glodher: Saved
[20:06:54] delmosorn: Saved
[20:06:54] nerinuska: Cinkacka
[20:06:55] panvcelka: Saved
[20:06:55] miki1s: Cinkacka
[20:06:55] gandalfos_pogo: Cinkacka
[20:06:56] vulvodynia666: Aha
[20:06:57] krystal_bro: Cinkacka
[20:06:57] ledleyking1882: Cinkacka
[20:06:57] milan244: Xddd
[20:06:57] frytheaxolot: Cinkacka
[20:06:58] fakaheada13: Cinkacka
[20:06:58] velitelshepardcz: Saved
[20:06:58] panvcelka: Cinkacka
[20:06:58] thedavecz_: Cinkacka
[20:06:59] truerisa: Cinkacka
[20:06:59] rethpit: Cinkacka
[20:06:59] milan244: Cinkacka
[20:07:00] specter2o0: Cinkacka
[20:07:00] georgehiting: Cinkacka
[20:07:01] chrapon12: agrZID
[20:07:01] glodher: Cinkacka
[20:07:01] radecek2817: Ahoj Vojto všechno nejlepší do nový rok
[20:07:01] metelin977: Cinkacka
[20:07:01] hejtmii: Cinkacka
[20:07:02] novbekopra: Cinkacka
[20:07:03] szimikcz: Saved
[20:07:03] killer09warzone: Argeli pôjdeš do kiná na nového votrelca keď výjde
[20:07:03] truerisa: Cinkacka 󠀀
[20:07:03] juk_jana: Cinkacka
[20:07:03] imnotgandalfbro: Cinkacka
[20:07:04] dark_fart92: Saved
[20:07:04] mmartyn90: Cinkacka
[20:07:04] jah0dak: @RethPit agrLove
[20:07:05] frytheaxolot: XDDDDDDDD
[20:07:05] aresbig: Cinkacka
[20:07:05] lazyjohncz: Cinkacka Saved
[20:07:06] noobko17: Cinkacka
[20:07:07] theactualynothing: Cinkacka
[20:07:07] z0ner_: Metlo ReallyMad
[20:07:08] domii_nica: Cinkacka
[20:07:09] tadeaxek: Cinkacka
[20:07:10] netrixd: Poslední memísek tohohle roku LULE https://www.instagram.com/p/C1hzmzjMX1t/ @Agraelus
[20:07:10] henry2871: Cinkacka
[20:07:10] dzandrej: Kappa
[20:07:10] rethpit: @jah0dak agrLove
[20:07:10] jirkas67: Cinkacka
[20:07:11] velitelshepardcz: Cinkacka
[20:07:12] xx_christie_xx: bude cinkacka
[20:07:15] jah0dak: @NooBko17 agrLove
[20:07:15] kflori: Cinkacka
[20:07:16] vylsgames: Cinkacka
[20:07:16] netrixd: Poslední memísek tohohle roku LULE https://www.instagram.com/p/C1hzmzjMX1t/ @Agraelus 󠀀
[20:07:16] zasr_nycartman: a scéna? PauseChamp
[20:07:17] nellla_s: Cinkacka
[20:07:17] frytheaxolot: XDDDDDDDD 󠀀
[20:07:17] ohzed1: Dobrý večer
[20:07:17] ohzed1 subscribed with Prime. They've subscribed for 4 months!
[20:07:18] streamelements: ohzed1 je bráškou už 4 měsíců Aware
[20:07:18] miki1s: Cinkacka  󠀀
[20:07:18] drziteloscara_kirklazarus: one last heist
[20:07:18] frytheaxolot: ne Clueless
[20:07:19] enthlon: Cinkacka
[20:07:19] vulvodynia666: Cinkacka
[20:07:19] david526: cink cink
[20:07:21] frytheaxolot: Cinkacka
[20:07:22] dandeecz7: Cinkacka
[20:07:26] aljosha39: Cinkacka
[20:07:26] 11maro: Ahoj Vojto dohráš ešte GTA SA?
[20:07:26] chrapon12: cinkacka
[20:07:26] dava_: rich get richer Classic
[20:07:27] noobko17: @jah0dak agrLove
[20:07:31] drziteloscara_kirklazarus: jako posledný tour KISS ......
[20:07:31] lansein: cau
[20:07:32] v_weininger: Čus
[20:07:33] frytheaxolot: Stare
[20:07:33] whitebepix: Cinkacka
[20:07:36] ziff1k: však jsi
[20:07:36] lansein: agrLove
[20:07:36] algernonl: gnomed
