# Start logging at 2024-01-01 11:36:43 Central Europe Standard Time
[11:36:43] disconnected
[11:36:43] Monday, January 1, 2024
[11:36:45] joined channel
[11:37:07] Agraelus is now offline.
[11:45:22] little_jenda: Bohu쬰l nejdou
[12:06:58] massnoneffect: jedin캩 쬰 m치코 android na televizi
[12:07:21] zasr_nycartman: To co se zas d캩je v tom Japonsku? agrCringe
[12:07:25] massnoneffect: na githubu je n캩jak칳 s0oundTV
[12:07:45] massnoneffect: Zasr_nyCartman Co?
[12:08:28] dava_: prost캩 si otev콏ete k tomu chat na mobilu LULE
[12:09:32] massnoneffect: aha, zem캩t콏esen칤 , Jak na nov칳 rok tak po cel칳 rok Aware
[12:11:57] zasr_nycartman: zem캩t콏esen칤 s tsunami Aware
[12:19:15] nedric_: SK
[12:20:06] algernonl: https://www.youtube.com/watch?v=tl6u2NASUzU Jamgie
[12:20:22] fakaheada13: FeelsOkayMan Clap
[12:21:52] zasr_nycartman: u jsem t칳den nevid캩l Kartona,쬴je je코t캩? PauseChamp
[12:22:32] meewile: Byl tu nachv칤li po unbanu
[12:22:42] fakaheada13: LULE
[12:22:48] meewile: ale novej rok slavil irl
[12:23:45] dejv_1997: !title
[12:23:45] nightbot: @dejv_1997 -> Current Stream Title: 游꾽 NOVORO캛N칈 STREAMO 游꾽 HEZK칗 NOV칗 ROK 2024 游꾽NOV칗 HYPE TRAIN REKORD POKO콎EN - LVL 37 游꾽 TOP DONO BERE BAL칈캛EK A BR츼KOVICI 2.0 游꾽
[12:24:51] streamelements: 7TV addon m치 probl칠my s emoty, pokud v치m n캩kter칠 nefunguj칤, sta캜칤 v BTTV povolit 7TV emoty, pokud m치te 7TV jen na emoty, je lep코칤 ho odstranit a nechat si jen BTTV s povolen칳mi 7TV emoty. YEAHBUT7TV
