# Start logging at 2024-01-01 11:36:43 Central Europe Standard Time
[11:36:43] disconnected
[11:36:43] Monday, January 1, 2024
[11:36:45] joined channel
[11:37:07] Herdyn is now offline.
[12:04:06] tentomodsjefajn: tentomhuhMars
[12:36:05] bananovy_cyklista: !followage
[12:36:05] streamelements: @bananovy_cyklista, pokud chceš zjistit, jak dlouho máš FOLLOW u Herdyna, jdi na kanál twitch.tv/herdyn_nightbot a zadej tam příkaz !followage. FeelsOkayMan
[12:47:40] bobthebuilder_98: $fa
[12:47:42] supibot: bobthebuilder_98, You have been following herdyn for 3y, 176d.
[12:47:50] bobthebuilder_98: DonkiApproved
[12:51:41] epousek: Wokege
[12:51:48] frantabot: @Epousek herNAILS
[12:51:53] frantabot: hovno, jsem vip
[12:57:55] agentfridz: !title
[12:57:55] nightbot: @AgentFridz -> Current Stream Title: Dnes bude Minecraft | !zaznamy
[12:58:45] agentfridz: !title Start 1X.XX ⚔️ Dnes bude Minecraft ⚔️ !zaznamy
[12:58:45] nightbot: @AgentFridz -> The stream title has been updated to: Start 1X.XX ⚔️ Dnes bude Minecraft ⚔️ !zaznamy
[13:00:32] epousek: $remindme DRAMA on:4pm
[13:00:33] supibot: epousek, I will remind you in 2h, 59m (ID 2576472)
[13:01:02] コティクスクスアス kotixxus: $fa
[13:01:03] supibot: kotixxus, You have been following herdyn for 5y, 231d.
[13:02:09] frantabot: @AgentFridz kkt, říkal přece 17:00
[13:02:26] agentfridz: @FrantaBOT, aha
[13:03:05] epousek: https://7tv.app/emotes/646dd022577dcd2c80ef1e75
[13:03:07] gempbot: A new 7TV emote is waiting for approval, redeemed by @Epousek
[13:03:13] gempbot: ⚠️ Failed to add 7TV emote from @Epousek 70401 Sign-In Required
[13:03:16] epousek: docnotL
[13:03:31] frantabot: @Epousek hug
[13:17:57] コティクスクスアス kotixxus: FrantaBOT PotFriend
[13:18:30] コティクスクスアス kotixxus: myslim si že kotík by mohl být dobrá náhrada za skibidi lukyse
[13:19:15] frantabot: @コティクスクスアス PotFriend
[13:21:44] fanda14_: @FrantaBOT RobloxLDance
[13:22:39] コティクスクスアス kotixxus: kotixxDance
[13:24:17] frantabot: @fanda14_ :(
[13:31:08] epousek: mam pocit že se bude hledat náhrada za někoho jinýho než lukyse kek
[13:31:52] fanda14_: bruhSit
