# Start logging at 2023-12-31 20:06:12 Central Europe Standard Time
[20:06:12] joined channel
[20:06:12] ekwit: FeelsDankMan best of co ?
[20:06:12] herdyn is live!
[20:06:18] mozz_sk: @MillanK42 Ako, hej no ale nájde sa nejaká diera v zakone a bude to tam kde sme
[20:06:20] lichking0565: kto je kvík?
[20:06:21] desmondsvk: @Herdyn Proč bych hlasoval? Dostanu za to peníze? peepoTalkbutpeepoisnottalking
[20:06:21] fanda14_: peepoPls
[20:06:23] damnnamzen_: Hmm
[20:06:26] shadowlegendgarrett: @adela_uz_vecerela to maš rada co...kvik kvik
[20:06:27] kybl_hoven: VeryPog
[20:06:34] desmondsvk: zase Fanda14_ fandí classic
[20:06:43] fanda14_: @DesmondSVK peepoCheer slovensko
[20:06:44] sir_kikik: @DesmondSVK MLADY
[20:06:44] samger07: monkaZ
[20:06:48] johny355: monkaZ
[20:06:52] desmondsvk: @Sir_Kikik kde sub? tentomhuhMars
[20:06:53] tentomodsjefajn: ne prosím nedělej to co dělá žalud
[20:06:53] damnnamzen_: monkaZ
[20:06:56] tentomodsjefajn: pepeLaugh
[20:06:56] wilsonekcz: to dělal i flygun :D
[20:06:59] kybl_hoven: Hmm
[20:07:02] sir_kikik: @desmondsvk já už tu ruk nechodím
[20:07:03] kybl_hoven: LULE
[20:07:04] johny355: poděkovat mods
[20:07:06] shadowlegendgarrett: 1) nekopirovat žaluda
[20:07:08] jixi979: nedostat cancel @Herdyn
[20:07:11] millank42: Plánovat = být nasraný z toho že plán nevyšel
[20:07:12] mchovado: nebýt sračka a mít smysl života
[20:07:14] desmondsvk: @Sir_Kikik RAGEY
[20:07:16] fanda14_: @Johny355 platit mods ?
[20:07:16] mchovado: pro mě
