# Start logging at 2024-01-02 15:35:32 Central Europe Standard Time
[15:35:32] connected
[15:35:33] joined channel
[15:36:26] thuflejrikk: @Fanda14_, gooooooooool
[15:36:30] thuflejrikk: YEEEEEEEEEEESSSSSSSSS
[15:37:12] thuflejrikk: 🇨🇦 PepoCheer
[15:37:21] thuflejrikk: 🇨🇦 peepoCheer
[15:37:23] thuflejrikk: 🇨🇦  peepoCheer
[15:37:29] thuflejrikk: @Fanda14_, 🇨🇦 peepoCheer
[15:37:31] thuflejrikk: @Fanda14_,  🇨🇦 peepoCheer
[15:37:32] thuflejrikk: @Fanda14_, 🇨🇦 peepoCheer
[15:38:01] fanda14_: Kkte
[15:38:04] thuflejrikk: fando
[15:38:07] thuflejrikk: vsazej
[15:38:08] thuflejrikk: 1.5
[15:38:12] thuflejrikk: zadarmoi
[15:38:14] thuflejrikk: Cinkacka
[15:38:16] fanda14_: FrantaBOT pavel Clueless
[15:38:24] thuflejrikk: @Fanda14_, hej fando
[15:38:33] thuflejrikk: máš ticket ?
[15:38:33] fanda14_: Nn
[15:38:40] thuflejrikk: Hmm
[15:42:25] thuflejrikk: @Fanda14_, hej ty ty si taky popelař
[15:42:31] thuflejrikk: catJAM
[15:42:43] fanda14_: NAILSMan
[15:42:47] fanda14_: NAILSMan 󠀀
