# Start logging at 2024-01-02 15:35:32 Central Europe Standard Time
[15:35:32] connected
[15:35:45] joined channel
[15:35:47] patrikturi is live!
[15:35:47] lecramtrochuznamy: v코ak byli LUL
[15:36:09] hell_walker666: t콏eba radahn
[15:36:18] lecramtrochuznamy: River of blood byl BFG 9000
[15:36:18] arrakis_reed: Bleed dostal nerf 2x, ponerfovalo se asi 15 zbran칤, x spell콢 atd
[15:36:21] inddyy: naklonovat Patrika ? jak je to tady s 캜ern칳m humorem ? v m칤stnosti je 10 lidi a 5 rukou.. co to je ? Naklonovany Patrik .. sorry, too much ? ja vyr콢stal s t치tou bez nohy m캩 to p콏ijde norm치ln칤 :D
[15:36:39] hell_walker666: comet azur byla taky docela op shit kdy to vy코lo
[15:36:58] ejkejman: Jebaited Jebaited Jebaited
[15:36:58] kuzel_: KEK
[15:37:01] stenfourtwenty: xdd
[15:37:02] mariantas: 콏칤k치l n캩kdo perma :?
[15:37:02] hell_walker666: BANNED
[15:37:07] mariantas: teda spermaban
[15:37:11] sav_ce: XDD
[15:37:11] patrikhejda: ted si ho vydesil
[15:37:12] lecramtrochuznamy: sperma ban?
[15:37:13] mr_e_r_r_o_r: @inddyy  Akor치t to postr치d치 ten vtip 游뱎
[15:37:13] patrikhejda: KEK
[15:37:13] slimq_q: On je jen body pozitivn칤
[15:37:15] iswearx_: BANNED
[15:37:15] endeross_cz: tak zas jindy Indyy LUL
[15:37:18] tetaaneta: 콎칤kal n캩kdo Perma
[15:37:18] corwinthc: 캜lov캩k si sko캜칤 ke zvonk콢m pro j칤dlo a tady l칤taj칤 najednou permy ? eShrug
[15:37:20] inddyy: :D
[15:37:22] tetaaneta: Jsem tu, na to sly코칤m
[15:37:24] suhovasusenka: to mi nevych치z칤, pacina by se m캩la po캜칤tat jako p콢l ruky KEKLEO
[15:37:25] zelwa_23: Ahoj patriku
[15:37:25] haavlos: ale svoboda slova! KKona BabyRage
[15:37:29] milanmeister: Dobrej vt칤pe캜ek haHAA
[15:37:37] corwinthc: a nebo dob콏e KEKLEO
[15:37:40] tetaaneta: sperma? to ti taky chyb칤 jako ruka?
[15:37:43] alchamei: patrikKEKW
[15:37:44] floppikos: 캜au Patriku
[15:37:49] streamelements: Ofici치ln캩 za캜al THE GOD GAMER RUN 2, nejt캩쮄뫆 challenge na CZ/SK Twitch sc칠n캩. Napi코 !BACK2BACK pro dal코칤 informace!
[15:37:51] corwinthc: @tetaaneta KEKW dobrej sme캜 KEKW
[15:37:56] tomfaith: Ahoj Patrik...dakujem za srdiecko na instagram spravu...ale neviem co mam teraz dalej robit :)
[15:37:57] lecramtrochuznamy: @Patrikturi JAk mysl칤코, 쬰 bude tato tv치 zbra켿 dobr치 na Fire Gianta?
[15:37:58] patrikhejda: KEKG
[15:38:02] blbingo: vydojenej KEKW
[15:38:08] stenfourtwenty: vyschlej jako zalud
[15:38:10] hell_walker666: co to melete volov칠
[15:38:13] alchamei: Mysl칤코 sp칤코 Kaspick칠 mo콏e ne? patrikHAHA
[15:38:15] astat08: to ale nevysich치
[15:38:21] patrikhejda: ja mel vcera na party u sebe 3 holky
[15:38:21] mejchar: SK
[15:38:22] patrikhejda: KEK
[15:38:28] milanmeister: HUH ?
[15:38:28] tetaaneta: Patrik mu dal "zobrazeno"
[15:38:29] tetaaneta: KEKW
[15:38:30] mejchar: SK dakujem za srdiecko na instagram
[15:38:31] mariantas: 콯e jsem sem v콢bec chodil... tady je to samej sucho코
[15:38:32] suhovasusenka: instagram podpora xdd
[15:38:36] sqdush: @tomfaith svl칠kat se a b캩hat
[15:38:40] tomfaith: Jaj takto...lebo som tomu nerozumel tak reku ze sa spytam :)
[15:38:40] corwinthc: @tomfaith 캜ekej KEKW
[15:38:42] patrikhejda: @Blbingo  KEK
[15:38:44] lecramtrochuznamy: Ze m캩 jsou 쬰ny tak칠 such칠. Jako kdyby to byl probl칠m.
[15:38:46] floppikos: j치 myslel 쬰 God gamer run bude zase a o pr치zdnin치ch
[15:38:59] tomfaith: @sqdush dik za tip...vyskusam ;)
[15:39:03] patrikhejda: @Blbingo  byla party?
[15:39:05] mariantas: Pro n캩koho pr치zdiny za캜칤naj칤 kdy on chce
[15:39:08] accounter6: @floppikos o pr치zdnin치ch bude taky ur캜it캩 KEKW
[15:39:11] suhovasusenka: bude, ale 3 xdd
[15:39:13] stenfourtwenty: s takovou bude i o prazdninach xd
[15:39:16] milanmeister: v코ak bude, kdy to ned치 PepeLaugh
[15:39:19] kuzel_: jeden myslel a druhej se z toho ... KEK
[15:39:22] hell_walker666: krausWeird
[15:39:28] hell_walker666: ale bude ggrun3
[15:39:31] blbingo: @patrikhejda nebyla, nem캩l jsem n치ladu kv콢li 칰mrt칤 v rodin캩
[15:39:31] tetaaneta: tohle jako budem sledovat t콏i m캩s칤ce Patriku? douf치m 쬰 s ob캜asn칳ma p콏est치vkama jinak tu 캜tvrt roku nebudu pravideln캩 KEKW
[15:39:56] patrikhejda: @blbingo tak uprimou soustrast peepoSad
[15:39:59] lecramtrochuznamy: Nope. V p치tek to PAtrik d치 LUL
[15:40:03] khardemon: Ahoj
[15:40:11] mariantas: Vzn치코칤m protest ! 쮂멳n칠 nov칠 hry
[15:40:13] tetaaneta: ZKOUKA SIR칄N
[15:40:13] tomfaith: Inak Patrik...je uzasne ze na pribehovkach dokazes spravit tolko kontentu :)
[15:40:14] astat08: 코kodaq
[15:40:16] floppikos: u ch치pu, d칤k
[15:40:18] tetaaneta: Nojo z칤tra je zkou코ka sir칠n Pog
[15:40:21] kuzel_: klip a pod n캩jak칳 command s t칤m
[15:40:24] sqdush: @tetaaneta bu캞 v klidu tohle je ten run do konce t칳dne hotovo
[15:40:27] hell_walker666: d치me si me andromedu jako mezihru :tf:
[15:40:28] xrddex: clip a command norm치ln캩 ud캩lat XD
[15:40:38] stenfourtwenty: huh7
[15:40:41] lecramtrochuznamy: J치 pot콏ebuji erekce
[15:40:44] mariantas: A n캩kdo Erekce a drama
[15:40:45] donmilkshake: Patrik je borec :D
[15:40:48] newercz: n캩kdo erekce
[15:40:53] milanmeister: Elden ring p콏칤b캩hovka COPIUM
[15:41:06] lecramtrochuznamy: 캛칤m v칤ce erekc칤 v m칤stnosti, t칤m l칠pe
[15:41:13] accounter6: co to kurva bylo KEKW
[15:41:15] blbingo: @patrikhejda na코t캩st칤 jsem nic nepl치noval, ale blb캩 to vy코lo p콏칤mo na Silvestra Sadge dankHug
[15:41:21] kuzel_: nab캩hli na tebe jak d콢chodci na slevy KEKW
[15:41:36] corwinthc: https://clips.twitch.tv/SarcasticVibrantBeaverWutFace-vCFdTsvRGt_2ydP_
[15:41:40] lecramtrochuznamy: Nejhez캜칤 na 쬰n캩 je to, kdy dostane erekci
[15:41:40] mariantas: Asi m치slo v akci
[15:41:40] inddyy: @accounter6 pir치t se susaanem :D
[15:41:43] blbingo: ted ho zajebe p콏evozn칤k se sv칳ma summonama KEKW
[15:41:54] alchamei: patrik1K
[15:41:55] tetaaneta: @Mariantas bylo v Penny p콏ed dv캩ma t칳dny
[15:41:57] tomfaith: Ja od tejto firmy poznam len Sekira a tam mi vybuchol mozog...Elden Ring lahsi?
[15:42:06] tetaaneta: nakoupeno asi 20 kostek KEKW EZ M치코lo
[15:42:06] corwinthc: myslel jsem si 쬰 to bude k n캩캜emu KEKW @Patrikturi
[15:42:08] patrikhejda: @blbingo chapu no,no my byli v klubu a kolem me same holky a ja se citil ja kv raji
[15:42:28] mariantas: @tetaaneta na m치slo u m캩 nedostanou a slevn칤 pivko
[15:42:31] blbingo: @patrikhejda jakej to 코tastlivec Pog
[15:42:32] kulsda96: !smrt
[15:42:32] streamelements: GiantRoll https://clips.twitch.tv/ColdbloodedEagerReindeerThunBeast-0MU_jFgDzrq3uorv GiantRoll
[15:42:34] lecramtrochuznamy: ER je v칤ce p콏칤zp콢soben pro v캩t코inu hr치캜콢. A to se mi l칤b칤.
[15:42:41] milanmeister: prefarmenej
[15:42:49] tetaaneta: @Mariantas v코ak pivo je ve slev캩 ka쬯ou chv칤li KEKW ale mus칤코 kupovat v kartonech
[15:42:55] lecramtrochuznamy: A proto nem치m v l치sce Sekiro.
[15:43:02] thedzejkob_: ja prvn칤 soulsovku hr치l sekiro a asi za hodinu jsem um콏el tak 50x :D tak jsem to vr치til kamo코ovi a콘 si to str캜칤 tam, kde slunce nesv칤t칤 :D
[15:43:08] patrik_mazac_: Lies of P si taky hr치l ?
[15:43:11] inddyy: @mariantas wait.. tob캩 p콏ijde pivko drah칠 ? :D
[15:43:12] patrikhejda: @Blbingo  no byl jsem ve meste po dlouhe dobe,hlavne mi prijdou dnes ty holky hrozne vysoky ze jo? (
[15:43:16] milanmeister: Proto to patrik m치 r치d nejm칤켿 Kappa
[15:43:23] tomfaith: Sekiro neodpusta vobec nic no :) Navyse ide proti prirodzenej mechanike cloveka.
[15:43:25] mariantas: @Inddyy a n칠 snad :D
[15:43:26] jakubjmenomoje: ale kecy v Sekiru m콢쬰코 v코echno vyblokovat tak ned캩lej z lid칤 dementy KEKW
[15:43:43] alchamei: !howl
[15:43:49] mr_ink0gnit0: Sekiro jak se nau캜칤코 blokovat je celkem jednoduch칳
[15:43:52] johnyyg91: Zdrav칤캜ko peepoHey
[15:43:53] patrikhejda: v lies jsou ty bloky  o hodne tezsi
[15:43:53] mr_ink0gnit0: Prost캩 spamuje코 parry
[15:43:56] newercz: v Sekiru je debiln칤, 쬰 v코ichni maj칤 Katany velikosti 코kody Octavia a ty jsi jedin칳 v콢l v Japonsku co m치 jenom no쮂셞 na m치slo
[15:43:57] inddyy: @mariantas no kdy se pod칤v치m na to kolik stoj칤 chleba nebo jin칠 pit칤 tak ani ne hele DAESuppy
[15:44:14] thedzejkob_: @mr_ink0gnit0 prave.. jakoze ER je spis o uhybani a sekiro je hlavne o parry ne ?
[15:44:32] mr_ink0gnit0: @thedzejkob_ jj
[15:44:34] arrakis_reed: Odachi Patrik AYAYA
[15:44:50] melanch0liaa: @newercz skodu octavia som musel predat lebo mi tam ani psi nevosli melanc11Rly
[15:44:51] floppikos: ty 2 nin쬺v칠 v senpou temple jsou t캩쮄뫆 jak elden ring
[15:44:54] mr_ink0gnit0: Isshin je za m캩 nejlep코칤 boss ze v코ech from soft her. Testuje t캩 ze v코ech mechanik cos tr칠noval celou hru
[15:44:57] thedzejkob_: @mr_ink0gnit0 ja prave ve hrach vetsinou uhybam..nikdy moc nepouzivam parry tak jsem tomu nedosel na chut..no nic cas to zkusit znova :D
[15:45:04] arrakis_reed: Ne jenom 쬰 se코 weeb치k
[15:45:27] mariantas: @Inddyy v tom p콏칤pad캩 mo쬹치 bude na 캜ase zm칤rnit mou 쮂셬e켿
[15:45:30] xpandelx: Jako keby s칰 neni guidy na YT na Alan Wake 2 tak som bez 코ance komplikovan칠 je to stra코ne niekedy a frustruj칰ce...v칪bec si to neviem u쬴콘 DP캛...
[15:45:31] corwinthc: 콏ekl jsi japonsk칠 slovo = jsi weeb
[15:45:35] lukas7hruska: ahoj v코em... 콏eknu v치m p콏칤b캩h o tom, jak se mi Patrik ozval, zda si m콢쬰me zavolat. Domluvili jsme 캜as, kter칳 byl 30 minut od posledn칤 zpr치vy... 캜ek치m ji 4.den :D
[15:45:37] inddyy: @melanch0liaa A to m치코 doma dva red wolfy ne ? xD
[15:45:40] freakyfriday85: Nani? KEKW
[15:45:43] floppikos: pravda
[15:45:43] mr_ink0gnit0: T콏eba ayaya AYAYA
[15:45:44] tetaaneta: Nani? KEKW
[15:45:46] tomfaith: Sekira som skusal aj na klaves&mys aj na gamepadu a pain je to na vsetkom XD
[15:45:48] thedzejkob_: miluju jamponstinu
[15:45:50] newercz: @floppikos ty se daj칤 ob캩hnout ne? sta캜칤 otev칤rat temple a nesundaj칤 t캩 a dovnit콏 nem콢쬺u
[15:45:53] corwinthc: taky je badaas .. japonsko je v콢bec cel칳 super FeelsOkayMan JointTime
[15:45:55] thedzejkob_: japonstinu pica :D
[15:45:55] rhodanus: nejlep코칤 jsou proslovy v n캩m캜in캩 LUL
[15:45:55] milanmeister: patrik weeb FeelsStrongMan Clap
[15:46:03] melanch0liaa: @inddyy bullmastiff, stredoazijat, civava, cesky bradac
[15:46:04] mariantas: J치 m치m taky r치d Jampon코tinu
[15:46:08] slimq_q: One of us FeelsStrongMan
[15:46:10] milanmeister: Patrik vypne stream a jde se d칤vat na anime FeelsStrongMan Clap
[15:46:11] freakyfriday85: Wakarima코ta? LuL
[15:46:13] thedzejkob_: @mariantas ja taky LUL
[15:46:14] floppikos: @newercz j치 v칤m, ale kdy se s nima sna쮂솬 bojovat tak to je bolest
[15:46:15] dzaky24: @Rhodanus +1
[15:46:16] lecramtrochuznamy: Kdy sly코칤m japon코tinu, tak tvrdnu... to bude t캩mi 500 hodin hentai s 18-let칳mi mu쬴 a chobotnicemi.... v코ak to zn치te.
[15:46:26] corwinthc: @lecramtrochuznamy ddHuh
[15:46:29] mr_ink0gnit0: Kdy Isshin 콏칤k치 Sekiro! tak to m치 코mrnc SekiroFight
[15:46:34] mariantas: Ten u nezvedej
[15:46:40] newercz: @floppikos to jsem zkusil 3x a 3x um콏el :-) pak jsem zkusil otev콏칤t vrata
[15:46:46] lecramtrochuznamy: @CorwinTHC Oukay. Z tebe m치m v캩t코칤 erekci... spokojen?
[15:46:47] sonic__cz: peepoTalk
[15:46:49] suhovasusenka: patrikMobil ano? u vezete ten gel?
[15:47:01] erik1188: pracuju KEKW
[15:47:04] slimq_q: xdd
[15:47:05] arrakis_reed: M치te 캜as na rozhovor o na코em spasiteli a ochr치nci je쮂솬멸 kristu?
[15:47:06] mr_ink0gnit0: Pracuju KEKLEO
[15:47:11] slimq_q: KEKLEO
[15:47:12] floppikos: LUL
[15:47:12] sonic__cz: mak치m jak svin캩 KEKW
[15:47:17] corwinthc: @lecramtrochuznamy je fakt 쬰 i ve one piece anime i manze byla nar치쬶a na chapadla KEKW i ty jeden Hentai ! LUL
[15:47:18] suhovasusenka: jo tak zvuky xdd
[15:47:19] streamelements: Pro lep코칤 energii a pozornost, proti 칰nav캩 odolnost. Madmonq! Kupuj p콏es m콢j link https://madmonq.gg/patrikturi FeelsMadmonqMan
[15:47:21] spectra111: tak쬰 trojka?
[15:47:23] milanmeister: Usly코칤 Patrikovy soy zvuky OMEGALUL
[15:47:24] mariantas: @arrakis_reed po캜kat Jehovisti u i volaj칤 ?
[15:47:26] dzandrej: japon코tina je cool t콏eba v trek to yomi
[15:47:29] lecramtrochuznamy: @CorwinTHC LUL
[15:47:29] blbingo: @patrikhejda hele j치 jsem docela vysok칳, tak to moc nevn칤m치m KEKW a jednou, kdy jsem potkal jednu, co byla o p콢l hlavy vy코코칤 a zhruba v m칳m v캩ku, m캩 to dost p콏ekvapilo
[15:47:32] lukas7hruska: tak쬰 um칤코 s telefonem... ok...
[15:47:33] jakubjmenomoje: je코t캩 j칤 콏ekni co d캩l치코 za pr치ci KEKW
[15:47:33] soullsteall: ver ci never, ale mam rovnake tricko ako ty LUL LUL
[15:47:37] soullsteall: prave na sebe
[15:47:38] zigi00x: celej spocenej z t칠 pr치ce je jak d콏e chud치k :D
[15:47:44] slimq_q: To usly코칤  hukando
[15:47:48] freakyfriday85: patrikMobil
[15:47:48] slimq_q: a bude bos
[15:47:49] xpandelx: Tak nehre코i콘 KEKW
[15:47:55] hell_walker666: patrikMobil
[15:47:56] milanmeister: Um칤 s telefonem NOTED
[15:47:58] mr_ink0gnit0: On hlavn캩 um칤 s kl치vesnic칤 KEKW
[15:47:58] dzandrej: jj usly코칤te zvuky
[15:48:00] lukas7hruska: ahoj v코em... 콏eknu v치m p콏칤b캩h o tom, jak se mi Patrik ozval, zda si m콢쬰me zavolat. Domluvili jsme 캜as, kter칳 byl 30 minut od posledn칤 zpr치vy... 캜ek치m ji 4.den  :D
[15:48:02] suhovasusenka: chud치k luky xdd
[15:48:04] junkiegamerr: ddHuh nazd치r bando LuL
[15:48:06] erik1188: jen s aligatorem LUL
[15:48:12] mariantas: Zazvon칤 v bossfightu... ozve se Mrdkooo jooo kurva
[15:48:13] thedzejkob_: @erik1188 UAAAA
[15:48:27] inddyy: @mariantas ja pracoval v obchod캩 z piva a dost치val jsem stra코n칳 rage z toho mno쬽tv칤 xD tak쬰 to m치m hodn캩 zkreslen칳 xD ale jako kdy budu fakt po캜칤tat lahv치캜e a ne to캜en칠 tak mi to p콏ijde levn칠 celkem .. 15 korun v akci +- ? co to dneska je xD
[15:48:28] lecramtrochuznamy: Usnul na 4 dny LUL
[15:48:30] melm3n: Tak tro코ku si p콏eju abys chc칤pnul kdy tam bude코 m칤t majitelku, aby poznala jak칠 d칠mony v sob캩 m치코 @Patrikturi
[15:48:31] blbingo: patrikSleeper
[15:48:34] xpandelx: Zaspal na 4 dni ROFL
[15:48:41] mr_ink0gnit0: patrikMobil N캩jakej Luk치코? Ignor
[15:48:43] milanmeister: Usl jak star칳 p치n Bedge
[15:48:47] tomfaith: Zobrazit je najviac XD
[15:48:47] junkiegamerr: ban him RAGEY
[15:48:48] lukas7hruska: j치 v칤m, 쬰 jsi psal... :D
[15:48:53] corwinthc: Z OMEGALUL BRAZEN OMEGALUL
[15:48:55] lecramtrochuznamy: catana
[15:48:57] junkiegamerr: KEKLEO
[15:49:01] blbingo: jak na seznamce KEKW
[15:49:02] suhovasusenka: tak zavolej a mrdej na smsky xdd
[15:49:19] corwinthc: @lukas7hruska takhle ho tr치pit KEKLEO
[15:49:26] inddyy: @melanch0liaa no tak to pak ch치pu xD
[15:49:32] lukas7hruska: volej, pros칤m po 20:00... 20:20 ide치l
[15:49:33] mrsgreen88: HahaBall HahaBall
[15:49:41] arrakis_reed: Japonky, je to Sony
[15:49:47] mariantas: @Inddyy No to jo ale mohlo by b칳t levn캩j코칤 nebr치nil bych se
[15:49:49] tuccaaa: !BACK2BACK
[15:49:49] streamelements: https://docs.google.com/document/d/1pm1Kg_V8WzWsuECNrx0Sb3JRz7llWOYnFhiQsq-oQ-A/edit?usp=sharing patrikLURK
[15:49:53] milanmeister: Dost치vaj칤 slevu 50% na PS+ BatChest
[15:49:55] lukas7hruska: snad neusne코 코칤pkov치 r콢쬰nko
[15:50:03] lukastoupy: jezdej do asie na akupunkturu xD
[15:50:09] corwinthc: PauseChamp JointTime
[15:50:15] corwinthc: Listening
[15:50:20] mariantas: Suckupunktura
[15:50:25] lukas7hruska: jako kdy bych cht캩l jen tak na 캜umendu?
[15:50:26] lukas7hruska: nem치me
[15:50:27] mariantas: Jo to si nech치m l칤bit
[15:50:28] kulsda96: To u bude Patrik sp치t ve 20:20 patrikBEDGE
[15:51:10] lukastoupy: Fuckingpunktura je taky fajn
[15:51:23] mariantas: J치 za Kimem t콏eba bych se nevr치til ale
[15:51:23] lukas7hruska: ale na코e HQ je v San Mateo ;)
[15:51:25] inddyy: zn치my d캩l치 v Daikinu co je Japonsk치 firma co vyr치b칤 klimatizace a co v칤m tak tam m캩l dokonce proplacenou cestu na 캜umendu do hlavn칤ho s칤dla firmy
[15:51:49] lerdovik: portugalsko ?
[15:51:56] 1bflm: CA
[15:51:58] corwinthc: @inddyy nen칤 to fabrika na kladn캩 ? ne po캜kej to je keihin PauseChamp
[15:52:08] lukas7hruska: California
[15:52:19] streamelements: Sleduj m캩 tak칠 na Instagramu: https://www.instagram.com/patrikturiofficial/
[15:52:20] inddyy: @corwinthc Brno xD
[15:52:21] mariantas: M캩 firma proplatila loni ve캜e콏i not bad at all
[15:52:27] corwinthc: @inddyy KEKW
[15:52:49] dzaky24: J치 d캩l치m v Toyot캩 a je to podobn칠, pokud chce코 je dovolenou do JP m치코 sm콢lu. Ale slu쬰bky v코eho druhy m치코 samoz콏ejm캩 placen칠 :-D
[15:52:56] dpaldus: Co hraje코 za classsu? @Patrikturi
[15:52:57] lukas7hruska: u na n캩m hraji ..
[15:52:59] blbingo: billyWink
[15:53:02] seschlahouska: Zdrav칤m 코efe jak to jde ? @Patrikturi
[15:53:04] inddyy: ja d캩l치m v Israelsk칠 firm캩 .. asi bych rad캩ji z콢stal doma
[15:53:05] johnyyg91: KEKW
[15:53:07] corwinthc: @lukas7hruska ddHuh
[15:53:08] suhovasusenka: mucq
[15:53:12] lukastoupy: ja si ho vezmu za n코j
[15:53:17] lukastoupy: n캩j
[15:53:23] mariantas: @Inddyy jedete docela bomby ne ?
[15:53:26] dpaldus: A co maxuje코 na Samurajovi
[15:53:39] inddyy: @mariantas LUL LUL
[15:53:41] lukas7hruska: co bylo tv칠 GOTY v콢bec? :)
[15:54:02] lukas7hruska: Pro캜 tohle nehraje코 na PS5 ...? :D
[15:54:03] oliver277: oliver277 redeemed Sout캩 o LEGO Harry Potter 49999
[15:54:06] mariantas: @Inddyy a jak tak kouk치m tob캩 by asi cestu neproplatily nepo캜칤taj칤 쬰 by jsi se vracel :D
[15:54:13] mr_ink0gnit0: Alan se nel칤bil?
[15:54:16] mr_ink0gnit0: Tolik?
[15:54:29] floppikos: hr치l si zeldu?
[15:54:30] lukas7hruska: Tak쬰 top 3 by bylo: 1/ BG3 2/ Spidey 2 3/ ???
[15:54:39] lukas7hruska: Alan je fantastickej
[15:54:40] dpaldus: Dohr치l jsem Sekiro tak chci poprv칠 rozjet ER za Samuraje LUL
[15:54:46] suhovasusenka: Alan byl hlavn캩 Bedge
[15:54:53] milanmeister: 콯alud 콏칤kal, 쬰 minulej rok byl nejlep코칤 hern칤 rok. N치zor?
[15:55:00] blbingo: AlanWoke
[15:55:09] erasersk: n치zor? 콯alud ma nezauj칤ma
[15:55:11] mariantas: M캩 se docela l칤bil i DeadSpace
[15:55:17] lukas7hruska: @milanmeister A co si mysl칤코 ty... byl nebo nebyl?
[15:55:18] inddyy: @mariantas nebo m칤sto vyhazovu mi tu cestu proplat칤 a po p콏ist치n칤 dostanu do ruky samopal s rozkazem na frontu
[15:55:18] milanmeister: PepeLaugh
[15:55:20] kuzel86: @milanmeister je to kokot
[15:55:21] corsai: 쬬lud toho na콏칤ka
[15:55:21] mrsgreen88: 쬬lud at si rika co chce :D :D
[15:55:21] blbingo: 쬬lud n치zor OMEGALUL
[15:55:24] alchamei: patrikKEKW
[15:55:25] zigi00x: Hr치l jsi Horizon Zero Dawn?
[15:55:28] ejkejman: Jebaited
[15:55:34] ezechiel3000: nebyl
[15:55:35] mejchar: vi 쬬lud 쬰 hry je코t캩 existujou?
[15:55:36] mrsgreen88: HahaBall HahaBall HahaBall
[15:55:38] w0lf1c3k: xD
[15:55:38] ondrowitch: 쬬lud je 쬬lud nazor ? xDDD
[15:55:39] sqdush: zaludLick zaludLick zaludLick zaludLick
[15:55:40] hell_walker666: nejm칠n캩 parasoci치ln칤 vztah se 쬬ludem
[15:55:41] lerdovik: at hlavn캩 zaplat칤 dan캩 corka jedna
[15:55:43] corwinthc: KEKW
[15:55:50] floppikos: 2018 byl dobrej
[15:55:54] 3man__cz: Rozdhodne mel byt goty FORSPOKEN KEKLEO
[15:56:01] mariantas: 2015 byl zlomov칳 :D
[15:56:03] alchamei: @lerdovik dan캩 plat칤, neplatil soci치ln칤 a zdravotn칤
[15:56:05] inddyy: jakoby, 코patn칳 ten rok ur캜it캩 nebyl
[15:56:16] lerdovik: @alchamei to jsou dane :D
[15:56:24] hell_walker666: sly코el jsem FORPOGGIN ?
[15:56:25] suhovasusenka: 22 a 23 byly dobr칳 roky, leto코ek bude slabota
[15:56:36] blbingo: FORPOGGIN
[15:56:37] alchamei: No a seriozn캩 Patrik, jak칳 byl lonsk칳 rok z hlediska gamingu? patrikSTORY
[15:56:44] playernoob4ever: @DPaldus Sekiro je moje vysn캩n치 hra , kterou bych si opravdu cht캩l u쮂셦, nebot ten kombat je neuv캩콏iteln칤, hlavn캩 to 콏in캜en칤 katan je skv캩l칠
[15:56:48] yopplate: jsem zde! ted je vhodna chvile ud캩lat dojem
[15:56:55] extremely_naive_soul: ta 쬰re staminu jako b콢캜ek
[15:57:00] richmondess: Jako moment on fakt existuje
[15:57:01] mariantas: No dneska prvn칤 den v pr치ci a 콏칤kam si jestli to v콢bec m캩lo cenu :D
[15:57:11] dpaldus: @playernoob4ever P콏esn캩 tak, nikdy jsem Souls hry nehr치l ale Sekiro jsem si zamiloval a dohr치l.
[15:57:19] lukas7hruska: to u jede코 na ostro nebo jen tak tr칠nink?
[15:57:19] streamelements: Zdrav칤캜ko MLADY V캩d캩li jste, 쬰 si m콢쬰te zkontrolovat Emote, zda jste ho napsali spr치vn캩? Sta캜칤 p콏ed odesl치n칤m stisknout kl치vesu Tab, zkuste to n캩kdy. BASED
[15:57:26] playernoob4ever: @DPaldus ale pr칳 je to stra코n캩 hardcore hra a toho se boj칤m
