# Start logging at 2024-01-01 11:36:43 Central Europe Standard Time
[11:36:43] disconnected
[11:36:43] Monday, January 1, 2024
[11:36:49] kys3l1na: kys3l1na redeemed Soutěž o LEGO Harry Potter 49999
[11:36:58] joined channel
[11:37:01] schefik: schefik redeemed Soutěž o 8 knih Zaklínače 49999
[11:37:02] apokalyptyk01: @marfysta nesranduj KEKW ani o korunu nepôjde dole KEKW
[11:37:07] Patrikturi is live!
[11:37:09] alchamei: @dannymeisterr ledňáček jako že přijde jen v lednu? patrikKEKW
[11:37:13] ramlicogna: Zdar
[11:37:13] schefik: ok
[11:37:21] sephyrka: @apokalyptyk01 tak nové asi ano. staré moc ne
[11:37:27] alenngk: alenngk redeemed Soutěž o Playstation 5 199999
[11:37:27] ramlicogna: Přeju hodně štěstí k back2back runu
[11:37:35] messius: !BACK2BACK
[11:37:36] streamelements: https://docs.google.com/document/d/1pm1Kg_V8WzWsuECNrx0Sb3JRz7llWOYnFhiQsq-oQ-A/edit?usp=sharing patrikLURK
[11:37:42] dannymeisterr: @alchamei jop.. ten kdo začné od ledna většinou jim to vydrží círka 2-3tydny :D
[11:37:43] bediortv: @Patrikturi První pokus na ER?
[11:37:46] flaknutejcz: třeba to za týden dohraješ a máš 3 volné měsíce KEKW @Patrikturi
[11:37:48] marfysta: @Apokalyptyk01 v tom případě jim půjde větší zisk do kapsy
[11:37:50] kapalina: @marfysta forsenLaughingAtYou
[11:38:00] xobajty99: a není to trošku nefér pro lidi co nekoukaj na tvuj stream ??? jak mám nazbírat dostatek bodu když tady nechodím
