# Start logging at 2024-01-01 11:36:43 Central Europe Standard Time
[11:36:43] disconnected
[11:36:43] Monday, January 1, 2024
[11:36:45] joined channel
[14:35:39] froouuz: lurkk
[14:35:56] enjinka_: lurkk
[16:06:46] Rejdis_: Rejdis_ removed 7TV emote SNIFFA.
[16:06:47] Rejdis_: Rejdis_ added 7TV emote SNIFFA.
[16:07:00] Rejdis_: Rejdis_ removed 7TV emote fricc.
[16:07:01] Rejdis_: Rejdis_ added 7TV emote fricc.
[16:07:13] Rejdis_: Rejdis_ removed 7TV emote HUH.
[16:07:14] Rejdis_: Rejdis_ added 7TV emote HUH.
[16:07:26] Rejdis_: Rejdis_ removed 7TV emote monkaS.
[16:07:26] Rejdis_: Rejdis_ added 7TV emote monkaS.
[16:07:39] Rejdis_: Rejdis_ removed 7TV emote Chatting.
[16:07:40] Rejdis_: Rejdis_ added 7TV emote Chatting.
[16:07:47] Rejdis_: Rejdis_ removed 7TV emote peepoSleigh.
[16:07:57] Rejdis_: Rejdis_ removed 7TV emote CrayonTime.
[16:08:08] Rejdis_: Rejdis_ removed 7TV emote YEP.
[16:08:08] Rejdis_: Rejdis_ added 7TV emote YEP.
[16:08:09] ozrun: Hmmm
[16:08:18] Rejdis_: Rejdis_ removed 7TV emote PepoThink.
[16:08:18] Rejdis_: Rejdis_ added 7TV emote PepoThink.
[16:08:26] rejdis_: Hmm
[16:08:33] rejdis_: lurkk
[16:08:39] plinkerton444: @Rejdis_, hi novi
[16:08:43] rejdis_: aha
[16:08:49] Rejdis_: Rejdis_ removed 7TV emote hi.
[16:08:55] rejdis_: :tf:
[16:09:09] Rejdis_: Rejdis_ removed 7TV emote Chadge.
[16:09:09] Rejdis_: Rejdis_ added 7TV emote Chadge.
[16:09:12] ozrun: Až přijdou tři králové, tak se sundávají ozdoby RAGEY
[16:09:19] Rejdis_: Rejdis_ removed 7TV emote peepoFat.
[16:09:27] rejdis_: drž hubu
[16:09:27] plinkerton444: peepoFAT
[16:09:38] froouuz: @Rejdis_ nehraj si s emotama a pojd valo radši xdd
[16:09:44] rejdis_: FINGER
[16:09:55] Rejdis_: Rejdis_ removed 7TV emote peepoGift.
[16:10:03] Rejdis_: Rejdis_ removed 7TV emote Saved.
[16:10:04] Rejdis_: Rejdis_ added 7TV emote Saved.
[16:10:28] Rejdis_: Rejdis_ removed 7TV emote FeelsOkayMan.
[16:10:29] Rejdis_: Rejdis_ added 7TV emote FeelsOkayMan.
[16:10:36] Rejdis_: Rejdis_ removed 7TV emote Pepega.
[16:10:36] enjinka_: tak to je gg
[16:10:37] Rejdis_: Rejdis_ added 7TV emote Pepega.
[16:10:50] Rejdis_: Rejdis_ removed 7TV emote peepoS.
[16:10:50] Rejdis_: Rejdis_ added 7TV emote peepoS.
[16:11:00] Rejdis_: Rejdis_ removed 7TV emote PepegaAim.
[16:11:00] Rejdis_: Rejdis_ added 7TV emote PepegaAim.
[16:11:12] Rejdis_: Rejdis_ removed 7TV emote LETHIMCOOK.
[16:11:12] Rejdis_: Rejdis_ added 7TV emote LETHIMCOOK.
[16:11:38] Rejdis_: Rejdis_ removed 7TV emote peepoBelievers.
[16:11:39] Rejdis_: Rejdis_ added 7TV emote peepoBelievers.
[16:11:52] Rejdis_: Rejdis_ removed 7TV emote peepoDoubters.
[16:11:52] Rejdis_: Rejdis_ added 7TV emote peepoDoubters.
[16:12:15] Rejdis_: Rejdis_ removed 7TV emote peepoSit.
[16:12:16] froouuz: Rejdis_ ale jako mohl bys, dlouho jsdi s náma nehrál a bude potřeba 5. Sadge
[16:12:23] Rejdis_: Rejdis_ removed 7TV emote COCKA.
[16:12:23] Rejdis_: Rejdis_ added 7TV emote COCKA.
[16:12:34] rejdis_: nedá se
[16:12:46] Rejdis_: Rejdis_ removed 7TV emote peepoSad.
[16:12:46] Rejdis_: Rejdis_ added 7TV emote peepoSad.
[16:12:58] Rejdis_: Rejdis_ removed 7TV emote Clap.
[16:12:58] Rejdis_: Rejdis_ added 7TV emote Clap.
[16:13:05] Rejdis_: Rejdis_ removed 7TV emote SANTIES.
[16:13:13] Rejdis_: Rejdis_ removed 7TV emote Madge.
[16:13:13] Rejdis_: Rejdis_ added 7TV emote Madge.
[16:13:22] Rejdis_: Rejdis_ removed 7TV emote DANKIES.
[16:13:23] Rejdis_: Rejdis_ added 7TV emote DANKIES.
[16:13:33] froouuz: Rejdis_ jak nedá Sadge
[16:13:43] Rejdis_: Rejdis_ removed 7TV emote pepeJAM.
[16:13:43] Rejdis_: Rejdis_ added 7TV emote pepeJAM.
[16:14:05] Rejdis_: Rejdis_ removed 7TV emote peepoBlushSipChristmas.
[16:14:16] Rejdis_: Rejdis_ removed 7TV emote Latege.
[16:14:18] Rejdis_: Rejdis_ added 7TV emote Latege.
[16:14:36] Rejdis_: Rejdis_ removed 7TV emote Madgi.
[16:14:37] Rejdis_: Rejdis_ added 7TV emote Madgi.
[16:14:50] Rejdis_: Rejdis_ removed 7TV emote Bedge.
[16:14:50] Rejdis_: Rejdis_ added 7TV emote Bedge.
[16:15:01] Rejdis_: Rejdis_ removed 7TV emote TrollDespair.
[16:15:01] Rejdis_: Rejdis_ added 7TV emote TrollDespair.
[16:15:09] Rejdis_: Rejdis_ removed 7TV emote SALAMI.
[16:15:10] froouuz: Madgi
[16:15:10] Rejdis_: Rejdis_ added 7TV emote SALAMI.
[16:15:18] Rejdis_: Rejdis_ removed 7TV emote GiftTime.
[16:15:25] Rejdis_: Rejdis_ removed 7TV emote MLADY.
[16:15:26] Rejdis_: Rejdis_ added 7TV emote MLADY.
[16:16:38] Rejdis_: Rejdis_ removed 7TV emote hmmMeeting.
[16:16:39] Rejdis_: Rejdis_ added 7TV emote hmmMeeting.
[16:17:29] Rejdis_: Rejdis_ added 7TV emote VarietyNot.
[16:17:32] rejdis_: xdd
[16:17:37] rejdis_: VarietyNot
