# Start logging at 2024-01-02 15:35:32 Central Europe Standard Time
[15:35:32] connected
[15:35:33] joined channel
[15:35:37] ozrun: 444luky444 Protože na nás sereš RAGEY
[15:35:44] froouuz: 444luky444 chybíš ale ty nejsi ani v chatu skoro, jsi zanevřel na všechno SadgeCry
[15:35:46] 444luky444: @ozrun D:
[15:35:49] ozrun: froouuz Však řveš furt, co meleš? xdd
[15:36:06] froouuz: OzRun počkej až budu fakt řvát xdd
[15:36:10] 444luky444: @froouuz V offline chatu jsem byl několikrát, alle je to tu dead. Despairge
[15:36:23] ozrun: 444luky444 Já jsem se tam stal otloukánkem Sadge
[15:36:41] 444luky444: @ozrun Sadge
[15:36:49] 444luky444: @ozrun To bude dobrý. peepoLove
[15:36:54] froouuz: 444luky444 dal bych suba ale už není sleva a šetřím na kávovar a mlýnek xdf
[15:37:01] froouuz: tiktok me donutil xdd
[15:37:05] 444luky444: @froouuz NOOOO
[15:37:06] ozrun: 444luky444 Hlavně, když odešla enjinka, tak se rozjeli Sadge
[15:37:13] streamelements: Zde naleznete všechny mé sociální sítě: https://linktr.ee/freezecz
[15:37:16] 444luky444: @ozrun classic krotí se před ženou xdf
[15:37:37] 444luky444: Hmm musím načapat Woodyzska třeba se na mnou slituje. Kapp KEKW
[15:37:45] fuller777: @444luky444 slyšel jsem že si odinstaloval valorant jo?! RAGEY
[15:37:47] froouuz: 444luky444 a máme enjinky ig pepeLaugh
[15:37:52] rejdis_: no jo 444luky444 je pleb pepeLaugh
[15:37:59] 444luky444: @fuller777  SCATTER
[15:38:06] 444luky444: @rejdis_ NOOOO
[15:38:09] 444luky444: @froouuz Susge
[15:38:17] ozrun: Ale jen to sem hodím
[15:38:18] ozrun: https://clips.twitch.tv/AgileResilientLorisSoBayed-lTyXV1CXaEbnpYsg Twitch
[15:38:28] fuller777: @Rejdis_ vrať ten emote RAGEY
[15:38:36] ozrun: myslíš hi
[15:38:41] ozrun: Já ho vidím xdd
[15:38:43] ozrun: Dej si f5
[15:38:48] 444luky444: @ozrun gg Sadge
[15:38:51] fuller777: no konečně RAGEY
[15:39:02] ozrun: Clueless FULLER777
[15:39:04] ozrun: xdd
[15:39:18] rejdis_: Jednou valo dá Cluegi
[15:39:21] rejdis_: Sure
[15:39:22] fuller777: @OzRun slone FINGER
[15:39:28] ozrun: btw. dneska jsem si podle hlasu chtěl představit Fullera, ale napadl mě jejom Grinder xdd
[15:39:31] froouuz: jj jednou dá
[15:39:37] froouuz: xdf to už tady bylo tolikrát
[15:39:40] froouuz: pepeLaugh
[15:39:50] 444luky444: To, jak Alda mě vyhatil, tak už to radši nikdy nezapnu. xdf
[15:39:54] fuller777: @OzRun Ty zmrde FINGER
[15:39:55] froouuz: třeba jakože jednou začne stream ve 12 Clueless
[15:40:18] froouuz: A stejně ho máme rádi peepoLove
[15:40:35] ozrun: Fakt?
[15:40:36] ozrun: ok
[15:40:38] froouuz: Teda pokud to dneska zapne dřív jak v 6 Kapp
[15:41:06] froouuz: 16:30 + hodinka jako vždy a intro k tomu to by vycházelo Kapp
[15:41:28] ozrun: Škoda, že Aldovi nenapsali "Máme tvoji peněženku, a jestli nám nepošleš bitcoin, tak ti ji budeme posílat po kouskách" xdd
[15:41:50] ozrun: @froouuz Však psal, že to pustí později, protože si jde pro peněženku
[15:41:52] ozrun: RAGEY
[15:42:15] froouuz: Mě by zajímalo co si myslí vždycky těch pár stovek lidí, když nás do toho chatu píše tak 20 xdf
[15:42:35] 444luky444: @froouuz xddShrug Prostě na nás serou a jen lurkují. xdd
[15:42:42] ozrun: Tak třeba má někdo zaplé lolko a lurkují Shruge
