# Start logging at 2024-01-01 11:36:43 Central Europe Standard Time
[11:36:43] disconnected
[11:36:43] Monday, January 1, 2024
[11:36:58] joined channel
[13:37:28] mirekik__: !store
[13:37:29] streamelements: Store je uzavřen https://streamelements.com/spajkk/store . Store se losuje okolo 20tého dne v měsíci.
[14:57:50] streamelements: spajKK je online a hraje: Just Chatting :)
[14:58:10] spajKK is live!
[14:58:11] jephii: MONKE
[14:58:16] carlosofficial_: !store
[14:58:16] streamelements: Store je uzavřen https://streamelements.com/spajkk/store . Store se losuje okolo 20tého dne v měsíci.
[14:58:23] elk1ra_: HeyGuys
[14:58:26] azureyetii: ahoooj
[14:58:49] sheshailive: Ahoooj ABDULpls
[14:58:53] kroketka555544: spajkkSalut
[14:58:55] h4nsky: !store
[14:58:56] streamelements: Store je uzavřen https://streamelements.com/spajkk/store . Store se losuje okolo 20tého dne v měsíci.
[14:58:57] tumekbyrtak: @spajKK <3
[14:59:00] blendo95: ola
[14:59:01] streamelements: než se začneš ptát tak si přečti title a !pravidla. Chovej se zde na streamu slušně, nenadávej nikomu, nespamuj, nepiš sračky a podobně.
[14:59:26] sheshailive: bleedPurple
[14:59:57] azureyetii: BibleThump
[15:00:01] streamelements: Každý týden nálož videí. Poslední video:  35 KILLU V UNREAL SQUAD RANKEDECH w/ @Wraxx                               https://www.youtube.com/watch?v=OgpVDfEpuZQ
[15:00:13] toukscz: helooo
