# Start logging at 2024-01-02 15:35:32 Central Europe Standard Time
[15:35:32] connected
[15:35:33] joined channel
[15:35:34] cernejmnich: @amigozejgyyy taky kouk치m more hlava jak puk
[15:35:41] amigozejgyyy: dyk von si zabil
[15:35:52] meugil_bot: kdo hraje
[15:35:53] amigozejgyyy: ja ted chytam nerva nemuzu najit vapo ReallyMad
[15:35:53] hovdyk: cernejmnich je rename cernyho kluka
[15:35:54] stoupalovaa: $afk zitra 코kola janbruDeprese
[15:35:54] supibot: stoupalovaa is now AFK: zitra 코kola janbruDeprese
[15:35:55] hovdyk: nebo nekdo jinej
[15:36:09] amigozejgyyy: 游뻟릖 vs 游뻟릖 U20
[15:36:22] cernejmnich: @hovdyk Dyk detektiv
[15:36:37] amigozejgyyy: tak do jinej tu pise jak 200% cigos
[15:36:45] hovdyk: treba ty
[15:36:47] cernejmnich: xdddddddd
[15:36:59] amigozejgyyy: tenseSmash
[15:37:04] amigozejgyyy: 2:1
[15:37:06] jungyyz: NAILS
[15:37:06] amigozejgyyy: nevadi
[15:37:11] cernejmnich: pomalu pomalu kluci neperte se o cigana
[15:37:28] jungyyz: AmigoZejgyyy koukal si na slovaky? omE
[15:37:29] amigozejgyyy: ja mam splneno 1. tretina cesko
[15:37:30] amigozejgyyy: EZ
[15:37:45] amigozejgyyy: @JungyyZ, nastesti jsem nemohl najit stream
[15:37:49] amigozejgyyy: ale videl jsem na livesportu
[15:38:25] lfarui: cs
[15:38:28] amigozejgyyy: slovaci po vyhre nad nama: "noo my jsme nejlepsi postoupime z prvniho a mista a vyhrajeme zlato"
[15:38:33] amigozejgyyy: amigozKek
[15:38:44] jungyyz: finsko :tf:
[15:38:47] amigozejgyyy: :tf:
[15:39:14] amigozejgyyy: finsko ktery bylo tragicky ale vyhypovala je vyhra nad svedama
[15:39:19] petruskaaa7: xdd
[15:39:42] jungyyz: spis oni vzdy hrajou lepe az v playoff
[15:40:54] amigozejgyyy: jako minulej rok jsme porazili kanadu ale meli jsme hrozne silnej tym ted mame minus 2 skvely hrace a mnoho hracu co hralo minule tak jsou uz stary
[15:41:03] amigozejgyyy: tak snad ted neco vymyslej i tenhle rok
[15:41:03] kennycraig: GoodMorning
[15:41:07] amigozejgyyy: dobre rano kenny
[15:41:09] kennycraig: !fifle
[15:41:10] fossabot: @kennycraig, 16:00+- Posledn칤 캜치st 游꺓 kauzy, videjka, 18:00 B4THECLASH, mozna jeste neco co jsem zapomnel haha
[15:41:18] kennycraig: ahooj
[15:41:18] deelog__: dobre rano
[15:41:31] amigozejgyyy: zapinejte vsichni 캜t sport HokejseT
[15:41:40] deelog__: tutovka?
[15:41:49] amigozejgyyy: tutovka ne ale hrajeme hezky
[15:42:16] pepa_mares_: no jo HokejseT
[15:42:20] meugil_bot: NAILS
[15:42:24] reallyfunnyjelly: wifeCheck gde zaludE restream 캛T s odborn칳m koment치콏em?
[15:42:31] amigozejgyyy: asi tam 코oupnu j캩코t캩 neprohru 캜esko
[15:42:33] amigozejgyyy: haisetHmm
[15:42:43] deelog__: az bude 코kolen칤 z hokeje
[15:42:44] amigozejgyyy: v zakladni hraci dobe nemuzeme prohrat
[15:42:51] reallyfunnyjelly: Clueless
[15:42:56] meugil_bot: Clueless
[15:42:57] ubrouseknapiku: GM BLEHHHH
[15:42:58] supibot: @ubrouseknapiku is no longer AFK: (no message) (17h, 43m ago)
[15:43:01] amigozejgyyy: zadni Clueless
[15:43:07] amigozejgyyy: Clueless aci
[15:43:10] jungyyz: neprohra ceska je tutovka Clueless
[15:43:10] amigozejgyyy: *
[15:44:09] amigozejgyyy: co to je za reklamu XDDDD
[15:44:19] reallyfunnyjelly: Clueless v콢bec tohle kolo nedostala sypac칤 brig치da z Hradce 5 g칩l콢 za 10 minut, v p콢lce z치pasu u je to tutovka
[15:44:30] meugil_bot: jakou
[15:44:54] amigozejgyyy: dewalt
[15:53:30] reallyfunnyjelly: Clueless budu bruslit s pukem, nedostanu hit
[15:53:47] amigozejgyyy: dostal peknej hit no
[15:54:08] adeiikaa: borec bez zubu
[15:55:18] reallyfunnyjelly: to jsou v코ichni hokejisti, proti p콏칤klepu do huby ti je chr치ni캜 prd platn칳
[15:55:37] amigozejgyyy: dobra jedovka
[15:55:57] reallyfunnyjelly: sund치코 ko코칤k a m치코 automaticky -3 zuby
[15:56:07] amigozejgyyy: v nhlku maji vetsinou vsichni uz novy zuby no
[15:56:09] amigozejgyyy: LULE
[15:56:16] slanejcaramel: !title
[15:56:16] fossabot: @slanejcaramel, [Error: JavaScript evaluation timed out on remote server]
[15:56:36] haisetuv_poharek: @fossabot Tomfoolery
[15:56:36] slanejcaramel: huh
[15:57:06] justjerek: @slanejcaramel  16:00+- Posledn칤 캜치st 游꺓 kauzy, videjka, 18:00 B4THECLASH, mozna jeste neco co jsem zapomnel haha
[15:57:39] slanejcaramel: dik, pochopiteln캩
[15:58:21] reallyfunnyjelly: @AmigoZejgyyy no nev칤m, takov칳 Burns vypad치 쬰 je ready demonstrovat proti Fyjalov캩 drahot캩
[15:58:45] amigozejgyyy: XDDDDDDDDD
[15:58:50] xobajty99: mno uvid칤me jestli o 2 minuty dodr쮂 p콏edsevzet칤 pepeLaugh
[15:58:53] amigozejgyyy: ten to ma na styl no
[15:59:18] amigozejgyyy: pri pohledu na nej bys spis tipl bezdaka nez hrace hokeje
[16:00:08] amigozejgyyy: picovole
[16:00:09] amigozejgyyy: kundy
[16:00:10] meugil_bot: gg
[16:00:12] justjerek: gg
[16:00:15] eegumacz: gg
[16:00:20] reallyfunnyjelly: gg Alkane
[16:00:22] amigozejgyyy: treti tretina bude lepsi
[16:00:28] eegumacz: @amigozejgyyy Clueless
[16:00:28] meugil_bot: Clueless
[16:00:39] amigozejgyyy: tak budem mit zas lepsi stridacku
[16:00:40] reallyfunnyjelly: bude, alespo켿 to nebudou m칤t na st콏칤da캜ku tak daleko
[16:00:45] amigozejgyyy: no prave
[16:00:46] haiset: objednal jsem si mensi svacinku, mam hroznej hlad
[16:00:50] haiset: tak az to prijde tak to zapnu
[16:00:50] amigozejgyyy: tady nas hrozne unavujou
[16:00:59] reallyfunnyjelly: ale koledovali si o to tak posledn칤ch 5 minut
[16:00:59] haiset: zatim posilam veci z tocky a tak
[16:00:59] eegumacz: @haiset men코칤? pepeLaugh
[16:01:05] amigozejgyyy: jo nespechej koukame na HokejseT
[16:01:09] adeiikaa: Tasty
[16:01:11] pepa_mares_: jn
[16:01:14] pepa_mares_: HokejseT
[16:01:21] haiset: tak ja jak jsem vstaval pred devatou hodinou tak nejsem zvyklej mit jedno jidlo jenom na celej den zejo XD
[16:01:55] reallyfunnyjelly: NotLikeThis chud치k influencersk치 mrdka musel vst치vat p콏ed polednem
[16:02:02] amigozejgyyy: xddd
[16:02:07] haiset: nemusel
[16:02:07] haiset: cht캩l
[16:02:12] meugil_bot: classic
[16:02:16] adeiikaa: baseg
[16:02:24] nezakabude: AdeIIkaa
[16:02:27] gta125: baseg
[16:02:33] nezakabude: kde je emote
[16:02:39] random_krystufek: gg pr치v캩 jsem zh콏e코il, objednal jsem ch치lec p콏es foodoru
[16:02:45] nezakabude: adelka
[16:02:47] gta125: co znamen치 "men코칤 sva캜inka" tak 3 divo캜치ky? pepeLaugh
[16:02:47] adeiikaa: adelka
[16:02:51] amigozejgyyy: adelka
[16:02:51] adeiikaa: angy
[16:02:55] nezakabude: aha 7tv si dela srandu
[16:03:02] adeiikaa: nen칤 Ad칠lka jako Ad칠lka
[16:03:09] deelog__: adelka takhle vypadas?
[16:03:13] meugil_bot: xdddddd
[16:03:16] haisetuv_poharek: zaludTest adelka
[16:03:17] gta125: WeirdCousin
[16:03:19] deelog__: no fuuuuj BLEHHHH
[16:03:27] meugil_bot: WeirdCousin ALERT
[16:03:32] adeiikaa: @DeeLOG__ close enough
[16:03:35] gta125: xdddddd
[16:03:40] deelog__: gg
