# Start logging at 2023-12-31 20:04:52 Central Europe Standard Time
[20:04:52] connected
[20:04:53] joined channel
[20:04:54] rawen_: Sadding
[20:04:54] haiset is live!
[20:04:56] vdfhk: jak se posílají donaty na telefonu?
[20:04:58] milanmeister: gg
[20:04:59] ginahi16: jn
[20:04:59] synadix_: Sadding
[20:05:00] komornyk: Sadding
[20:05:01] market_kaa: gg
[20:05:01] interaty_: !tip
[20:05:01] streamelements: @interaty_ You can Tip to haiset using this link https://StreamElements.com/haiset/tip
[20:05:03] pawloaspaja: kde je vůbec ten bahomarův stream?
[20:05:04] haisetova_dustojnost: @HaiseT představ si Čekyho na detektoru
[20:05:06] babyybladee: xd 󠀀
[20:05:06] natyyyyylol: Xddd
[20:05:07] 1blazegame: huh
[20:05:07] deadly89_: huh
[20:05:08] robin_forreal: huh
[20:05:08] vooojtaaaa: huh
[20:05:08] verunkaaa7: xddddddd
[20:05:09] matejdenis1: huh
[20:05:09] jardazliberce: huh
[20:05:09] market_kaa: huh
[20:05:09] milanmeister: mhm
[20:05:10] flerix64: huh
[20:05:10] tiichej: xdddddd
[20:05:10] synadix_: huh
[20:05:10] davevid1: huh
[20:05:10] retr0_ii: huh
[20:05:10] matesli: xdddddddd
[20:05:11] michal1584: huh
[20:05:11] verunkaaa7: XDDDDDDDDDDDDDDDD
[20:05:11] spirpe_: huh
[20:05:11] kxngs1mon: huh
[20:05:12] greyfivenineeee: xd
[20:05:12] 0monika0: huh
[20:05:12] ginahi16: huh
[20:05:12] dessie006: huh
[20:05:12] daryy___: huh
[20:05:12] vincentpartman: huh
[20:05:13] rojalije: huh
[20:05:13] ykxra: huh
[20:05:13] hellopapagena: Právě že šance se zvýšila
[20:05:14] natyyyyylol: Huh
[20:05:14] makiisek: ?????
[20:05:14] rawen_: huh
[20:05:14] strycek_klicek: huh
[20:05:14] vooojtaaaa: xdddddd
[20:05:14] komornyk: huh
[20:05:15] wannabecz_: huh
[20:05:15] jayjay42195: XDDDDDDDD
[20:05:15] pourak: xdddddddd
[20:05:15] zoaxwastaken: omE
[20:05:15] missroooney99: :D
[20:05:15] petruskaaa7: xddddddd
[20:05:15] vatysek: xddddddddd
[20:05:16] pajacz32: mhm
[20:05:16] vercunkas: xdddd
[20:05:16] slasheerv: WW
[20:05:16] simonecek77: XDDDDDDDDDDDDDD
[20:05:16] xotomik: huh
[20:05:17] m0rgan236: huh
[20:05:17] pepa_mares_: huh
[20:05:17] f1lda91: huh
[20:05:17] whuvian: xdddddd
[20:05:18] deniiskaa_16: xdddd
[20:05:18] zlatikx: xdddddddd
[20:05:18] xotomik: huh 󠀀
[20:05:18] p3chyi: xdddd
[20:05:19] devahime: huh
[20:05:19] market_kaa: xdddddddd
[20:05:19] gg2234yes: XD
[20:05:19] spackova_: huh
[20:05:19] blackrose_cz subscribed at Tier 1.
[20:05:20] streamelements: blackrose_cz dal nového suba! Díky moc SeemsGood
[20:05:20] baruskka_: xdddddddd
[20:05:20] r1ci_: xdddddd
[20:05:20] matejdenis1: gg
[20:05:20] spirpe_: xddddddddd
[20:05:20] forkys1337: huh
[20:05:21] da_jka: xddddddd)
[20:05:21] xsira_: xdddddddddd
[20:05:21] bahomar: @pawloaspaja bude na to reagovat potom
[20:05:22] xotomik: xdddddddddddd
[20:05:22] milujurizkyy: huh
[20:05:22] mejtnnn: xdddddd 󠀀
[20:05:23] rafis26: xdddddddddddd
[20:05:23] neznybarbar: Reference
[20:05:24] kxngs1mon: xdddddddddd
[20:05:24] whuvian: Based
[20:05:24] clutchh2: xddddddddddddd
[20:05:26] synazder: huh1
[20:05:26] davevid1: xdddddddddddd
[20:05:27] gg2234yes: LUL
[20:05:27] modrookaa_: real
[20:05:27] algernonl: picp up line added
[20:05:28] synazder: huh
[20:05:30] standathewesthamfan: xddddddddd
[20:05:30] cerne_svetlo: xddddddddddddddd
[20:05:34] clutchh2: W Ser(gej)
[20:05:35] algernonl: pick up line added gg
[20:05:36] strycek_klicek: classic Sergei
[20:05:37] foxrocz: random generátor xddd
[20:05:40] bobo65: PansexualPride PansexualPride PansexualPride
[20:05:40] foxrocz: random
[20:05:40] vooojtaaaa: ser Gayge
[20:05:41] jardazliberce: jj
[20:05:42] ykxra: jj
[20:05:42] simonecek77: jo
[20:05:43] slasheerv: jj
[20:05:43] natyyyyylol: Jj
[20:05:43] dessie006: jj
[20:05:44] vatysek: jj
[20:05:44] deadly89_: jo
[20:05:44] jahodove_mlicko: jj
[20:05:44] komornyk: jj
[20:05:44] tequila_joseph_joestar_: Jj
[20:05:44] haisetova_schranka: nn
[20:05:44] dobravodavhodnanastream: jo
[20:05:45] jayjay42195: jj
[20:05:45] 0monika0: jj
[20:05:45] spackova_: jj
[20:05:45] strycek_klicek: jj
[20:05:45] verunkaaa7: ne
[20:05:45] whuvian: jj
[20:05:45] spirpe_: jj
[20:05:46] rafis26: jj
[20:05:46] greyfivenineeee: ne
[20:05:46] zoaxwastaken: nn
[20:05:46] wannabecz_: jj
[20:05:46] audaxxion: JO
[20:05:46] michal1584: nn
[20:05:46] lajkofficial: nn
[20:05:46] vooojtaaaa: jj
[20:05:46] synadix_: jj
[20:05:47] synazder: jj
[20:05:47] cerne_svetlo: jj
[20:05:47] frajerpes: jj
[20:05:47] martashrebik: jj
[20:05:47] 99aster: jj
[20:05:47] r1ci_: jj
[20:05:48] market_kaa: nn
[20:05:48] spackova_: me
[20:05:48] tomaskocze: jj
[20:05:48] barbb0ra: jj
[20:05:48] bobo65: JO
[20:05:48] aelwo: jjj
[20:05:48] hunzaofficial: Jj
[20:05:48] interaty_: xdd
[20:05:48] modrookaa_: jo
[20:05:48] pepa_mares_: jj
[20:05:48] clutchh2: jj
[20:05:48] stepanb08: ne
[20:05:49] romeocz: xdddddddddddddddddddd
[20:05:49] zlatikx: jj
[20:05:49] adella8: jj
[20:05:49] haisetova_dustojnost: jj
[20:05:49] milujurizkyy: jj
[20:05:49] najcr: jj
[20:05:49] zoaxwastaken: jj
[20:05:49] bunii666: Nn
[20:05:49] da_jka: jj
[20:05:49] varkoni: jo
[20:05:49] zaretano: jj
[20:05:49] standathewesthamfan: jj
[20:05:50] durchan: jj
[20:05:50] beran02_: jj
[20:05:50] pa7pek7: tos neslyšel o čem mluví
[20:05:50] f1lda91: jj
[20:05:50] rasteffa: Jj
[20:05:50] pawloaspaja: @haisetova_dustojnost jžš. si dělám prdel. jen mě takový dumbass momenty vždy dostanou
[20:05:50] audaxxion: ne
[20:05:50] retr0_ii: jj
[20:05:51] maybeemayaa: jj
[20:05:51] 0monika0: jo
[20:05:51] robin2281: jj
[20:05:51] johnny9787: jj
[20:05:51] nikolkaa12_: jj
[20:05:51] mamradidoma123: jj
[20:05:51] ginahi16: jj
[20:05:51] jardazliberce: mě jo
[20:05:52] vod0mlejnek: jj
[20:05:52] tomaslupicmrdka123: jj
[20:05:52] akymus: mě jo @HaiseT
[20:05:52] market_kaa: xdddd
[20:05:52] wyakyu: ano
[20:05:52] sterbovaaa: jj me
[20:05:52] makiisek: ano
[20:05:52] petrkop2: jj7
[20:05:52] arikisim: jj
[20:05:53] syandragossa: jj
[20:05:53] thebreznacek: ty jo
[20:05:53] lajkofficial: jj
[20:05:53] spackova_: jjj
[20:05:53] plebous_cz: jj
[20:05:53] dobravodavhodnanastream: jj
[20:05:53] petruskaaa7: jj
[20:05:53] sara0ya: Ano
[20:05:53] grifus03: 2
[20:05:54] st1fler_1: jj
[20:05:54] robin_forreal: treba me @HaiseT
[20:05:54] lukas1ox: ne
[20:05:54] nazurisaa: jj
[20:05:54] seba_456__: jo
[20:05:54] fishcake2507: jj
[20:05:54] market_kaa: jj Clueless
[20:05:54] uzeecs: jo
[20:05:54] bobo65: jj
[20:05:54] f1lda91: jj 󠀀
[20:05:55] tequila_joseph_joestar_: Jop
[20:05:55] top1nka1: jjj
[20:05:55] rawen_: Asi ne
[20:05:55] han1seek: yess
[20:05:55] deniiskaa_16: nn
[20:05:55] hlavaplesata: jj
[20:05:55] durchan: fr fr
[20:05:55] foxkathy: 2
[20:05:56] adella8: ne
[20:05:56] kravamilka: Jj
[20:05:56] michaelaa_xd: ne
[20:05:56] nikolkaa12_: jj 󠀀
[20:05:56] lukas1ox: ne 󠀀
[20:05:56] sv4r0g: jj
[20:05:56] lakychef: 1
[20:05:56] drvasilos: jj
[20:05:56] pourak: jj
[20:05:57] t4kodo: ty mas ted cisla takze jj
[20:05:57] xotomik: jj
[20:05:57] vooojtaaaa: me bys sbalil treba
[20:05:57] han1seek: WW
[20:05:57] mamradidoma123: 100%
[20:05:57] maky10: 2
[20:05:57] komornyk: me jo
[20:05:57] adelrubin02: jj
[20:05:57] 13lucinka13: Jj
[20:05:57] verunkaaa7: zkus mi to napsat
[20:05:58] synadix_: mě jo
[20:05:58] adagio_27: jj
[20:05:58] berru18: jj
[20:05:58] neznybarbar: Brunclu ano
[20:05:58] vercunkas: jj
[20:05:58] audaxxion: jinak jo
[20:05:58] milanmeister: Možná bys sbalil jejího tátu
[20:05:58] haisetova_schranka: pokud by to byla tvoje mama
[20:05:59] elishqa_: u mě by ti to vyšlo
[20:05:59] spirpe_: určitě jo
[20:05:59] tynkahaha: jj 󠀀
[20:05:59] tolkyyy: jj
[20:05:59] krysa_anny: Horší když odepíše "já taky"
[20:05:59] honziicek_: no nekoho urcite
[20:05:59] matesli: jj
[20:06:00] han1seek: WW 󠀀
[20:06:00] thor_anti_christ: Nn
[20:06:00] the_grinch_cz: 1
[20:06:00] zlatikx: jo
[20:06:00] gerison5: Jj
[20:06:00] xxdenisa: jjjjjj
[20:06:00] trarieth: jj
[20:06:01] rice_beer: kdybys vypadal jak Sergei
[20:06:01] shizuvyn: jj me
[20:06:01] xotomik: mě taky
[20:06:01] natyndat420: 1
[20:06:01] top1nka1: Jop
[20:06:01] soninkakre: yeees
[20:06:02] modras: Chceš na to odpověd i ode mě?
[20:06:02] prosimnemluv: okay tak to ne. první část věty ale ano
[20:06:02] dessie006: mě jo
[20:06:02] fishcake2507: mě jo
[20:06:02] rasteffa: Mě taky
[20:06:03] xxsandrusxx: ne
[20:06:03] soninkakre: mě
[20:06:03] st1fler_1: mě taky
[20:06:03] aldiscz: jj
[20:06:04] spirpe_: noa
[20:06:04] argillos: Napiš @HaiseT mě SeemsGood
[20:06:04] da_jka: jo
[20:06:04] top1nka1: mě taky
[20:06:05] strycek_klicek: Gayge
[20:06:05] maybeemayaa: mě
[20:06:05] akymus: to nevím
[20:06:05] sarisl22: ne 😀
[20:06:05] 13lucinka13: Mě j
[20:06:05] pa7pek7: on říka co bylo v textu písně
[20:06:05] kaprrrr12: jj
[20:06:05] kristyna123902: jo
[20:06:06] anett_villain: mě jo
[20:06:06] cup_woo: jj
[20:06:06] akymus: náhoda
[20:06:06] market_kaa: Gayge
[20:06:06] melkeytets_: 1 z 10ti holek
[20:06:07] andreas_898: jo určitě
[20:06:07] audaxxion: xdd
[20:06:07] haisetova_schranka: Gayge
[20:06:07] makiisek: mě
[20:06:07] pawloaspaja: @Bahomar i když jsem byl irl, hrozně rád se na to podívám znovu
[20:06:08] shizuvyn: me jo
[20:06:09] terka_w: jj
[20:06:09] small_evillul: Ne 😂😂😂
[20:06:10] martin_muc: tu kanadanku!!!
[20:06:10] heykristyy_: mňa určite
[20:06:11] bunii666: Clueless
[20:06:12] sara0ya: Muzes to zkusit u me v dms
[20:06:12] rtzk: pošle ti kontakt na tátu eShrug
[20:06:12] romeocz: bigw
[20:06:13] m0rgan236: Xdddddd
[20:06:14] clutchh2: jjj
[20:06:16] plebous_cz: pepeLaugh
[20:06:17] gg2234yes: Ne Kreygasm
[20:06:19] natyndat420: zrovna ty jo ale jinak nevim no
[20:06:20] wyakyu: @HaiseT Ano vzali by to v tom že to je vtip takže by tě považovali za vtipného :)
[20:06:21] bahomar: @pawloaspaja díky díky haisetL
[20:06:25] xotomik: xddddddddddd
[20:06:25] milanmeister: surely Copege
[20:06:27] fossabot: Nově vychází videa i na druhém kanále ( bit.ly/haisetpluss ), kde budou hlavně sestřihy ze streamů a z her :)
[20:06:29] zlatikx: xdddddd
[20:06:31] h4nz1_005 subscribed at Tier 1.
[20:06:31] streamelements: h4nz1_005 dal nového suba! Díky moc SeemsGood
[20:06:41] jardazliberce: janbruDeprese
[20:06:43] alyx_151: janbruDeprese děkuji
[20:06:47] haisetova_dustojnost: ale dobře vaří to vysvětlení
[20:06:50] opoparchant: janbruLovec
[20:07:00] vincentpartman: Mykyskooouuu
[20:07:02] walkandtalkwithus: @haiset U nějáký kundy ne, ale u nějáký kundy jo záleží.
[20:07:05] jardazliberce: pepeLaugh
[20:07:06] rawen_: haisetMonkaLaugh
[20:07:07] pataaaak: hero hero
[20:07:08] bunii666: pepeLaugh
[20:07:09] diego_z_kolonie: Zachvili ho ohne
[20:07:09] milanmeister: PauseMan
[20:07:09] haisetova_schranka: PepeLaugh
[20:07:09] synadix_: pepeLaugh
[20:07:10] zaretano: pepeLaugh
[20:07:11] babyybladee: xd
[20:07:11] pepa_mares_: pepeLaugh
[20:07:13] market_kaa: pepeLaugh
[20:07:13] bukajko1: pepeLaugh
[20:07:14] sinnus: konecne
[20:07:14] vincentpartman: Kapp
[20:07:14] davidko_ok2004: XDDDDDD
[20:07:15] davevid1: pepeLaugh
[20:07:15] zoaxwastaken: pepeLaugh
[20:07:16] mamradidoma123: pepeLaugh
[20:07:16] milanmeister: Pog
[20:07:18] fexter5: pepeLaugh
[20:07:19] spirpe_: pepeLaugh
[20:07:19] pawloaspaja: pepeLaugh
[20:07:21] synadix_: Pog
[20:07:23] darina8723: Vytesnil.
[20:07:24] slasheerv: pepeLaugh
[20:07:25] radeczekxdd: LieMeter
[20:07:26] fintickar: ahoj chat, mate nekdo pls ten klip, kde bruncla dekuje za 10 korun, diky
[20:07:27] daryy___: Paggi
[20:07:28] xotomik: pepeLaugh
[20:07:28] 0monika0: pepeLaugh
[20:07:28] jardazliberce: Ojebal detektor lži Paggi
[20:07:29] haisetova_dustojnost: v příštím díle Kuběnka a na tohlu otázku řekne ano, o co XDDD
[20:07:30] airheadcz: skoda ze se ho nezeptal vice specificky
[20:07:34] uzeecs: cap
[20:07:34] milanmeister: mhm
[20:07:34] fexter5: gg detektor nefunguje
[20:07:41] sinnus: typek se na max soustredil aby se uklidnil
[20:07:45] milanmeister: rigged detektor lži LULE
[20:07:48] princkrason13: haise ma po pordech
[20:07:51] pourak: detektor celkem nefunkční
[20:07:51] gabvignon: V te hero verzi jeste potvrdil, ze byl u Tadease na byte, ale ze tam sel za holkama. A ze litani za s**tkama ho privadi akorat do potizi. LUL
[20:07:54] haisetova_schranka: rigged detektor
[20:07:54] willywigger04: hard rico XDDD
[20:07:58] lumpajz: osobní boj v clashi? mhm
[20:07:59] met1u: FirstTimeChadder
[20:08:02] blabolek: poodplacenej detektor
[20:08:05] rice_beer: Tadeáš musí mít ted ty teplý koule až v krku
[20:08:05] meugil_bot: awaree
[20:08:06] rawen_: huh
[20:08:06] jardazliberce: xdd
[20:08:07] synadix_: FirstTimeChadder
[20:08:08] clutchh2: těžký rico
[20:08:09] market_kaa: huh
[20:08:13] simonecek77: xddddddddddddd
[20:08:13] spirpe_: xddd
[20:08:14] milanmeister: xdd
[20:08:14] alyx_151: aha
[20:08:15] daryy___: huh
[20:08:15] zlatikx: xdddd
[20:08:17] meugil_bot: xddddd
[20:08:17] xsira_: xddddddddddd
[20:08:17] rafis26: huuh
[20:08:18] clutchh2: xddddddddddd
[20:08:19] daxxikk: xdd
[20:08:21] milanmeister: NAILS
[20:08:22] market_kaa: xdddddddd
[20:08:22] davevid1: xddddddddddddd
[20:08:25] iontakk: sergei W
[20:08:26] rawen_: NAILSING
[20:08:26] clutchh2: xdddddddddd
[20:08:28] brothy3: xdddd
[20:08:30] market_kaa: NAILSING
[20:08:30] daryy___: NAILS
[20:08:32] meugil_bot: thousand yard stare
[20:08:38] synadix_: NAILS
[20:08:41] zemanuv_lalok: xdddddd
[20:08:43] zlatikx: xddddd
[20:08:43] walkandtalkwithus: @haiset Tadeáš klasicky lže ?
[20:08:44] simonecek77: :0
[20:08:44] davidko_ok2004: ??
[20:08:45] market_kaa: xddddd
[20:08:45] verunkaaa7: xdddd
[20:08:45] andreas_898: huhh
[20:08:45] haisetova_schranka: xddd
[20:08:45] synadix_: xddddddddddd
[20:08:46] daxxikk: XDDDDDD
[20:08:46] milanmeister: BasedGod ?
[20:08:46] l0ppyy: třetí?
[20:08:46] sebiik9: 5
[20:08:46] petruskaaa7: ouu
[20:08:46] babyybladee: pate
[20:08:47] spackova_: huh
[20:08:47] spirpe_: eeeh
[20:08:47] daryy___: xddddddddddddd
[20:08:47] rawen_: eeeh
[20:08:48] ykxra: xddddddddddd
[20:08:48] fajneyyy: xdddddddddddddddddd
[20:08:48] vercunkas: xddddd
[20:08:48] aezakmi_otan: xdd co
[20:08:48] stenfourtwenty: xddd
[20:08:49] clutchh2: xddddd
[20:08:49] iraqonthedragon: xdddddddddddd
[20:08:49] greenwhite07612: treti?
[20:08:49] market_kaa: huh
[20:08:49] m0rgan236: XDDDDDDD
[20:08:49] rafis26: xdddddddddd
[20:08:50] lukas1ox: tu reklamu na to hero hero mají vždycky mega dobrou xd
[20:08:50] f1lda91: xddd
[20:08:50] fexter5: c o t o m e l e
[20:08:51] vidlakparek: :O
[20:08:52] zlatikx: no
[20:08:52] areszafiros: koninka
[20:08:52] kosrhun: @gabvignon muzes pls napsat co rekl v te hero verzi ? klidne p,
[20:08:52] davevid1: xdddddddddddddd
[20:08:53] kurosu15: xDDDDDDDDDD
[20:08:54] ginahi16: eeeh
[20:08:54] winobi_: jako že byli 2 a on 3.
[20:08:54] wendula_on_top04: xddddd
[20:08:54] opoparchant: rozkuřovačka
[20:08:55] kxngs1mon: xddddddddddddd
[20:08:55] dominicc96: to je u trikolek
[20:08:55] janushaaa: xddddd
[20:08:55] jardazliberce: že měli trojku a on byl vzadu @HaiseT
[20:08:55] stenfourtwenty: no ze pichal borce a tadeas zavidel
[20:08:56] ykxra: 1 chybi
[20:08:56] da_jka: xddddd
[20:08:58] clutchh2: xdddddd
[20:08:58] mesyna_: Xdddd
[20:08:58] trekx3s: typek jezdi na třikolce
[20:08:58] trarieth: xddddd
[20:08:59] fexter5: xddddddddd
[20:08:59] meugil_bot: treba na dvjkolaku ikd
[20:08:59] bahomar: asi mluvil o vozickarich
[20:09:00] grifus03: asi byl mezi dvema
[20:09:01] simonecek77: jn
[20:09:02] zemcha: Poslechni toho Rohonyho na streamu moc prosím prosím, ani to nestopuj jen to prolítni @HaiseT
[20:09:02] jardazliberce: že měli trojku a on byl vzadu @HaiseT .
[20:09:02] verunkaaa7: jj
[20:09:03] xsira_: WW
[20:09:03] flerix64: jn
[20:09:03] hunzaofficial: Jn
[20:09:04] spirpe_: true
[20:09:04] dominik_feri1: ve trech se to lip tahne
[20:09:05] natyyyyylol: Nn
[20:09:05] berru18: lovetrio
[20:09:05] market_kaa: jn
[20:09:06] nikolkaa12_: nn
[20:09:06] kosrhun: 11111111
[20:09:06] daryy___: jn
[20:09:06] forkys1337: WW
[20:09:07] matesli: WW
[20:09:07] daxxikk: WW
[20:09:08] r1ci_: jn
[20:09:10] synadix_: WW
[20:09:10] spackova_: WW
[20:09:11] fexter5: WW
[20:09:11] ugofantozi: Suger debncu ojel gg
[20:09:11] f1lda91: jn
[20:09:12] bukajko1: WW
[20:09:12] filip_omegalul: WW
[20:09:13] market_kaa: WW
[20:09:14] adagio_27: WW
[20:09:14] daryy___: WW
[20:09:15] crueladevile_: souhlas
[20:09:15] vidlakparek: WW
[20:09:16] clutchh2: W
[20:09:16] nicol_kaaa: WW
[20:09:17] small_evillul is gifting 1 Tier 1 Subs to HaiseT's community! They've gifted a total of 1 in the channel!
[20:09:17] small_evillul gifted a Tier 1 sub to furtapanda!
[20:09:18] r1ci_: WW
[20:09:18] streamelements: furtapanda dal nového suba! Díky moc SeemsGood
[20:09:18] zemanuv_lalok: WW
[20:09:18] deadly89_: TROPICALBREEZE
[20:09:20] nel_hai: adelku
[20:09:20] jardazliberce: že měli trojku a on byl vzadu @HaiseT
[20:09:21] davevid1: WW
[20:09:24] crueladevile_: bavilo mě to po dlouhé době
[20:09:26] djlupe555: https://youtu.be/JqFuH7aE6bc?si=-EnnEQGtx4wtXOVw @HaiseT
[20:09:26] woj_ciec: O tom jsem posilal to dono more...kdo je to druhe kolo krome denci.
[20:09:27] led0vej: GoslingClap
[20:09:28] zaraashman: !subs
[20:09:28] fossabot: Tento kanál právě odebírá 1931 subíků. peepoComfy
[20:09:29] zemcha: a dáš to ne streamu někdy?
[20:09:31] pa7pek7: vůz má 2 kola a tahal ho kůň 4 kola má auto
[20:09:38] l0ppyy: Paggi
[20:09:38] ykxra: XDDDDDDDD
[20:09:39] pepa_mares_: pepeLaugh 󠀀
[20:09:40] plebous_cz: xdddddddd
[20:09:40] pawloaspaja: xDDDDDDDDDDDD
[20:09:40] zemanuv_lalok: byl no
[20:09:40] meugil_bot: pepeLaugh
[20:09:40] jayjay42195: XDDDDDDD
[20:09:40] vooojtaaaa: xdd
[20:09:41] rawen_: pepeLaugh TeaTime
[20:09:41] spirpe_: pepeLaugh
[20:09:41] ginahi16: Paggi
[20:09:42] daxxikk: xddd
[20:09:42] matesli: xddddddddddd
[20:09:42] fajneyyy: pepeLaugh
[20:09:42] market_kaa: pepeLaugh
[20:09:42] vooojtaaaa: pepeLaugh
[20:09:42] bunii666: pepeLaugh
[20:09:43] haisetova_schranka: PepeLaugh
[20:09:43] davevid1: xddddddddddddddddddddd
[20:09:43] daryy___: pepeLaugh
[20:09:43] walkandtalkwithus: @haiset Hele dalo se to čekat Tadeáš zase lže.
[20:09:43] spackova_: xddd
[20:09:44] synadix_: xdd
[20:09:44] willywigger04: XDDDDDDDDDDDDDDDDDDDDDDDDDDDDDDDDD
[20:09:45] kxngs1mon: xdddddddddddd
[20:09:45] lukas1ox: jaký je plán teď? catWait
[20:09:46] zlatikx: PauseChamp
[20:09:46] ginahi16: pepeLaugh
[20:09:46] filip_omegalul: pepeLaugh
[20:09:47] davevid1: xddddddddddddddddddd
[20:09:47] hanyd2: xdddddddddddd
[20:09:47] milanmeister: pepeLaugh
[20:09:48] kubyxbtw: gg bludak dostal sub ja ho nikdy neměl :D
[20:09:48] rice_beer: xddddddddddddd
[20:09:48] market_kaa: xdddddddddd
[20:09:49] vidlakparek: Barm Pog
[20:09:49] market_kaa: pepeLaugh
[20:09:50] michal1584: XDDDDDDDDDD
[20:09:50] synadix_: pepeLaugh
[20:09:50] clutchh2: XDDDD
[20:09:50] bukajko1: pepeLaugh
[20:09:50] enzikomasek45: xd
[20:09:51] en4ex: pepeLaugh
[20:09:51] anetkajujk: xdddddddd
[20:09:52] rawen_: Ta rtěnka na zubech :D
[20:09:52] mejtnnn: pepeLaugh
[20:09:53] zoaxwastaken: pepeLaugh
[20:09:53] walkandtalkwithus: Tadeáš lže.
[20:09:53] zaraashman: ten barman xdddddddddd
[20:09:54] peterko_2: ta rťenka xdddd
[20:09:54] velkejvilda: !stromecek
[20:09:54] anetkajujk: pepeLaugh
[20:09:54] interaty_: xdddddddddddd
[20:09:54] fossabot: @velkejvilda https://haiset.cz/advent 🎄 (stránka na mobilu bohužel nefunguje)
[20:09:54] market_kaa: xdddddddddddddd
[20:09:55] petruskaaa7: xdddddddd
[20:09:55] spirpe_: xdddddddd
[20:09:56] interaty_: xddddddddddddd
[20:09:56] andreas_898: jsi tam v komentářích @HaiseT
[20:09:56] strycek_klicek: xddddddddddddd
