# Start logging at 2024-01-01 11:36:43 Central Europe Standard Time
[11:36:43] disconnected
[11:36:43] Monday, January 1, 2024
[11:36:45] joined channel
[11:37:07] HaiseT is now offline.
[11:39:56] v_zivem_plote_nic_neni: poprvé jsem si zapl brunclu a to co tam vali na haisetose já umírám pepeLaugh
[11:40:24] pepa_mares_: jiri1893: haiset vypada ve tváři hůř než ty a to je mladej
[11:40:28] pepa_mares_: xdddddddd
[11:41:08] pepa_mares_: classic haiset je krysa janbruDeprese
[11:41:32] random_krystufek: Já ho nedávám totálně janbruDeprese
[11:42:48] tolin_ofc: !stromecek
[11:42:48] fossabot: @tolin_ofc https://haiset.cz/advent 🎄 (stránka na mobilu bohužel nefunguje)
[11:42:49] supibot: @tolin_ofc is no longer AFK: PartyHat (16h, 1m ago)
[11:43:23] luky1717: ty pico ale jako dava mu slusne
[11:43:35] pepa_mares_: classic bruncla
[11:43:45] random_krystufek: Dává, ale totálně za nic. Reálně Waffling
[11:44:04] luky1717: fr
[11:44:17] pepa_mares_: az bude mit hlad
[11:44:18] pepa_mares_: tak bude jako nejlepsi kamarad
[11:44:40] luky1717: TY PICO
[11:44:41] luky1717: CO
[11:44:44] v_zivem_plote_nic_neni: xdddddddddddd
[11:44:47] pepa_mares_: xdddddddddddddd
[11:44:52] brexyyycz: $cookie
[11:44:52] supibot: @brexyyycz finished their beauty sleep: už na to seru 💤 (9h, 44m ago)
[11:44:52] supibot: brexyyycz, Your daily cookie: You will plant the smallest seed and it will become the greatest and most mighty tree in the world.
[11:44:53] pepa_mares_: ja nevim
[11:44:56] random_krystufek: ????? Co mektá ale
[11:44:57] pepa_mares_: proste
[11:45:08] pepa_mares_: $cookie
[11:45:09] supibot: pepa_mares_, Your daily cookie: Your logical mind might try to make rational sense of the strange metaphysical ideas that are popping in and out of your head today. Some of them might be conclusions drawn from books you've been reading, but others might actually be messages from the other side.
[11:45:09] haisetuv_poharek: on je nasranej kvůli tomu že mu neposlal kebab beztak
[11:45:16] haisetuv_poharek: $cookie
[11:45:16] supibot: haisetuv_poharek, Your daily cookie: To determine whether someone is beautiful is not by looking at his/her appearance, but his/her heart.
[11:45:24] hovdyk: dlouholete pratelstvi u konce 😔
[11:45:36] pepa_mares_: 😔
[11:45:42] haisetovamama: koukal bych s vami ale musim dokoukat vcerejsi zaznam Cowol
[11:45:48] zaporakcz: nechápu proč mu ten nemocnej kokot pořád stojí za to
[11:45:54] zaporakcz: vychcanej picus jenom
[11:46:00] pepa_mares_: baseg
[11:46:05] luky1717: @haisetovamama kde na to koukas ????
[11:46:09] pepa_mares_: ajeje uz ma hlad
[11:46:28] hovdyk: si mysli ze jini tvurci s nim budou pracovat
[11:46:32] hovdyk: LULE
[11:46:44] brexyyycz: co ten bruncla je zas angry
[11:46:48] brexyyycz: se blbě vyspal nebo co?
[11:46:51] pepa_mares_: ja nevim co se mu zase stalo xdddd
[11:47:14] tajney: 0:00 Úvod 1:05 Kdo je Haiset 2:40 Začátek Příběhu - Agresivní Haiset 7:13 Domluvená schůzka 8:18 Tři kluci, kterým Haiset dluží 14:48 Konec příběhu 15:10 Dětství a život s Haisetem 24:31 1. bod - Já dlužím peníze? 25:03 2. bod - Jirka neplatil za žádné drogy? 25:23 3. bod - Já neplatím Brunclíkovi? 27:05 4. bod - Já si platím holky? 29:34 5. bod - Já jsem vyhodil Haiseta? 31:17 Finále - Haiseta další lži 32:43 Závěr
[11:47:22] zaporakcz: xddd
[11:47:27] besthero20: xDDDD
[11:47:38] brexyyycz: xdddd
[11:47:41] random_krystufek: xdddddd
[11:47:43] pepa_mares_: mhm
[11:48:40] luky1717: haisetovamama, kde koukas na ten zaznam ?
[11:48:51] haisetovamama: ckj hraju fn festival
[11:48:59] luky1717: XDD
[11:49:47] haisetuv_poharek: XDDDDDDDDDDDDDDDDDD
[11:49:54] brexyyycz: obchodní značku jo?
[11:49:55] petrkop2: Obchodní značku xdddddddd
[11:50:02] zaporakcz: ???
[11:50:05] besthero20: ???
[11:50:07] hovdyk: XDDD
[11:50:10] haisetuv_poharek: doslova tu sázku vymyslel on a nabídl 1000kč když prohraje
[11:50:11] pepa_mares_: veryCat
[11:50:12] haisetuv_poharek: a ještě je neposlal
[11:51:28] petrkop2: Chodit do zelí, no fuj
[11:51:33] random_krystufek: haisetuv_poharek Přetečeš, až toto Honza uvidí classic
[11:51:43] pepa_mares_: janbruDeprese
[11:51:46] brexyyycz: a jéje je to tu zas
[11:51:54] brexyyycz: kdy chce odejít z internetu
[11:51:54] random_krystufek: haisetuv_poharek Jakože Brunclu myslím
[11:52:00] petrkop2: Už nebude žádný fn Sadding
[11:52:05] besthero20: Sadding
[11:52:12] pepa_mares_: gg
[11:52:13] petrkop2: Dlouholeté přáteství je u konce gg
[11:52:18] spirpe_: Sadding
[11:52:33] random_krystufek: Doslova za dva dny už se bude zas kámošit pepeLaugh
[11:52:51] brexyyycz: @random_krystufek jako vždy
[11:52:59] bobthebuilder_98: bobthe42Hubert
[11:52:59] petrkop2: Bude mít hlad a přijde zpátky
[11:53:08] pepa_mares_: on ma zase jen tu svoji depresivni chvilku classic
[11:53:30] petrkop2: Novoroční depka classic
[11:53:35] random_krystufek: Bobthebuilder_98 Hele jo pepeLaugh
[11:53:46] bobthebuilder_98: copak huberte
[11:54:15] random_krystufek: Bobthebuilder_98 Dej si šunku se sýrem, jak jsem psal včera mhm
[11:54:23] zaporakcz: XDD co
[11:54:23] bobthebuilder_98: nejím šunku
[11:54:28] mr_beaverr: Wait...ono se stalo něco s Brunclou? Mám okno xd
[11:54:31] bobthebuilder_98: a sýr tu nemám
[11:54:32] zaporakcz: jaký praktiky arabských zemi
[11:56:38] haisetovamama: @luky1717, pm
[11:56:45] random_krystufek: Bobthebuilder_98 Já taky šunku nemám, ale po celém rumu mi chutnala pepeLaugh
[11:56:51] bobthebuilder_98: xdddddd
[11:56:54] bobthebuilder_98: nedivím se
[11:56:56] random_krystufek: *nejím
[11:56:59] random_krystufek: xddddd
[11:57:40] haisetuv_poharek: xdsdddd
[11:57:42] brexyyycz: @mr_beaverr zas se blbě vyspal a chce se na vše vysrat jednoduše
[11:57:50] random_krystufek: janbruDeprese zas klasicky
[11:57:53] haisetovamama: classic janbruDeprese
[11:58:04] random_krystufek: Jako každý druhý den classic
[11:58:23] haisetuv_poharek: XDDDDDDDDDDDDDDDD
[11:58:25] haisetuv_poharek: gg
[11:58:27] haisetuv_poharek: XDXDXD
[11:58:41] petrkop2: Těžká depka Aware
[11:58:42] brexyyycz: gg
[11:58:55] random_krystufek: On si jede to svoje, nenechá si promluvit do duše doslova od nikoho.
[11:58:56] hovdyk: novorocni zhrouceni
[11:59:01] haisetuv_poharek: a ted ti moderatoři co střihali ty videa Aware
[11:59:03] pawloaspaja: tpč co se mu stalo? ale jsem v podobný náladě. po vánočním chlastání mi nastal Aware moment, že začíná zkouškový. janbruDeprese
[11:59:09] tajney: jak na novej rok...
[11:59:14] random_krystufek: Z celé mojí zprávy přečte jen, že je internet zvrácený
[11:59:21] brexyyycz: stejně se vratí jako pokaždý pepeLaugh
[11:59:35] mr_beaverr: @brexyyycz classic
[11:59:38] haisetuv_poharek: Bruncla nečte knihy no
[11:59:58] standaczlp12: zitra bude rad ze mu to pujde obnovit
[12:00:01] tajney: přečíst dvě knihy za měsíc
[12:00:02] petrkop2: classic HaiseT hater
[12:00:19] haisetuv_poharek: ho nakazil mr acorn virus
[12:00:25] haisetuv_poharek: nesnáší kritiku
[12:00:26] random_krystufek: A dost ale
[12:00:27] pawloaspaja: tak ať si bruncla udělá twitch kurz. co řeší pepeLaugh
[12:00:28] haisetuv_poharek: a bere to jako hate
[12:01:04] jungyyz: yo
[12:01:04] random_krystufek: Honza mu poradí, jak má dělat náhleďáky a on řekne, že mu řekl že jsou nahovno. Mě odvezou
[12:01:27] haisetuv_poharek: njn se včera těšil na kebab a vysral se na něho
[12:01:37] haisetuv_poharek: i když bruncla nechtěl do callu
[12:02:02] haisetuv_poharek: xdddddddddddddddddddddd
[12:02:10] petrkop2: @JungyyZ yo
[12:02:21] pepa_mares_: @JungyyZ, yo
[12:02:49] brexyyycz: @random_krystufek ale on Bruncla mu ani nenapíše že chce pomoct, on si myslí že mu napíše sám od sebe
[12:02:50] thepearry: bude záznam chat?
[12:03:05] rawen_: @ThePeaRRy jj
[12:03:27] jungyyz: Rawen_ cuuuuus Cowol
[12:03:27] haisetovamama: on odebral haiset emoty
[12:03:34] thepearry: dobrá haisetL
[12:03:35] random_krystufek: brexyyycz On má totiž pocit, že se to vše točí okolo něj.
[12:03:35] haisetovamama: to ti jebe ne
[12:03:40] brexyyycz: @haisetovamama gg
[12:03:44] rawen_: @JungyyZ čuuus Cowol
[12:04:12] haisetovamama: doslova ty emoty byly nejlepsi na tom kanale
[12:04:14] haisetovamama: ja mam dost
[12:05:07] standaczlp12: co xdddddddddddd
[12:05:11] leo_supreme: supr
[12:05:13] pepa_mares_: wat
[12:05:16] zaporakcz: hhh
[12:05:20] pawloaspaja: ten čte ty komenty jak žalud
[12:05:28] luky1717: ???
[12:05:30] jungyyz: $afk prochazecka ppPoof
[12:05:30] luky1717: wat
[12:05:30] supibot: jungyyz is now AFK: prochazecka ppPoof
[12:05:37] zaporakcz: petikilo
[12:05:39] haisetuv_poharek: @pawloaspaja, njn učí se od svého mistra Mr Acorna
[12:05:46] haisetuv_poharek: přešel na stranu žaluda nejde nic
[12:05:51] luky1717: petikilo Clueless
[12:06:04] rawen_: Achjo, je mi z bruncli fakt na nic Sadding
[12:06:15] pepa_mares_: ale to je classic
[12:06:17] standaczlp12: fr Sadding
[12:06:35] dejvx_: GoodMorning aoj chat
[12:06:37] zaporakcz: doufám že se na něj Honza vysere
[12:06:41] zaporakcz: tohle je pořád
[12:06:44] rawen_: @DejvX_ čuuus Cowol
[12:06:51] dejvx_: peepoHey
[12:06:56] luky1717: Zaporakcz, fr
[12:06:59] haisetuv_poharek: Clueless spící haiset
[12:07:15] haisetovamama: Clueless
[12:07:56] haisetuv_poharek: Cinkacka + 4,87 Kč
[12:08:15] random_krystufek: A on se diví, že ochutnávka kuřecího řízku nikoho nezajímá, to není ani možný classic
[12:08:16] haisetuv_poharek: frídly
[12:08:18] pepa_mares_: xdddddddddddd
[12:08:19] haisetovamama: fämily fridly mhm
[12:08:20] random_krystufek: frídli
[12:08:22] luckyluk122: XDD
[12:08:24] standaczlp12: femily frídli
[12:08:45] haisetuv_poharek: xdddddddddddddddddddddddddddd
[12:08:45] pepa_mares_: ?
[12:08:46] rawen_: huh
[12:08:47] pepa_mares_: huh
[12:08:48] standaczlp12: wat
[12:08:53] pepa_mares_: @Rawen_, aoj haisetL
[12:08:53] pawloaspaja: huh
[12:09:02] rawen_: @pepa_mares_ ahooj haisetFrens
[12:09:09] brexyyycz: co zas waffluje
[12:09:16] haisetuv_poharek: Měl by začít chlastat a číst knihy
[12:09:17] simiiq: meow
[12:09:19] haisetuv_poharek: reformed brunclík
[12:10:16] haisetuv_poharek: ??
[12:10:17] rawen_: :D
[12:10:22] standaczlp12: :D
[12:11:01] menrisek: GoodMorning
[12:11:08] haisetovamama: ouu, hezky splouchacek catSleep https://kappa.lol/KjEep
[12:11:15] amigozejgyyy: Ale zdravim zdravim
[12:11:15] supibot: @amigozejgyyy finished their beauty sleep: chipichipichapachapa 💤 (9h, 35m ago)
[12:11:17] amigozejgyyy: dobre dopo
[12:11:26] haisetovamama: ahoj ondro ondraLaska
[12:11:28] brexyyycz: @haisetovamama JÁ JIM
[12:11:28] haisetuv_poharek: Clueless AmigoZejgyyy
[12:11:33] brexyyycz: kurva
[12:11:33] amigozejgyyy: ahoj mami ondraLaska
[12:11:38] xobajty99: Ahooooj Ondro ondraLaska
[12:11:39] amigozejgyyy: @haisetuv_poharek, ?
[12:11:51] amigozejgyyy: čaau bajtosak ondraLaska
[12:11:59] rawen_: @AmigoZejgyyy čuuus Ondro Cowol
[12:12:07] xobajty99: hezká hlasovka na začátku roku ondraLaska
[12:12:08] amigozejgyyy: čuuuuuuus Rawene 🤙
[12:12:21] amigozejgyyy: @XObajty99, jo dik ale nevim co se mi stalo s hlasem
[12:12:22] amigozejgyyy: XD
[12:12:28] pepa_mares_: čus ondra
[12:12:33] amigozejgyyy: čus Peposak
[12:12:52] xobajty99: dobrej femboy hlásek no LULE
[12:13:03] amigozejgyyy: ale ja pritom mam nejvic muzskej hlas
[12:13:21] amigozejgyyy: bohuzel jsem byl uz na mrdku a vyřvanej
[12:13:29] amigozejgyyy: @haisetuv_poharek, co Clueless ujes na me
[12:13:34] haisetovamama: wholesome hlasovka
[12:13:35] xobajty99: nevadí 😊
[12:13:36] amigozejgyyy: ty boo
[12:13:40] pepa_mares_: bwehehe
[12:13:41] haisetuv_poharek: no nevíš co se dneska stalo Clueless
[12:13:50] amigozejgyyy: kdy
[12:13:56] pepa_mares_: wat
[12:13:59] xobajty99: ???
[12:14:13] haisetuv_poharek: @amigozejgyyy u bruncly dneska
[12:14:20] amigozejgyyy: smh
[12:14:25] amigozejgyyy: co se stalo
[12:14:33] xobajty99: pohárku ty děláš neco jinačího než koukáš na Brunclu ???
[12:14:48] amigozejgyyy: spis by mi mohl rict o co jde
[12:14:51] amigozejgyyy: a ne tu delat hadanky
[12:14:53] amigozejgyyy: ty boo
[12:14:55] haisetuv_poharek: skončíl s haisetem v podstatě
[12:15:00] nezakabude: to je krásný začátek roku, pozitivní
[12:15:00] amigozejgyyy: XDDDDDDD
[12:15:02] amigozejgyyy: uz zas?
[12:15:08] amigozejgyyy: vsak se na nej furt nasira
[12:15:09] xobajty99: ohno
[12:15:09] l0ppyy: Zas mu jebe na palici a řekl, že se bude bavit s Haisetem jen přes právníky pepeLaugh
[12:15:09] amigozejgyyy: more
[12:15:23] amigozejgyyy: vsak to rika jen aby se mu honza ozval
[12:15:26] brexyyycz: pepeLaugh
[12:15:28] amigozejgyyy: a zeptal se co se deje
[12:15:32] amigozejgyyy: proste volani o pomoc
[12:15:35] l0ppyy: On se prej ozval a dostal block
[12:15:38] random_krystufek: Zas má janbruDeprese , on vychladne a bude dobrej.
[12:15:39] haisetuv_poharek: no ale ted je nasranej
[12:15:39] l0ppyy: Protože z něj máme jen prdel
[12:15:39] amigozejgyyy: nic jinyho je to naprosta troska ten clovek
[12:15:42] pepa_mares_: az bude mit hlad tak budou bff
[12:15:45] haisetuv_poharek: zrušil si yt skoro xddd
[12:15:45] pepa_mares_: classic
[12:15:50] amigozejgyyy: smh
[12:16:33] petrkop2: Přírodovědný video mhm
[12:16:45] amigozejgyyy: drahy sport ozirat se
[12:16:46] amigozejgyyy: mhm
[12:17:19] pepa_mares_: boli me hlava eeeh
[12:17:27] amigozejgyyy: haisetovamama, on precetl jen ze je tupec
[12:17:28] nezakabude: pepeLaugh třeba kennyho učtenka to potvrzuje
[12:17:28] amigozejgyyy: XDDDDDD
[12:17:30] rawen_: xddddddddddddd
[12:17:31] haisetovamama: jak jinak
[12:17:33] haisetovamama: classic
[12:17:33] amigozejgyyy: @pepa_mares_, me ne EZ
[12:17:34] pepa_mares_: xdddddddd
[12:17:34] rawen_: To neřekl xdddddd
[12:17:36] brexyyycz: xddd
[12:17:50] amigozejgyyy: ja si udelal ve 3 rano snidani vypil jsem litr vody a sel spat
[12:17:51] xobajty99: @Nezakabude, ste byli spolu ??
[12:17:56] xobajty99: voda WW
[12:18:03] haisetuv_poharek: on se ale fakt učí od petra, zrušil klipy, neumí vzít kritiku v podstatě to bere jako hate, jak říkal honza že by upravil ty náhledovky na yt a ted říká že řekl že to je nahovno.
[12:18:06] pepa_mares_: ja ted mam caj
[12:18:08] pepa_mares_: TeaTime
[12:18:09] amigozejgyyy: vzdyt to tady kurva vidim
[12:18:21] amigozejgyyy: @pepa_mares_, jo ja na nej zapomnel a vystydl mi
[12:18:22] amigozejgyyy: PoroSad
[12:18:28] pepa_mares_: gg
[12:18:29] brexyyycz: jak ten text ma velkej tyvole
[12:18:33] tentomodsjefajn: yo
[12:18:48] haisetovamama: gg
[12:18:52] nezakabude: já s nima byl jen v Brasileiru, pít jsem nešel @XObajty99
[12:18:52] standaczlp12: gg
[12:18:53] brexyyycz: gg
[12:18:54] l0ppyy: gg
[12:18:54] dejvx_: gg no
[12:18:55] saliven: gg
[12:18:55] supibot: @saliven just woke up: WhenEveryoneElseIsAchievingSomethingInTheirLifeButYouJustSitInYourRoomAllDayBeingABurdenOnSociety 💤 (7h, 30m ago)
[12:18:59] trisrtars: gg
[12:19:09] pawloaspaja: gg
[12:19:14] xobajty99: @Nezakabude, já jsem jen videl kolik dýmek dali LULE
[12:19:29] trisrtars: Bruncla n maltě haisetLaff
[12:19:35] nezakabude: každy svoji no xd
[12:19:44] trisrtars: *na
[12:19:49] xobajty99: btw videli ste co si dal Patrik za trest ??? https://kappa.lol/M6LQt
[12:19:49] haisetuv_poharek: haiset v chatu pepeLaugh
[12:20:06] standaczlp12: často hladovej
[12:20:08] standaczlp12: no jistě
[12:20:09] rawen_: Já myslím, že by měl někdo vzít brunclu do Dubaje :D
[12:20:09] brexyyycz: Haiset finally
[12:20:31] haisetuv_poharek: @HaiseT, on tě odignoruje, byl na tebe nasranej jak jsi pustil tu hlasovku na streamu a ještě neco že vytahuješ na stream
[12:20:34] rawen_: Honza se tam spawnul Paggi
[12:20:38] pepa_mares_: xdddddddddddddddd
[12:20:38] haisetovamama: ¨XD
[12:20:39] haisetuv_poharek: XDXDXXDXDDDXXDDXDX
[12:20:42] memousek: xddddd
[12:20:44] amigozejgyyy: forsenLaughingAtYou haiset
[12:20:44] pepa_mares_: ja nevim
[12:20:44] dejvx_: wtf xdd chudak honza
[12:20:45] brexyyycz: XDDDDDDDDDDDDDDDDDDDDDDDDD
[12:20:45] saliven: xddddddd
[12:20:47] xobajty99: xDDDDDDDDDDDDDDd
[12:20:50] zaporakcz: správně
[12:20:55] haisetovamama: monkaS
[12:20:57] l0ppyy: XDDDDDDDD
[12:20:58] pawloaspaja: gg 󠀀
[12:21:02] petrkop2: haisetPoharek přetekl
[12:21:04] spirpe_: bacha monkaS
[12:21:07] pepa_mares_: @haiset, LL pockej az bude mit hlad
[12:21:09] l0ppyy: Honza se zas spawnul v ten nejhorší moment fr
[12:21:09] haisetuv_poharek: XD
[12:21:10] pepa_mares_: XDDDDDDDDDDDDDD
[12:21:11] haisetuv_poharek: XDDX
[12:21:11] haisetovamama: XDDDDDDDDDDDDDDDDDDDDDDDDDDDDDD
[12:21:12] v_zivem_plote_nic_neni: xddddddddddd
[12:21:12] haisetuv_poharek: X
[12:21:12] amigozejgyyy: KRYSAK
[12:21:14] amigozejgyyy: XDDDDDDDDDDDDDDDDDDDD
[12:21:14] amigozejgyyy: XDDDDDDDDDDDDDDDDDDDD
[12:21:14] haisetuv_poharek: DXDXDXX
[12:21:14] amigozejgyyy: XDDDDDDDDDDDDDDDDDDDD
[12:21:15] luckyluk122: xddddddddddddddd
[12:21:15] spirpe_: xddddddd
[12:21:16] pepa_mares_: XDDDDDDDDDDDDDD 󠀀
[12:21:16] haisetuv_poharek: X
[12:21:16] dejvx_: Munchin krysák
[12:21:16] saliven: xdddddddddd
[12:21:16] brexyyycz: KryseT
[12:21:17] l0ppyy: Ratge
[12:21:18] amigozejgyyy: KRYSAKFN
[12:21:18] l0ppyy: XDDD
[12:21:20] xobajty99: xDDDDDDDDDDDDDDDDDDD
[12:21:20] trisrtars: xddddddd
[12:21:21] tentomodsjefajn: @HaiseT co jsi mu udělal kurva
[12:21:23] plebous_cz: GoodMorning
[12:21:23] supibot: @plebous_cz finished their beauty sleep: 🛏💤 (8h, 34m ago)
[12:21:23] tentomodsjefajn: xdd
[12:21:24] standaczlp12: miken Paggi
[12:21:25] dejvx_: miken XDD
[12:21:27] zaporakcz: KRYSAK HUBERT KTERÝ SE ODSTĚHOVAL DO PRAHY
[12:21:32] xobajty99: Co mu je zas xDDDDDDDDDDDDD
[12:21:38] l0ppyy: šplouchá mu na maják
[12:21:48] random_krystufek: @HaiseT Pičoval na tebe neuvěřitelným způsobem a prý už s tebou bude komunikovat jen přes právního zástupce. classic
[12:21:50] petrkop2: @Zaporakcz xdddddddddd
[12:21:50] pepa_mares_: @HaiseT, sere ho to, ze jsi pry poustel hlasovky
[12:21:51] plebous_cz: na co koukate Apu
[12:21:57] haisetovamama: bruncla
[12:22:01] brexyyycz: joooj
[12:22:02] plebous_cz: jejda xdddd
[12:22:08] brexyyycz: bruncla je hodně angry
[12:22:12] pepa_mares_: XDDDDDDDDDDDDDD
[12:22:27] haisetovamama: chybi mi haisetmamina emote
[12:22:27] haisetuv_poharek: plesk
[12:22:36] zaporakcz: no tak hlavně nemáte ani na lístek
[12:22:37] haisetuv_poharek: XDDDDDDDDDDDDDDDDDDDDD
[12:22:38] amigozejgyyy: v clashi
[12:22:39] zaporakcz: xdddd
[12:22:40] brexyyycz: XDDDDDDDDDDDDDDD
[12:22:40] amigozejgyyy: XDDDDDDDDDDDDDD
[12:22:40] plebous_cz: xddddddd
[12:22:42] l0ppyy: Paggi
[12:22:42] pepa_mares_: XDDDDDDDDDDDDDDDD
[12:22:42] dejvx_: bruncla angy
[12:22:43] luckyluk122: xddddddddd
[12:22:44] saliven: :0
[12:22:44] petrkop2: xddddddddddddd
[12:22:44] haisetuv_poharek: XDXDDXXDXDX
[12:22:46] plebous_cz: ??
[12:22:58] rawen_: Je mi z něj fakt na nic..
[12:23:02] l0ppyy: janbruLovec  vs haisetChin
