# Start logging at 2024-01-01 11:36:43 Central Europe Standard Time
[11:36:43] disconnected
[11:36:43] Monday, January 1, 2024
[11:36:45] joined channel
[11:37:07] ArcadeBulls is now offline.
[13:25:39] benny_: peepoWeird
[13:51:10] ArcadeBulls is live!
[13:51:46] lovecbaget: bejkJam bejkJam
[13:51:46] speedy_svk: bejkHype bejkHype bejkCute
[13:52:12] horyczech: Hoja !
[13:52:39] gamebeard: bejkLit bejkLit bejkLit
[13:52:51] strejdaklicka7: Ahoj Bullsi
[13:53:19] turop_plissken: Dobré odpoledne přeji a krásný nový rok všem
[13:53:26] strejdaklicka7: bejkPega bejkPega bejkPega bejkGG bejkGG bejkGG
[13:54:26] cocojambo23cz: dobré ráno vespolek
[13:55:00] ttomiik_: bejkHype
[13:55:26] 4rth0: Ahoj, do nového roku vše nej... bejkHype bejkHype bejkHype
[13:55:53] ituzina: bejkHype atreHype bejkHype atreHype bejkHype
[13:56:28] fery1987 subscribed at Tier 1. They've subscribed for 6 months!
[13:56:57] cada____: bejkHype
[13:57:08] bigcarlosbomber: bejkHype bejkHype bejkHype bejkHype bejkHype bejkHype bejkHype bejkHype
[13:57:15] atenrip: bejkHey gennaHI bejkHey gennaHI bejkHey gennaHI
[13:57:30] lamalokatorcz: MmmHmm
[13:57:36] flaknutejcz: peepoHappy peepoHappy peepoHappy peepoHappy peepoHappy RareParrot
[13:57:38] lamalokatorcz: MmmHmm ViolinTime
[13:57:39] tomkudrnac: bejkHype bejkHype bejkHype
[13:57:41] fanky_k1: Zdarec všem FutureMan FutureMan
[13:57:53] lamalokatorcz: MmmHmm PianoTime
[13:57:56] deckard_cain_93: BillyApprove  no nejseš ty skvělej? seš
[13:57:56] nikusarr: Dobrý den všem bejkHey bejkHey
[13:58:11] horyczech: fluffczHello gastro23Hoj akrejVira
[13:58:34] musketyrek: bejkHey bejkHype bejkLurk bejkHype bejkHey 🥩 bejk10
[13:59:25] nodikcz007: bejkLUL bejkLUL bejkLUL bejkLUL bejkLUL
[13:59:44] skalarock: bejkHey Zdur
[13:59:46] smithol1: zdravíčko
[13:59:52] kaharin_: daynaWiggle daynaWiggle daynaWiggle daynaWiggle
[14:00:24] honzakcz85: zdarec vespolek
[14:00:53] glaedrq: neni to hudba z homam4?
[14:01:12] sagicz: bejkHey pěkné odpoledne všem, šťastný nový rok bejkHype bejkHype
[14:01:29] ellpopo: stastny novy rok
[14:01:40] ellpopo: komu je blbe?
[14:01:49] smithol1: @glaedrq fantasy fair
[14:02:11] narthys_knight: bejkHype bejkHype bejkHype
[14:02:23] strejdaklicka7: bejkJam bejkJam bejkJam
[14:02:30] smithol1: DinoDance
[14:02:42] smithol1: už zase mešká LUL
[14:03:50] trens007: bejkLurk bejkLit bejkOld  bejkLit bejkOld bejkLit bejkOld bejkLit bejkOld bejkLit bejkOld bejkLurk
[14:03:56] jaymac1312: bejkHype bejkHype bejkHype
[14:04:03] loyd93: bejkHey
[14:04:42] alimthor: bejkOld
[14:05:41] hadris_theprodigy: bejkLove bejkOld bejkHype bejkHype
[14:05:43] kempoj: jak na novy rok, tak po cely rok, takze pozde LUL
[14:05:54] ellpopo: BibleThump
[14:06:46] crazyhanz_87: bejkHype bejkHype bejkHype bejkHype
[14:06:59] dooshun: MmmHmm GuitarTime
