# Start logging at 2023-12-31 20:06:32 Central Europe Standard Time
[20:06:32] joined channel
[20:06:32] arcadebulls is live!
[20:07:03] donvitocze: @Mishuge1983 Já nic, je to v druhý půlce naší otočný jednosměrky... barák vedle kumpána, kam za hodinku vyrážím LUL
[20:07:24] mishuge1983: @DonVitoCZE zlejt se zase jako prase co?! bejkOld
[20:07:25] k0folak: jo ono to fakt buvec nelaguje co
[20:07:51] k0folak: za me big performance change
[20:07:58] roach_2: za mě to jede krásně teď
[20:08:13] murtenn: xD
[20:08:14] cada____: LUL
[20:08:14] defnerius: KEKW
[20:08:15] mishuge1983: PepePoint
[20:08:24] roach_2: bejkZomb
[20:08:25] mishuge1983: mas auto na střeše
[20:08:26] skolak_cz: XD XD
[20:08:27] martaszn: aspon se neztratilo :D
[20:08:39] svejcik1: :D :D :D LUL
[20:08:53] umbra_eternal: @Mishuge1983 Na Hildryn 6K díky prime mod na štíty...A když máš Archon shardy ty modrý tak každá 150...Ta Tauforge nevím kolik dává
[20:08:54] murtenn: jump it
[20:08:55] luzga__: KEKLEO
[20:09:11] luzga__: @DarkSheepa vidíš nie som jediný
[20:09:16] icedawe: trick se spicatym kloboukem prejm :D
[20:09:22] donvitocze: @Mishuge1983 Tywoe já su kardiak po dvou infarktech, nemůžu lejt jak prase, jenom jednu lahev diplomatika nebo nějakýho podobnýho ruma KEKW
[20:09:25] shuldus: @ArcadeBulls  kladivo a přesun
[20:09:32] mishuge1983: @Umbra_Eternal no ja to mam normalne bez hry 5,2k no kdyz sem ve hre tak nejakych 6,2 myslim
[20:09:33] pepegahero: Kdyby si tuhle hru vzal do parády nějakej pořádnej dev team byla by to pecka :D
[20:09:47] mishuge1983: @DonVitoCZE prej nemuzu lejt :D
[20:10:02] umbra_eternal: @Mishuge1983 I tak je to supr
[20:10:05] skolak_cz: To nemuže každy říct  že má auto na střeše  :D :D
[20:10:14] donvitocze: @Mishuge1983 no jako neměl bych, víš jak... KEKW
[20:10:28] orlinczech: orlincHeart orlincPac
[20:10:30] mishuge1983: @Umbra_Eternal kdyz neprijde nejaka mobka co schazuje stity tak sem v pohode no :D
[20:10:38] johca: Konečně mám odznak cyberkrávy bejkPog
[20:10:40] darksheepa: @luzga__ Luzga, bež jim to tam naklikat :D :D
[20:10:44] mishuge1983: @DonVitoCZE jasne nemel bych a proto leju co to da :D
[20:10:49] jan_tulen: @DonVitoCZE takže jak carskej důstojník PepeLaugh
